{"/Users/connorpepin/Cursor/lingoleaf/src/ads/adIds.ts": {"path":"/Users/connorpepin/Cursor/lingoleaf/src/ads/adIds.ts","statementMap":{"0":{"start":{"line":11,"column":12},"end":{"line":11,"column":29}},"1":{"start":{"line":12,"column":2},"end":{"line":12,"column":58}},"2":{"start":{"line":16,"column":14},"end":{"line":16,"column":57}},"3":{"start":{"line":17,"column":18},"end":{"line":17,"column":65}},"4":{"start":{"line":18,"column":13},"end":{"line":18,"column":50}},"5":{"start":{"line":19,"column":2},"end":{"line":19,"column":30}}},"fnMap":{"0":{"name":"env","decl":{"start":{"line":10,"column":9},"end":{"line":10,"column":12}},"loc":{"start":{"line":10,"column":42},"end":{"line":13,"column":1}},"line":10},"1":{"name":"bannerUnitId","decl":{"start":{"line":15,"column":16},"end":{"line":15,"column":28}},"loc":{"start":{"line":15,"column":39},"end":{"line":20,"column":1}},"line":15}},"branchMap":{"0":{"loc":{"start":{"line":12,"column":9},"end":{"line":12,"column":57}},"type":"cond-expr","locations":[{"start":{"line":12,"column":49},"end":{"line":12,"column":50}},{"start":{"line":12,"column":53},"end":{"line":12,"column":57}}],"line":12},"1":{"loc":{"start":{"line":12,"column":9},"end":{"line":12,"column":46}},"type":"binary-expr","locations":[{"start":{"line":12,"column":9},"end":{"line":12,"column":30}},{"start":{"line":12,"column":34},"end":{"line":12,"column":46}}],"line":12},"2":{"loc":{"start":{"line":18,"column":13},"end":{"line":18,"column":50}},"type":"cond-expr","locations":[{"start":{"line":18,"column":37},"end":{"line":18,"column":40}},{"start":{"line":18,"column":43},"end":{"line":18,"column":50}}],"line":18},"3":{"loc":{"start":{"line":19,"column":9},"end":{"line":19,"column":29}},"type":"binary-expr","locations":[{"start":{"line":19,"column":9},"end":{"line":19,"column":11}},{"start":{"line":19,"column":15},"end":{"line":19,"column":29}}],"line":19}},"s":{"0":4,"1":4,"2":2,"3":2,"4":2,"5":2},"f":{"0":4,"1":2},"b":{"0":[0,4],"1":[4,0],"2":[2,0],"3":[2,2]},"_coverageSchema":"1a1c01bbd47fc00a2c39e90264f33305004495a9","hash":"08b1880b44b494372ca6fcf234329666cbd3785e"}
,"/Users/connorpepin/Cursor/lingoleaf/src/ads/buildAdRows.ts": {"path":"/Users/connorpepin/Cursor/lingoleaf/src/ads/buildAdRows.ts","statementMap":{"0":{"start":{"line":16,"column":18},"end":{"line":16,"column":55}},"1":{"start":{"line":17,"column":22},"end":{"line":17,"column":63}},"2":{"start":{"line":19,"column":36},"end":{"line":19,"column":38}},"3":{"start":{"line":20,"column":2},"end":{"line":24,"column":3}},"4":{"start":{"line":20,"column":15},"end":{"line":20,"column":16}},"5":{"start":{"line":21,"column":18},"end":{"line":21,"column":45}},"6":{"start":{"line":22,"column":20},"end":{"line":22,"column":45}},"7":{"start":{"line":23,"column":4},"end":{"line":23,"column":81}},"8":{"start":{"line":26,"column":31},"end":{"line":26,"column":33}},"9":{"start":{"line":27,"column":17},"end":{"line":27,"column":18}},"10":{"start":{"line":28,"column":16},"end":{"line":28,"column":17}},"11":{"start":{"line":29,"column":2},"end":{"line":36,"column":3}},"12":{"start":{"line":30,"column":4},"end":{"line":30,"column":16}},"13":{"start":{"line":31,"column":4},"end":{"line":31,"column":18}},"14":{"start":{"line":32,"column":4},"end":{"line":35,"column":5}},"15":{"start":{"line":33,"column":6},"end":{"line":33,"column":65}},"16":{"start":{"line":34,"column":6},"end":{"line":34,"column":19}},"17":{"start":{"line":37,"column":2},"end":{"line":37,"column":13}}},"fnMap":{"0":{"name":"buildAdRows","decl":{"start":{"line":15,"column":16},"end":{"line":15,"column":27}},"loc":{"start":{"line":15,"column":121},"end":{"line":38,"column":1}},"line":15}},"branchMap":{"0":{"loc":{"start":{"line":22,"column":20},"end":{"line":22,"column":45}},"type":"binary-expr","locations":[{"start":{"line":22,"column":20},"end":{"line":22,"column":32}},{"start":{"line":22,"column":36},"end":{"line":22,"column":45}}],"line":22},"1":{"loc":{"start":{"line":32,"column":4},"end":{"line":35,"column":5}},"type":"if","locations":[{"start":{"line":32,"column":4},"end":{"line":35,"column":5}},{"start":{},"end":{}}],"line":32}},"s":{"0":6,"1":6,"2":6,"3":6,"4":6,"5":14,"6":14,"7":14,"8":6,"9":6,"10":6,"11":6,"12":14,"13":14,"14":14,"15":6,"16":6,"17":6},"f":{"0":6},"b":{"0":[14,0],"1":[6,8]},"_coverageSchema":"1a1c01bbd47fc00a2c39e90264f33305004495a9","hash":"e863cbfe1d46f3f218a7698f86db2b218cb71cab"}
,"/Users/connorpepin/Cursor/lingoleaf/src/components/AppLoadingSplash.tsx": {"path":"/Users/connorpepin/Cursor/lingoleaf/src/components/AppLoadingSplash.tsx","statementMap":{"0":{"start":{"line":11,"column":18},"end":{"line":11,"column":20}},"1":{"start":{"line":14,"column":2},"end":{"line":29,"column":4}},"2":{"start":{"line":32,"column":15},"end":{"line":57,"column":2}}},"fnMap":{"0":{"name":"AppLoadingSplash","decl":{"start":{"line":13,"column":16},"end":{"line":13,"column":32}},"loc":{"start":{"line":13,"column":35},"end":{"line":30,"column":1}},"line":13}},"branchMap":{},"s":{"0":0,"1":0,"2":0},"f":{"0":0},"b":{}}
,"/Users/connorpepin/Cursor/lingoleaf/src/components/AuthErrorScreen.tsx": {"path":"/Users/connorpepin/Cursor/lingoleaf/src/components/AuthErrorScreen.tsx","statementMap":{"0":{"start":{"line":15,"column":36},"end":{"line":15,"column":50}},"1":{"start":{"line":16,"column":12},"end":{"line":16,"column":28}},"2":{"start":{"line":18,"column":2},"end":{"line":31,"column":4}},"3":{"start":{"line":27,"column":23},"end":{"line":27,"column":35}},"4":{"start":{"line":34,"column":15},"end":{"line":57,"column":2}}},"fnMap":{"0":{"name":"AuthErrorScreen","decl":{"start":{"line":14,"column":16},"end":{"line":14,"column":31}},"loc":{"start":{"line":14,"column":34},"end":{"line":32,"column":1}},"line":14},"1":{"name":"(anonymous_1)","decl":{"start":{"line":27,"column":17},"end":{"line":27,"column":18}},"loc":{"start":{"line":27,"column":23},"end":{"line":27,"column":35}},"line":27}},"branchMap":{"0":{"loc":{"start":{"line":22,"column":9},"end":{"line":22,"column":44}},"type":"binary-expr","locations":[{"start":{"line":22,"column":9},"end":{"line":22,"column":18}},{"start":{"line":22,"column":22},"end":{"line":22,"column":44}}],"line":22}},"s":{"0":0,"1":0,"2":0,"3":0,"4":0},"f":{"0":0,"1":0},"b":{"0":[0,0]}}
,"/Users/connorpepin/Cursor/lingoleaf/src/components/BookGridItem.tsx": {"path":"/Users/connorpepin/Cursor/lingoleaf/src/components/BookGridItem.tsx","statementMap":{"0":{"start":{"line":20,"column":34},"end":{"line":20,"column":63}},"1":{"start":{"line":22,"column":2},"end":{"line":48,"column":49}},"2":{"start":{"line":23,"column":20},"end":{"line":23,"column":25}},"3":{"start":{"line":24,"column":4},"end":{"line":44,"column":9}},"4":{"start":{"line":26,"column":6},"end":{"line":34,"column":7}},"5":{"start":{"line":27,"column":8},"end":{"line":33,"column":9}},"6":{"start":{"line":28,"column":25},"end":{"line":28,"column":66}},"7":{"start":{"line":29,"column":10},"end":{"line":29,"column":46}},"8":{"start":{"line":29,"column":26},"end":{"line":29,"column":46}},"9":{"start":{"line":30,"column":10},"end":{"line":30,"column":17}},"10":{"start":{"line":37,"column":6},"end":{"line":40,"column":7}},"11":{"start":{"line":38,"column":8},"end":{"line":38,"column":52}},"12":{"start":{"line":38,"column":24},"end":{"line":38,"column":52}},"13":{"start":{"line":39,"column":8},"end":{"line":39,"column":15}},"14":{"start":{"line":42,"column":20},"end":{"line":42,"column":59}},"15":{"start":{"line":43,"column":6},"end":{"line":43,"column":41}},"16":{"start":{"line":43,"column":22},"end":{"line":43,"column":41}},"17":{"start":{"line":45,"column":4},"end":{"line":47,"column":6}},"18":{"start":{"line":46,"column":6},"end":{"line":46,"column":23}},"19":{"start":{"line":50,"column":2},"end":{"line":72,"column":4}},"20":{"start":{"line":51,"column":62},"end":{"line":51,"column":75}},"21":{"start":{"line":75,"column":15},"end":{"line":113,"column":2}}},"fnMap":{"0":{"name":"BookGridItem","decl":{"start":{"line":19,"column":16},"end":{"line":19,"column":28}},"loc":{"start":{"line":19,"column":55},"end":{"line":73,"column":1}},"line":19},"1":{"name":"(anonymous_1)","decl":{"start":{"line":22,"column":12},"end":{"line":22,"column":13}},"loc":{"start":{"line":22,"column":18},"end":{"line":48,"column":3}},"line":22},"2":{"name":"(anonymous_2)","decl":{"start":{"line":24,"column":5},"end":{"line":24,"column":6}},"loc":{"start":{"line":24,"column":17},"end":{"line":44,"column":5}},"line":24},"3":{"name":"(anonymous_3)","decl":{"start":{"line":45,"column":11},"end":{"line":45,"column":12}},"loc":{"start":{"line":45,"column":17},"end":{"line":47,"column":5}},"line":45},"4":{"name":"(anonymous_4)","decl":{"start":{"line":51,"column":56},"end":{"line":51,"column":57}},"loc":{"start":{"line":51,"column":62},"end":{"line":51,"column":75}},"line":51}},"branchMap":{"0":{"loc":{"start":{"line":26,"column":6},"end":{"line":34,"column":7}},"type":"if","locations":[{"start":{"line":26,"column":6},"end":{"line":34,"column":7}},{"start":{},"end":{}}],"line":26},"1":{"loc":{"start":{"line":29,"column":10},"end":{"line":29,"column":46}},"type":"if","locations":[{"start":{"line":29,"column":10},"end":{"line":29,"column":46}},{"start":{},"end":{}}],"line":29},"2":{"loc":{"start":{"line":37,"column":6},"end":{"line":40,"column":7}},"type":"if","locations":[{"start":{"line":37,"column":6},"end":{"line":40,"column":7}},{"start":{},"end":{}}],"line":37},"3":{"loc":{"start":{"line":38,"column":8},"end":{"line":38,"column":52}},"type":"if","locations":[{"start":{"line":38,"column":8},"end":{"line":38,"column":52}},{"start":{},"end":{}}],"line":38},"4":{"loc":{"start":{"line":43,"column":6},"end":{"line":43,"column":41}},"type":"if","locations":[{"start":{"line":43,"column":6},"end":{"line":43,"column":41}},{"start":{},"end":{}}],"line":43},"5":{"loc":{"start":{"line":53,"column":9},"end":{"line":61,"column":9}},"type":"cond-expr","locations":[{"start":{"line":54,"column":10},"end":{"line":54,"column":91}},{"start":{"line":56,"column":10},"end":{"line":60,"column":17}}],"line":53},"6":{"loc":{"start":{"line":66,"column":7},"end":{"line":70,"column":14}},"type":"cond-expr","locations":[{"start":{"line":67,"column":8},"end":{"line":69,"column":15}},{"start":{"line":70,"column":10},"end":{"line":70,"column":14}}],"line":66}},"s":{"0":0,"1":0,"2":0,"3":0,"4":0,"5":0,"6":0,"7":0,"8":0,"9":0,"10":0,"11":0,"12":0,"13":0,"14":0,"15":0,"16":0,"17":0,"18":0,"19":0,"20":0,"21":0},"f":{"0":0,"1":0,"2":0,"3":0,"4":0},"b":{"0":[0,0],"1":[0,0],"2":[0,0],"3":[0,0],"4":[0,0],"5":[0,0],"6":[0,0]}}
,"/Users/connorpepin/Cursor/lingoleaf/src/components/BookListItem.tsx": {"path":"/Users/connorpepin/Cursor/lingoleaf/src/components/BookListItem.tsx","statementMap":{"0":{"start":{"line":17,"column":2},"end":{"line":37,"column":4}},"1":{"start":{"line":20,"column":21},"end":{"line":20,"column":34}},"2":{"start":{"line":40,"column":15},"end":{"line":70,"column":2}}},"fnMap":{"0":{"name":"BookListItem","decl":{"start":{"line":16,"column":16},"end":{"line":16,"column":28}},"loc":{"start":{"line":16,"column":55},"end":{"line":38,"column":1}},"line":16},"1":{"name":"(anonymous_1)","decl":{"start":{"line":20,"column":15},"end":{"line":20,"column":16}},"loc":{"start":{"line":20,"column":21},"end":{"line":20,"column":34}},"line":20}},"branchMap":{"0":{"loc":{"start":{"line":27,"column":9},"end":{"line":31,"column":9}},"type":"binary-expr","locations":[{"start":{"line":27,"column":9},"end":{"line":27,"column":20}},{"start":{"line":28,"column":10},"end":{"line":30,"column":17}}],"line":27},"1":{"loc":{"start":{"line":32,"column":9},"end":{"line":34,"column":9}},"type":"binary-expr","locations":[{"start":{"line":32,"column":9},"end":{"line":32,"column":25}},{"start":{"line":33,"column":10},"end":{"line":33,"column":79}}],"line":32}},"s":{"0":0,"1":0,"2":0},"f":{"0":0,"1":0},"b":{"0":[0,0],"1":[0,0]}}
,"/Users/connorpepin/Cursor/lingoleaf/src/components/BookNavigationSheet.tsx": {"path":"/Users/connorpepin/Cursor/lingoleaf/src/components/BookNavigationSheet.tsx","statementMap":{"0":{"start":{"line":65,"column":12},"end":{"line":65,"column":28}},"1":{"start":{"line":66,"column":24},"end":{"line":66,"column":52}},"2":{"start":{"line":67,"column":36},"end":{"line":67,"column":48}},"3":{"start":{"line":69,"column":2},"end":{"line":72,"column":28}},"4":{"start":{"line":70,"column":4},"end":{"line":70,"column":25}},"5":{"start":{"line":70,"column":18},"end":{"line":70,"column":25}},"6":{"start":{"line":71,"column":4},"end":{"line":71,"column":23}},"7":{"start":{"line":74,"column":2},"end":{"line":77,"column":16}},"8":{"start":{"line":75,"column":4},"end":{"line":75,"column":25}},"9":{"start":{"line":75,"column":18},"end":{"line":75,"column":25}},"10":{"start":{"line":76,"column":4},"end":{"line":76,"column":21}},"11":{"start":{"line":79,"column":25},"end":{"line":86,"column":50}},"12":{"start":{"line":80,"column":14},"end":{"line":80,"column":44}},"13":{"start":{"line":81,"column":4},"end":{"line":81,"column":36}},"14":{"start":{"line":81,"column":29},"end":{"line":81,"column":36}},"15":{"start":{"line":82,"column":4},"end":{"line":82,"column":60}},"16":{"start":{"line":82,"column":53},"end":{"line":82,"column":60}},"17":{"start":{"line":83,"column":4},"end":{"line":83,"column":18}},"18":{"start":{"line":84,"column":4},"end":{"line":84,"column":21}},"19":{"start":{"line":85,"column":4},"end":{"line":85,"column":14}},"20":{"start":{"line":88,"column":2},"end":{"line":207,"column":4}},"21":{"start":{"line":100,"column":25},"end":{"line":100,"column":43}},"22":{"start":{"line":106,"column":25},"end":{"line":106,"column":45}},"23":{"start":{"line":118,"column":68},"end":{"line":118,"column":79}},"24":{"start":{"line":118,"column":80},"end":{"line":118,"column":90}},"25":{"start":{"line":158,"column":16},"end":{"line":169,"column":35}},"26":{"start":{"line":162,"column":20},"end":{"line":162,"column":39}},"27":{"start":{"line":163,"column":20},"end":{"line":163,"column":30}},"28":{"start":{"line":181,"column":31},"end":{"line":181,"column":67}},"29":{"start":{"line":183,"column":16},"end":{"line":201,"column":23}},"30":{"start":{"line":187,"column":22},"end":{"line":187,"column":55}},"31":{"start":{"line":188,"column":22},"end":{"line":188,"column":32}},"32":{"start":{"line":198,"column":82},"end":{"line":198,"column":104}},"33":{"start":{"line":210,"column":15},"end":{"line":338,"column":2}}},"fnMap":{"0":{"name":"BookNavigationSheet","decl":{"start":{"line":50,"column":16},"end":{"line":50,"column":35}},"loc":{"start":{"line":64,"column":10},"end":{"line":208,"column":1}},"line":64},"1":{"name":"(anonymous_1)","decl":{"start":{"line":69,"column":12},"end":{"line":69,"column":13}},"loc":{"start":{"line":69,"column":18},"end":{"line":72,"column":3}},"line":69},"2":{"name":"(anonymous_2)","decl":{"start":{"line":74,"column":12},"end":{"line":74,"column":13}},"loc":{"start":{"line":74,"column":18},"end":{"line":77,"column":3}},"line":74},"3":{"name":"(anonymous_3)","decl":{"start":{"line":79,"column":37},"end":{"line":79,"column":38}},"loc":{"start":{"line":79,"column":43},"end":{"line":86,"column":3}},"line":79},"4":{"name":"(anonymous_4)","decl":{"start":{"line":100,"column":19},"end":{"line":100,"column":20}},"loc":{"start":{"line":100,"column":25},"end":{"line":100,"column":43}},"line":100},"5":{"name":"(anonymous_5)","decl":{"start":{"line":106,"column":19},"end":{"line":106,"column":20}},"loc":{"start":{"line":106,"column":25},"end":{"line":106,"column":45}},"line":106},"6":{"name":"(anonymous_6)","decl":{"start":{"line":118,"column":60},"end":{"line":118,"column":61}},"loc":{"start":{"line":118,"column":66},"end":{"line":118,"column":92}},"line":118},"7":{"name":"(anonymous_7)","decl":{"start":{"line":157,"column":27},"end":{"line":157,"column":28}},"loc":{"start":{"line":158,"column":16},"end":{"line":169,"column":35}},"line":158},"8":{"name":"(anonymous_8)","decl":{"start":{"line":161,"column":27},"end":{"line":161,"column":28}},"loc":{"start":{"line":161,"column":33},"end":{"line":164,"column":19}},"line":161},"9":{"name":"(anonymous_9)","decl":{"start":{"line":181,"column":20},"end":{"line":181,"column":21}},"loc":{"start":{"line":181,"column":31},"end":{"line":181,"column":67}},"line":181},"10":{"name":"(anonymous_10)","decl":{"start":{"line":182,"column":19},"end":{"line":182,"column":20}},"loc":{"start":{"line":183,"column":16},"end":{"line":201,"column":23}},"line":183},"11":{"name":"(anonymous_11)","decl":{"start":{"line":186,"column":29},"end":{"line":186,"column":30}},"loc":{"start":{"line":186,"column":35},"end":{"line":189,"column":21}},"line":186},"12":{"name":"(anonymous_12)","decl":{"start":{"line":198,"column":76},"end":{"line":198,"column":77}},"loc":{"start":{"line":198,"column":82},"end":{"line":198,"column":104}},"line":198}},"branchMap":{"0":{"loc":{"start":{"line":52,"column":2},"end":{"line":52,"column":25}},"type":"default-arg","locations":[{"start":{"line":52,"column":15},"end":{"line":52,"column":25}}],"line":52},"1":{"loc":{"start":{"line":56,"column":2},"end":{"line":56,"column":17}},"type":"default-arg","locations":[{"start":{"line":56,"column":15},"end":{"line":56,"column":17}}],"line":56},"2":{"loc":{"start":{"line":57,"column":2},"end":{"line":57,"column":19}},"type":"default-arg","locations":[{"start":{"line":57,"column":14},"end":{"line":57,"column":19}}],"line":57},"3":{"loc":{"start":{"line":70,"column":4},"end":{"line":70,"column":25}},"type":"if","locations":[{"start":{"line":70,"column":4},"end":{"line":70,"column":25}},{"start":{},"end":{}}],"line":70},"4":{"loc":{"start":{"line":75,"column":4},"end":{"line":75,"column":25}},"type":"if","locations":[{"start":{"line":75,"column":4},"end":{"line":75,"column":25}},{"start":{},"end":{}}],"line":75},"5":{"loc":{"start":{"line":81,"column":4},"end":{"line":81,"column":36}},"type":"if","locations":[{"start":{"line":81,"column":4},"end":{"line":81,"column":36}},{"start":{},"end":{}}],"line":81},"6":{"loc":{"start":{"line":82,"column":4},"end":{"line":82,"column":60}},"type":"if","locations":[{"start":{"line":82,"column":4},"end":{"line":82,"column":60}},{"start":{},"end":{}}],"line":82},"7":{"loc":{"start":{"line":82,"column":8},"end":{"line":82,"column":51}},"type":"binary-expr","locations":[{"start":{"line":82,"column":8},"end":{"line":82,"column":22}},{"start":{"line":82,"column":27},"end":{"line":82,"column":32}},{"start":{"line":82,"column":36},"end":{"line":82,"column":50}}],"line":82},"8":{"loc":{"start":{"line":99,"column":30},"end":{"line":99,"column":74}},"type":"cond-expr","locations":[{"start":{"line":99,"column":51},"end":{"line":99,"column":67}},{"start":{"line":99,"column":70},"end":{"line":99,"column":74}}],"line":99},"9":{"loc":{"start":{"line":102,"column":40},"end":{"line":102,"column":88}},"type":"cond-expr","locations":[{"start":{"line":102,"column":61},"end":{"line":102,"column":81}},{"start":{"line":102,"column":84},"end":{"line":102,"column":88}}],"line":102},"10":{"loc":{"start":{"line":105,"column":30},"end":{"line":105,"column":76}},"type":"cond-expr","locations":[{"start":{"line":105,"column":53},"end":{"line":105,"column":69}},{"start":{"line":105,"column":72},"end":{"line":105,"column":76}}],"line":105},"11":{"loc":{"start":{"line":108,"column":40},"end":{"line":108,"column":90}},"type":"cond-expr","locations":[{"start":{"line":108,"column":63},"end":{"line":108,"column":83}},{"start":{"line":108,"column":86},"end":{"line":108,"column":90}}],"line":108},"12":{"loc":{"start":{"line":114,"column":7},"end":{"line":205,"column":7}},"type":"cond-expr","locations":[{"start":{"line":115,"column":8},"end":{"line":173,"column":11}},{"start":{"line":175,"column":8},"end":{"line":204,"column":21}}],"line":114},"13":{"loc":{"start":{"line":116,"column":11},"end":{"line":121,"column":18}},"type":"cond-expr","locations":[{"start":{"line":117,"column":12},"end":{"line":120,"column":15}},{"start":{"line":121,"column":14},"end":{"line":121,"column":18}}],"line":116},"14":{"loc":{"start":{"line":116,"column":11},"end":{"line":116,"column":32}},"type":"binary-expr","locations":[{"start":{"line":116,"column":11},"end":{"line":116,"column":20}},{"start":{"line":116,"column":24},"end":{"line":116,"column":32}}],"line":116},"15":{"loc":{"start":{"line":124,"column":13},"end":{"line":126,"column":42}},"type":"cond-expr","locations":[{"start":{"line":125,"column":16},"end":{"line":125,"column":81}},{"start":{"line":126,"column":16},"end":{"line":126,"column":42}}],"line":124},"16":{"loc":{"start":{"line":124,"column":13},"end":{"line":124,"column":46}},"type":"binary-expr","locations":[{"start":{"line":124,"column":13},"end":{"line":124,"column":27}},{"start":{"line":124,"column":31},"end":{"line":124,"column":46}}],"line":124},"17":{"loc":{"start":{"line":134,"column":27},"end":{"line":134,"column":112}},"type":"cond-expr","locations":[{"start":{"line":134,"column":44},"end":{"line":134,"column":88}},{"start":{"line":134,"column":91},"end":{"line":134,"column":112}}],"line":134},"18":{"loc":{"start":{"line":154,"column":13},"end":{"line":171,"column":13}},"type":"cond-expr","locations":[{"start":{"line":155,"column":14},"end":{"line":155,"column":74}},{"start":{"line":157,"column":14},"end":{"line":170,"column":16}}],"line":154},"19":{"loc":{"start":{"line":167,"column":21},"end":{"line":167,"column":61}},"type":"binary-expr","locations":[{"start":{"line":167,"column":21},"end":{"line":167,"column":28}},{"start":{"line":167,"column":32},"end":{"line":167,"column":61}}],"line":167},"20":{"loc":{"start":{"line":176,"column":11},"end":{"line":203,"column":11}},"type":"cond-expr","locations":[{"start":{"line":177,"column":12},"end":{"line":177,"column":74}},{"start":{"line":179,"column":12},"end":{"line":202,"column":16}}],"line":176},"21":{"loc":{"start":{"line":181,"column":31},"end":{"line":181,"column":67}},"type":"cond-expr","locations":[{"start":{"line":181,"column":61},"end":{"line":181,"column":62}},{"start":{"line":181,"column":65},"end":{"line":181,"column":67}}],"line":181},"22":{"loc":{"start":{"line":192,"column":23},"end":{"line":192,"column":87}},"type":"cond-expr","locations":[{"start":{"line":192,"column":67},"end":{"line":192,"column":81}},{"start":{"line":192,"column":84},"end":{"line":192,"column":87}}],"line":192},"23":{"loc":{"start":{"line":192,"column":23},"end":{"line":192,"column":64}},"type":"binary-expr","locations":[{"start":{"line":192,"column":23},"end":{"line":192,"column":37}},{"start":{"line":192,"column":41},"end":{"line":192,"column":64}}],"line":192}},"s":{"0":0,"1":0,"2":0,"3":0,"4":0,"5":0,"6":0,"7":0,"8":0,"9":0,"10":0,"11":0,"12":0,"13":0,"14":0,"15":0,"16":0,"17":0,"18":0,"19":0,"20":0,"21":0,"22":0,"23":0,"24":0,"25":0,"26":0,"27":0,"28":0,"29":0,"30":0,"31":0,"32":0,"33":0},"f":{"0":0,"1":0,"2":0,"3":0,"4":0,"5":0,"6":0,"7":0,"8":0,"9":0,"10":0,"11":0,"12":0},"b":{"0":[0],"1":[0],"2":[0],"3":[0,0],"4":[0,0],"5":[0,0],"6":[0,0],"7":[0,0,0],"8":[0,0],"9":[0,0],"10":[0,0],"11":[0,0],"12":[0,0],"13":[0,0],"14":[0,0],"15":[0,0],"16":[0,0],"17":[0,0],"18":[0,0],"19":[0,0],"20":[0,0],"21":[0,0],"22":[0,0],"23":[0,0]}}
,"/Users/connorpepin/Cursor/lingoleaf/src/components/EmptyState.tsx": {"path":"/Users/connorpepin/Cursor/lingoleaf/src/components/EmptyState.tsx","statementMap":{"0":{"start":{"line":15,"column":2},"end":{"line":19,"column":4}},"1":{"start":{"line":22,"column":15},"end":{"line":34,"column":2}}},"fnMap":{"0":{"name":"EmptyState","decl":{"start":{"line":14,"column":16},"end":{"line":14,"column":26}},"loc":{"start":{"line":14,"column":47},"end":{"line":20,"column":1}},"line":14}},"branchMap":{},"s":{"0":2,"1":1},"f":{"0":2},"b":{},"_coverageSchema":"1a1c01bbd47fc00a2c39e90264f33305004495a9","hash":"9866cfd04a43e92168ffd877e8ff269c8e9c0a5f"}
,"/Users/connorpepin/Cursor/lingoleaf/src/components/FlashcardSettingsModal.tsx": {"path":"/Users/connorpepin/Cursor/lingoleaf/src/components/FlashcardSettingsModal.tsx","statementMap":{"0":{"start":{"line":40,"column":2},"end":{"line":40,"column":29}},"1":{"start":{"line":40,"column":14},"end":{"line":40,"column":29}},"2":{"start":{"line":41,"column":2},"end":{"line":41,"column":51}},"3":{"start":{"line":41,"column":19},"end":{"line":41,"column":51}},"4":{"start":{"line":42,"column":2},"end":{"line":42,"column":41}},"5":{"start":{"line":52,"column":19},"end":{"line":52,"column":33}},"6":{"start":{"line":53,"column":23},"end":{"line":53,"column":62}},"7":{"start":{"line":53,"column":47},"end":{"line":53,"column":61}},"8":{"start":{"line":54,"column":12},"end":{"line":54,"column":28}},"9":{"start":{"line":66,"column":6},"end":{"line":66,"column":33}},"10":{"start":{"line":68,"column":2},"end":{"line":70,"column":36}},"11":{"start":{"line":69,"column":4},"end":{"line":69,"column":47}},"12":{"start":{"line":69,"column":25},"end":{"line":69,"column":47}},"13":{"start":{"line":72,"column":22},"end":{"line":85,"column":3}},"14":{"start":{"line":73,"column":4},"end":{"line":83,"column":5}},"15":{"start":{"line":74,"column":16},"end":{"line":74,"column":52}},"16":{"start":{"line":75,"column":6},"end":{"line":82,"column":9}},"17":{"start":{"line":84,"column":4},"end":{"line":84,"column":14}},"18":{"start":{"line":87,"column":2},"end":{"line":250,"column":4}},"19":{"start":{"line":135,"column":38},"end":{"line":135,"column":66}},"20":{"start":{"line":158,"column":38},"end":{"line":158,"column":71}},"21":{"start":{"line":181,"column":38},"end":{"line":181,"column":71}},"22":{"start":{"line":204,"column":38},"end":{"line":204,"column":71}},"23":{"start":{"line":227,"column":38},"end":{"line":227,"column":78}},"24":{"start":{"line":253,"column":15},"end":{"line":360,"column":2}}},"fnMap":{"0":{"name":"formatMinutes","decl":{"start":{"line":39,"column":9},"end":{"line":39,"column":22}},"loc":{"start":{"line":39,"column":42},"end":{"line":43,"column":1}},"line":39},"1":{"name":"FlashcardSettingsModal","decl":{"start":{"line":45,"column":16},"end":{"line":45,"column":38}},"loc":{"start":{"line":51,"column":10},"end":{"line":251,"column":1}},"line":51},"2":{"name":"(anonymous_2)","decl":{"start":{"line":53,"column":40},"end":{"line":53,"column":41}},"loc":{"start":{"line":53,"column":47},"end":{"line":53,"column":61}},"line":53},"3":{"name":"(anonymous_3)","decl":{"start":{"line":68,"column":12},"end":{"line":68,"column":13}},"loc":{"start":{"line":68,"column":18},"end":{"line":70,"column":3}},"line":68},"4":{"name":"(anonymous_4)","decl":{"start":{"line":72,"column":22},"end":{"line":72,"column":23}},"loc":{"start":{"line":72,"column":34},"end":{"line":85,"column":3}},"line":72},"5":{"name":"(anonymous_5)","decl":{"start":{"line":135,"column":31},"end":{"line":135,"column":32}},"loc":{"start":{"line":135,"column":38},"end":{"line":135,"column":66}},"line":135},"6":{"name":"(anonymous_6)","decl":{"start":{"line":158,"column":31},"end":{"line":158,"column":32}},"loc":{"start":{"line":158,"column":38},"end":{"line":158,"column":71}},"line":158},"7":{"name":"(anonymous_7)","decl":{"start":{"line":181,"column":31},"end":{"line":181,"column":32}},"loc":{"start":{"line":181,"column":38},"end":{"line":181,"column":71}},"line":181},"8":{"name":"(anonymous_8)","decl":{"start":{"line":204,"column":31},"end":{"line":204,"column":32}},"loc":{"start":{"line":204,"column":38},"end":{"line":204,"column":71}},"line":204},"9":{"name":"(anonymous_9)","decl":{"start":{"line":227,"column":31},"end":{"line":227,"column":32}},"loc":{"start":{"line":227,"column":38},"end":{"line":227,"column":78}},"line":227}},"branchMap":{"0":{"loc":{"start":{"line":40,"column":2},"end":{"line":40,"column":29}},"type":"if","locations":[{"start":{"line":40,"column":2},"end":{"line":40,"column":29}},{"start":{},"end":{}}],"line":40},"1":{"loc":{"start":{"line":41,"column":2},"end":{"line":41,"column":51}},"type":"if","locations":[{"start":{"line":41,"column":2},"end":{"line":41,"column":51}},{"start":{},"end":{}}],"line":41},"2":{"loc":{"start":{"line":69,"column":4},"end":{"line":69,"column":47}},"type":"if","locations":[{"start":{"line":69,"column":4},"end":{"line":69,"column":47}},{"start":{},"end":{}}],"line":69},"3":{"loc":{"start":{"line":69,"column":8},"end":{"line":69,"column":23}},"type":"binary-expr","locations":[{"start":{"line":69,"column":8},"end":{"line":69,"column":15}},{"start":{"line":69,"column":19},"end":{"line":69,"column":23}}],"line":69},"4":{"loc":{"start":{"line":73,"column":4},"end":{"line":83,"column":5}},"type":"if","locations":[{"start":{"line":73,"column":4},"end":{"line":83,"column":5}},{"start":{},"end":{}}],"line":73},"5":{"loc":{"start":{"line":102,"column":17},"end":{"line":104,"column":60}},"type":"cond-expr","locations":[{"start":{"line":103,"column":20},"end":{"line":103,"column":60}},{"start":{"line":104,"column":20},"end":{"line":104,"column":60}}],"line":102},"6":{"loc":{"start":{"line":236,"column":9},"end":{"line":247,"column":16}},"type":"cond-expr","locations":[{"start":{"line":237,"column":10},"end":{"line":246,"column":17}},{"start":{"line":247,"column":12},"end":{"line":247,"column":16}}],"line":236}},"s":{"0":0,"1":0,"2":0,"3":0,"4":0,"5":0,"6":0,"7":0,"8":0,"9":0,"10":0,"11":0,"12":0,"13":0,"14":0,"15":0,"16":0,"17":0,"18":0,"19":0,"20":0,"21":0,"22":0,"23":0,"24":0},"f":{"0":0,"1":0,"2":0,"3":0,"4":0,"5":0,"6":0,"7":0,"8":0,"9":0},"b":{"0":[0,0],"1":[0,0],"2":[0,0],"3":[0,0],"4":[0,0],"5":[0,0],"6":[0,0]}}
,"/Users/connorpepin/Cursor/lingoleaf/src/components/HighlightActionPopup.tsx": {"path":"/Users/connorpepin/Cursor/lingoleaf/src/components/HighlightActionPopup.tsx","statementMap":{"0":{"start":{"line":18,"column":52},"end":{"line":22,"column":1}},"1":{"start":{"line":44,"column":55},"end":{"line":44,"column":79}},"2":{"start":{"line":45,"column":20},"end":{"line":45,"column":23}},"3":{"start":{"line":46,"column":25},"end":{"line":46,"column":27}},"4":{"start":{"line":47,"column":21},"end":{"line":47,"column":37}},"5":{"start":{"line":48,"column":12},"end":{"line":48,"column":14}},"6":{"start":{"line":49,"column":19},"end":{"line":49,"column":20}},"7":{"start":{"line":50,"column":14},"end":{"line":50,"column":15}},"8":{"start":{"line":52,"column":64},"end":{"line":56,"column":1}},"9":{"start":{"line":58,"column":35},"end":{"line":58,"column":37}},"10":{"start":{"line":74,"column":12},"end":{"line":74,"column":28}},"11":{"start":{"line":75,"column":32},"end":{"line":75,"column":87}},"12":{"start":{"line":76,"column":27},"end":{"line":76,"column":111}},"13":{"start":{"line":78,"column":19},"end":{"line":121,"column":55}},"14":{"start":{"line":79,"column":4},"end":{"line":85,"column":5}},"15":{"start":{"line":80,"column":6},"end":{"line":84,"column":8}},"16":{"start":{"line":87,"column":15},"end":{"line":87,"column":35}},"17":{"start":{"line":88,"column":15},"end":{"line":88,"column":35}},"18":{"start":{"line":89,"column":36},"end":{"line":89,"column":51}},"19":{"start":{"line":90,"column":20},"end":{"line":90,"column":38}},"20":{"start":{"line":91,"column":19},"end":{"line":91,"column":25}},"21":{"start":{"line":92,"column":22},"end":{"line":92,"column":37}},"22":{"start":{"line":94,"column":15},"end":{"line":94,"column":40}},"23":{"start":{"line":95,"column":4},"end":{"line":95,"column":79}},"24":{"start":{"line":97,"column":23},"end":{"line":97,"column":58}},"25":{"start":{"line":98,"column":23},"end":{"line":98,"column":29}},"26":{"start":{"line":99,"column":23},"end":{"line":99,"column":48}},"27":{"start":{"line":101,"column":42},"end":{"line":101,"column":50}},"28":{"start":{"line":103,"column":26},"end":{"line":103,"column":61}},"29":{"start":{"line":105,"column":33},"end":{"line":105,"column":49}},"30":{"start":{"line":106,"column":4},"end":{"line":116,"column":5}},"31":{"start":{"line":107,"column":6},"end":{"line":107,"column":57}},"32":{"start":{"line":108,"column":6},"end":{"line":108,"column":31}},"33":{"start":{"line":109,"column":11},"end":{"line":116,"column":5}},"34":{"start":{"line":111,"column":6},"end":{"line":111,"column":41}},"35":{"start":{"line":112,"column":6},"end":{"line":112,"column":28}},"36":{"start":{"line":114,"column":6},"end":{"line":114,"column":74}},"37":{"start":{"line":115,"column":6},"end":{"line":115,"column":31}},"38":{"start":{"line":118,"column":4},"end":{"line":118,"column":96}},"39":{"start":{"line":120,"column":4},"end":{"line":120,"column":40}},"40":{"start":{"line":123,"column":2},"end":{"line":123,"column":28}},"41":{"start":{"line":123,"column":16},"end":{"line":123,"column":28}},"42":{"start":{"line":125,"column":23},"end":{"line":130,"column":3}},"43":{"start":{"line":132,"column":2},"end":{"line":189,"column":4}},"44":{"start":{"line":167,"column":29},"end":{"line":167,"column":55}},"45":{"start":{"line":168,"column":30},"end":{"line":168,"column":52}},"46":{"start":{"line":169,"column":12},"end":{"line":177,"column":14}},"47":{"start":{"line":173,"column":31},"end":{"line":173,"column":55}},"48":{"start":{"line":192,"column":20},"end":{"line":192,"column":22}},"49":{"start":{"line":194,"column":15},"end":{"line":329,"column":2}}},"fnMap":{"0":{"name":"HighlightActionPopup","decl":{"start":{"line":60,"column":16},"end":{"line":60,"column":36}},"loc":{"start":{"line":73,"column":10},"end":{"line":190,"column":1}},"line":73},"1":{"name":"(anonymous_1)","decl":{"start":{"line":78,"column":27},"end":{"line":78,"column":28}},"loc":{"start":{"line":78,"column":33},"end":{"line":121,"column":3}},"line":78},"2":{"name":"(anonymous_2)","decl":{"start":{"line":166,"column":29},"end":{"line":166,"column":30}},"loc":{"start":{"line":166,"column":38},"end":{"line":178,"column":11}},"line":166},"3":{"name":"(anonymous_3)","decl":{"start":{"line":173,"column":25},"end":{"line":173,"column":26}},"loc":{"start":{"line":173,"column":31},"end":{"line":173,"column":55}},"line":173}},"branchMap":{"0":{"loc":{"start":{"line":67,"column":2},"end":{"line":67,"column":21}},"type":"default-arg","locations":[{"start":{"line":67,"column":16},"end":{"line":67,"column":21}}],"line":67},"1":{"loc":{"start":{"line":75,"column":40},"end":{"line":75,"column":86}},"type":"binary-expr","locations":[{"start":{"line":75,"column":40},"end":{"line":75,"column":52}},{"start":{"line":75,"column":57},"end":{"line":75,"column":68}},{"start":{"line":75,"column":72},"end":{"line":75,"column":85}}],"line":75},"2":{"loc":{"start":{"line":76,"column":43},"end":{"line":76,"column":110}},"type":"cond-expr","locations":[{"start":{"line":76,"column":67},"end":{"line":76,"column":106}},{"start":{"line":76,"column":109},"end":{"line":76,"column":110}}],"line":76},"3":{"loc":{"start":{"line":79,"column":4},"end":{"line":85,"column":5}},"type":"if","locations":[{"start":{"line":79,"column":4},"end":{"line":85,"column":5}},{"start":{},"end":{}}],"line":79},"4":{"loc":{"start":{"line":87,"column":15},"end":{"line":87,"column":35}},"type":"binary-expr","locations":[{"start":{"line":87,"column":15},"end":{"line":87,"column":30}},{"start":{"line":87,"column":34},"end":{"line":87,"column":35}}],"line":87},"5":{"loc":{"start":{"line":88,"column":15},"end":{"line":88,"column":35}},"type":"binary-expr","locations":[{"start":{"line":88,"column":15},"end":{"line":88,"column":30}},{"start":{"line":88,"column":34},"end":{"line":88,"column":35}}],"line":88},"6":{"loc":{"start":{"line":106,"column":4},"end":{"line":116,"column":5}},"type":"if","locations":[{"start":{"line":106,"column":4},"end":{"line":116,"column":5}},{"start":{"line":109,"column":11},"end":{"line":116,"column":5}}],"line":106},"7":{"loc":{"start":{"line":109,"column":11},"end":{"line":116,"column":5}},"type":"if","locations":[{"start":{"line":109,"column":11},"end":{"line":116,"column":5}},{"start":{"line":113,"column":11},"end":{"line":116,"column":5}}],"line":109},"8":{"loc":{"start":{"line":123,"column":2},"end":{"line":123,"column":28}},"type":"if","locations":[{"start":{"line":123,"column":2},"end":{"line":123,"column":28}},{"start":{},"end":{}}],"line":123},"9":{"loc":{"start":{"line":127,"column":4},"end":{"line":127,"column":54}},"type":"binary-expr","locations":[{"start":{"line":127,"column":4},"end":{"line":127,"column":25}},{"start":{"line":127,"column":29},"end":{"line":127,"column":54}}],"line":127},"10":{"loc":{"start":{"line":128,"column":4},"end":{"line":128,"column":71}},"type":"binary-expr","locations":[{"start":{"line":128,"column":4},"end":{"line":128,"column":39}},{"start":{"line":128,"column":43},"end":{"line":128,"column":71}}],"line":128},"11":{"loc":{"start":{"line":129,"column":4},"end":{"line":129,"column":65}},"type":"binary-expr","locations":[{"start":{"line":129,"column":4},"end":{"line":129,"column":36}},{"start":{"line":129,"column":40},"end":{"line":129,"column":65}}],"line":129},"12":{"loc":{"start":{"line":137,"column":9},"end":{"line":137,"column":77}},"type":"binary-expr","locations":[{"start":{"line":137,"column":9},"end":{"line":137,"column":41}},{"start":{"line":137,"column":45},"end":{"line":137,"column":77}}],"line":137},"13":{"loc":{"start":{"line":138,"column":9},"end":{"line":164,"column":9}},"type":"binary-expr","locations":[{"start":{"line":138,"column":9},"end":{"line":138,"column":30}},{"start":{"line":139,"column":10},"end":{"line":163,"column":17}}],"line":138},"14":{"loc":{"start":{"line":141,"column":13},"end":{"line":162,"column":20}},"type":"cond-expr","locations":[{"start":{"line":142,"column":14},"end":{"line":149,"column":17}},{"start":{"line":150,"column":16},"end":{"line":162,"column":20}}],"line":141},"15":{"loc":{"start":{"line":141,"column":13},"end":{"line":141,"column":54}},"type":"binary-expr","locations":[{"start":{"line":141,"column":13},"end":{"line":141,"column":32}},{"start":{"line":141,"column":36},"end":{"line":141,"column":54}}],"line":141},"16":{"loc":{"start":{"line":144,"column":17},"end":{"line":148,"column":17}},"type":"binary-expr","locations":[{"start":{"line":144,"column":17},"end":{"line":144,"column":30}},{"start":{"line":145,"column":18},"end":{"line":147,"column":30}}],"line":144},"17":{"loc":{"start":{"line":150,"column":16},"end":{"line":162,"column":20}},"type":"cond-expr","locations":[{"start":{"line":151,"column":14},"end":{"line":161,"column":26}},{"start":{"line":162,"column":16},"end":{"line":162,"column":20}}],"line":150},"18":{"loc":{"start":{"line":156,"column":17},"end":{"line":160,"column":17}},"type":"cond-expr","locations":[{"start":{"line":157,"column":18},"end":{"line":157,"column":75}},{"start":{"line":159,"column":18},"end":{"line":159,"column":89}}],"line":156},"19":{"loc":{"start":{"line":172,"column":74},"end":{"line":172,"column":112}},"type":"binary-expr","locations":[{"start":{"line":172,"column":74},"end":{"line":172,"column":82}},{"start":{"line":172,"column":86},"end":{"line":172,"column":112}}],"line":172},"20":{"loc":{"start":{"line":175,"column":17},"end":{"line":175,"column":87}},"type":"cond-expr","locations":[{"start":{"line":175,"column":28},"end":{"line":175,"column":80}},{"start":{"line":175,"column":83},"end":{"line":175,"column":87}}],"line":175},"21":{"loc":{"start":{"line":186,"column":9},"end":{"line":186,"column":83}},"type":"binary-expr","locations":[{"start":{"line":186,"column":9},"end":{"line":186,"column":44}},{"start":{"line":186,"column":48},"end":{"line":186,"column":83}}],"line":186}},"s":{"0":0,"1":0,"2":0,"3":0,"4":0,"5":0,"6":0,"7":0,"8":0,"9":0,"10":0,"11":0,"12":0,"13":0,"14":0,"15":0,"16":0,"17":0,"18":0,"19":0,"20":0,"21":0,"22":0,"23":0,"24":0,"25":0,"26":0,"27":0,"28":0,"29":0,"30":0,"31":0,"32":0,"33":0,"34":0,"35":0,"36":0,"37":0,"38":0,"39":0,"40":0,"41":0,"42":0,"43":0,"44":0,"45":0,"46":0,"47":0,"48":0,"49":0},"f":{"0":0,"1":0,"2":0,"3":0},"b":{"0":[0],"1":[0,0,0],"2":[0,0],"3":[0,0],"4":[0,0],"5":[0,0],"6":[0,0],"7":[0,0],"8":[0,0],"9":[0,0],"10":[0,0],"11":[0,0],"12":[0,0],"13":[0,0],"14":[0,0],"15":[0,0],"16":[0,0],"17":[0,0],"18":[0,0],"19":[0,0],"20":[0,0],"21":[0,0]}}
,"/Users/connorpepin/Cursor/lingoleaf/src/components/LibraryHeader.tsx": {"path":"/Users/connorpepin/Cursor/lingoleaf/src/components/LibraryHeader.tsx","statementMap":{"0":{"start":{"line":45,"column":12},"end":{"line":45,"column":28}},"1":{"start":{"line":46,"column":46},"end":{"line":46,"column":61}},"2":{"start":{"line":47,"column":60},"end":{"line":47,"column":75}},"3":{"start":{"line":48,"column":58},"end":{"line":48,"column":73}},"4":{"start":{"line":49,"column":52},"end":{"line":49,"column":74}},"5":{"start":{"line":50,"column":62},"end":{"line":50,"column":84}},"6":{"start":{"line":51,"column":48},"end":{"line":51,"column":63}},"7":{"start":{"line":52,"column":50},"end":{"line":52,"column":65}},"8":{"start":{"line":53,"column":46},"end":{"line":53,"column":75}},"9":{"start":{"line":54,"column":44},"end":{"line":54,"column":72}},"10":{"start":{"line":55,"column":46},"end":{"line":55,"column":58}},"11":{"start":{"line":56,"column":44},"end":{"line":56,"column":56}},"12":{"start":{"line":58,"column":22},"end":{"line":62,"column":22}},"13":{"start":{"line":59,"column":4},"end":{"line":59,"column":26}},"14":{"start":{"line":60,"column":4},"end":{"line":60,"column":25}},"15":{"start":{"line":61,"column":4},"end":{"line":61,"column":21}},"16":{"start":{"line":64,"column":28},"end":{"line":66,"column":27}},"17":{"start":{"line":65,"column":4},"end":{"line":65,"column":74}},"18":{"start":{"line":68,"column":2},"end":{"line":72,"column":44}},"19":{"start":{"line":69,"column":4},"end":{"line":69,"column":32}},"20":{"start":{"line":69,"column":25},"end":{"line":69,"column":32}},"21":{"start":{"line":70,"column":4},"end":{"line":70,"column":33}},"22":{"start":{"line":71,"column":4},"end":{"line":71,"column":31}},"23":{"start":{"line":74,"column":2},"end":{"line":80,"column":45}},"24":{"start":{"line":75,"column":4},"end":{"line":75,"column":38}},"25":{"start":{"line":75,"column":31},"end":{"line":75,"column":38}},"26":{"start":{"line":76,"column":4},"end":{"line":76,"column":29}},"27":{"start":{"line":77,"column":4},"end":{"line":79,"column":48}},"28":{"start":{"line":79,"column":21},"end":{"line":79,"column":46}},"29":{"start":{"line":82,"column":2},"end":{"line":89,"column":45}},"30":{"start":{"line":83,"column":4},"end":{"line":83,"column":39}},"31":{"start":{"line":83,"column":32},"end":{"line":83,"column":39}},"32":{"start":{"line":84,"column":4},"end":{"line":84,"column":30}},"33":{"start":{"line":85,"column":17},"end":{"line":85,"column":69}},"34":{"start":{"line":86,"column":4},"end":{"line":88,"column":49}},"35":{"start":{"line":88,"column":21},"end":{"line":88,"column":47}},"36":{"start":{"line":91,"column":22},"end":{"line":98,"column":53}},"37":{"start":{"line":92,"column":4},"end":{"line":92,"column":75}},"38":{"start":{"line":93,"column":4},"end":{"line":93,"column":29}},"39":{"start":{"line":94,"column":4},"end":{"line":94,"column":36}},"40":{"start":{"line":95,"column":4},"end":{"line":95,"column":35}},"41":{"start":{"line":96,"column":4},"end":{"line":96,"column":26}},"42":{"start":{"line":97,"column":4},"end":{"line":97,"column":25}},"43":{"start":{"line":100,"column":26},"end":{"line":108,"column":58}},"44":{"start":{"line":101,"column":14},"end":{"line":101,"column":40}},"45":{"start":{"line":102,"column":14},"end":{"line":102,"column":35}},"46":{"start":{"line":103,"column":19},"end":{"line":103,"column":73}},"47":{"start":{"line":103,"column":62},"end":{"line":103,"column":72}},"48":{"start":{"line":104,"column":14},"end":{"line":104,"column":39}},"49":{"start":{"line":105,"column":14},"end":{"line":105,"column":34}},"50":{"start":{"line":106,"column":19},"end":{"line":106,"column":73}},"51":{"start":{"line":106,"column":62},"end":{"line":106,"column":72}},"52":{"start":{"line":107,"column":4},"end":{"line":107,"column":30}},"53":{"start":{"line":110,"column":25},"end":{"line":114,"column":8}},"54":{"start":{"line":111,"column":4},"end":{"line":113,"column":6}},"55":{"start":{"line":112,"column":6},"end":{"line":112,"column":83}},"56":{"start":{"line":112,"column":47},"end":{"line":112,"column":57}},"57":{"start":{"line":116,"column":27},"end":{"line":120,"column":40}},"58":{"start":{"line":117,"column":4},"end":{"line":117,"column":56}},"59":{"start":{"line":117,"column":31},"end":{"line":117,"column":56}},"60":{"start":{"line":118,"column":14},"end":{"line":118,"column":41}},"61":{"start":{"line":119,"column":4},"end":{"line":119,"column":78}},"62":{"start":{"line":119,"column":46},"end":{"line":119,"column":76}},"63":{"start":{"line":122,"column":31},"end":{"line":126,"column":21}},"64":{"start":{"line":123,"column":4},"end":{"line":123,"column":82}},"65":{"start":{"line":123,"column":36},"end":{"line":123,"column":82}},"66":{"start":{"line":124,"column":4},"end":{"line":124,"column":60}},"67":{"start":{"line":124,"column":36},"end":{"line":124,"column":60}},"68":{"start":{"line":125,"column":4},"end":{"line":125,"column":62}},"69":{"start":{"line":128,"column":24},"end":{"line":132,"column":8}},"70":{"start":{"line":129,"column":4},"end":{"line":131,"column":6}},"71":{"start":{"line":130,"column":6},"end":{"line":130,"column":92}},"72":{"start":{"line":130,"column":50},"end":{"line":130,"column":63}},"73":{"start":{"line":134,"column":26},"end":{"line":138,"column":30}},"74":{"start":{"line":135,"column":4},"end":{"line":135,"column":62}},"75":{"start":{"line":135,"column":45},"end":{"line":135,"column":62}},"76":{"start":{"line":136,"column":16},"end":{"line":136,"column":47}},"77":{"start":{"line":137,"column":4},"end":{"line":137,"column":58}},"78":{"start":{"line":137,"column":38},"end":{"line":137,"column":56}},"79":{"start":{"line":140,"column":28},"end":{"line":147,"column":39}},"80":{"start":{"line":141,"column":4},"end":{"line":141,"column":55}},"81":{"start":{"line":141,"column":32},"end":{"line":141,"column":55}},"82":{"start":{"line":142,"column":19},"end":{"line":142,"column":47}},"83":{"start":{"line":143,"column":4},"end":{"line":146,"column":6}},"84":{"start":{"line":145,"column":8},"end":{"line":145,"column":92}},"85":{"start":{"line":149,"column":32},"end":{"line":156,"column":25}},"86":{"start":{"line":150,"column":4},"end":{"line":150,"column":84}},"87":{"start":{"line":150,"column":37},"end":{"line":150,"column":84}},"88":{"start":{"line":151,"column":4},"end":{"line":154,"column":5}},"89":{"start":{"line":152,"column":19},"end":{"line":152,"column":70}},"90":{"start":{"line":152,"column":41},"end":{"line":152,"column":69}},"91":{"start":{"line":153,"column":6},"end":{"line":153,"column":96}},"92":{"start":{"line":155,"column":4},"end":{"line":155,"column":63}},"93":{"start":{"line":158,"column":2},"end":{"line":373,"column":4}},"94":{"start":{"line":183,"column":63},"end":{"line":183,"column":86}},"95":{"start":{"line":191,"column":10},"end":{"line":191,"column":35}},"96":{"start":{"line":192,"column":10},"end":{"line":192,"column":42}},"97":{"start":{"line":193,"column":10},"end":{"line":193,"column":41}},"98":{"start":{"line":194,"column":10},"end":{"line":194,"column":32}},"99":{"start":{"line":195,"column":10},"end":{"line":195,"column":31}},"100":{"start":{"line":212,"column":20},"end":{"line":212,"column":51}},"101":{"start":{"line":213,"column":20},"end":{"line":213,"column":41}},"102":{"start":{"line":238,"column":35},"end":{"line":238,"column":63}},"103":{"start":{"line":239,"column":18},"end":{"line":250,"column":20}},"104":{"start":{"line":243,"column":37},"end":{"line":243,"column":56}},"105":{"start":{"line":266,"column":20},"end":{"line":266,"column":52}},"106":{"start":{"line":267,"column":20},"end":{"line":267,"column":42}},"107":{"start":{"line":293,"column":31},"end":{"line":293,"column":52}},"108":{"start":{"line":302,"column":33},"end":{"line":302,"column":67}},"109":{"start":{"line":303,"column":16},"end":{"line":314,"column":18}},"110":{"start":{"line":307,"column":35},"end":{"line":307,"column":60}},"111":{"start":{"line":328,"column":42},"end":{"line":328,"column":66}},"112":{"start":{"line":337,"column":29},"end":{"line":337,"column":59}},"113":{"start":{"line":350,"column":29},"end":{"line":350,"column":58}},"114":{"start":{"line":376,"column":15},"end":{"line":552,"column":2}}},"fnMap":{"0":{"name":"LibraryHeader","decl":{"start":{"line":34,"column":16},"end":{"line":34,"column":29}},"loc":{"start":{"line":44,"column":10},"end":{"line":374,"column":1}},"line":44},"1":{"name":"(anonymous_1)","decl":{"start":{"line":58,"column":34},"end":{"line":58,"column":35}},"loc":{"start":{"line":58,"column":40},"end":{"line":62,"column":3}},"line":58},"2":{"name":"(anonymous_2)","decl":{"start":{"line":64,"column":36},"end":{"line":64,"column":37}},"loc":{"start":{"line":64,"column":42},"end":{"line":66,"column":3}},"line":64},"3":{"name":"(anonymous_3)","decl":{"start":{"line":68,"column":12},"end":{"line":68,"column":13}},"loc":{"start":{"line":68,"column":18},"end":{"line":72,"column":3}},"line":68},"4":{"name":"(anonymous_4)","decl":{"start":{"line":74,"column":12},"end":{"line":74,"column":13}},"loc":{"start":{"line":74,"column":18},"end":{"line":80,"column":3}},"line":74},"5":{"name":"(anonymous_5)","decl":{"start":{"line":79,"column":15},"end":{"line":79,"column":16}},"loc":{"start":{"line":79,"column":21},"end":{"line":79,"column":46}},"line":79},"6":{"name":"(anonymous_6)","decl":{"start":{"line":82,"column":12},"end":{"line":82,"column":13}},"loc":{"start":{"line":82,"column":18},"end":{"line":89,"column":3}},"line":82},"7":{"name":"(anonymous_7)","decl":{"start":{"line":88,"column":15},"end":{"line":88,"column":16}},"loc":{"start":{"line":88,"column":21},"end":{"line":88,"column":47}},"line":88},"8":{"name":"(anonymous_8)","decl":{"start":{"line":91,"column":34},"end":{"line":91,"column":35}},"loc":{"start":{"line":91,"column":40},"end":{"line":98,"column":3}},"line":91},"9":{"name":"(anonymous_9)","decl":{"start":{"line":100,"column":34},"end":{"line":100,"column":35}},"loc":{"start":{"line":100,"column":40},"end":{"line":108,"column":3}},"line":100},"10":{"name":"(anonymous_10)","decl":{"start":{"line":103,"column":52},"end":{"line":103,"column":53}},"loc":{"start":{"line":103,"column":62},"end":{"line":103,"column":72}},"line":103},"11":{"name":"(anonymous_11)","decl":{"start":{"line":106,"column":52},"end":{"line":106,"column":53}},"loc":{"start":{"line":106,"column":62},"end":{"line":106,"column":72}},"line":106},"12":{"name":"(anonymous_12)","decl":{"start":{"line":110,"column":37},"end":{"line":110,"column":38}},"loc":{"start":{"line":110,"column":55},"end":{"line":114,"column":3}},"line":110},"13":{"name":"(anonymous_13)","decl":{"start":{"line":111,"column":22},"end":{"line":111,"column":23}},"loc":{"start":{"line":112,"column":6},"end":{"line":112,"column":83}},"line":112},"14":{"name":"(anonymous_14)","decl":{"start":{"line":112,"column":40},"end":{"line":112,"column":41}},"loc":{"start":{"line":112,"column":47},"end":{"line":112,"column":57}},"line":112},"15":{"name":"(anonymous_15)","decl":{"start":{"line":116,"column":35},"end":{"line":116,"column":36}},"loc":{"start":{"line":116,"column":41},"end":{"line":120,"column":3}},"line":116},"16":{"name":"(anonymous_16)","decl":{"start":{"line":119,"column":36},"end":{"line":119,"column":37}},"loc":{"start":{"line":119,"column":46},"end":{"line":119,"column":76}},"line":119},"17":{"name":"(anonymous_17)","decl":{"start":{"line":122,"column":39},"end":{"line":122,"column":40}},"loc":{"start":{"line":122,"column":45},"end":{"line":126,"column":3}},"line":122},"18":{"name":"(anonymous_18)","decl":{"start":{"line":128,"column":36},"end":{"line":128,"column":37}},"loc":{"start":{"line":128,"column":57},"end":{"line":132,"column":3}},"line":128},"19":{"name":"(anonymous_19)","decl":{"start":{"line":129,"column":21},"end":{"line":129,"column":22}},"loc":{"start":{"line":130,"column":6},"end":{"line":130,"column":92}},"line":130},"20":{"name":"(anonymous_20)","decl":{"start":{"line":130,"column":43},"end":{"line":130,"column":44}},"loc":{"start":{"line":130,"column":50},"end":{"line":130,"column":63}},"line":130},"21":{"name":"(anonymous_21)","decl":{"start":{"line":134,"column":34},"end":{"line":134,"column":35}},"loc":{"start":{"line":134,"column":40},"end":{"line":138,"column":3}},"line":134},"22":{"name":"(anonymous_22)","decl":{"start":{"line":137,"column":28},"end":{"line":137,"column":29}},"loc":{"start":{"line":137,"column":38},"end":{"line":137,"column":56}},"line":137},"23":{"name":"(anonymous_23)","decl":{"start":{"line":140,"column":36},"end":{"line":140,"column":37}},"loc":{"start":{"line":140,"column":42},"end":{"line":147,"column":3}},"line":140},"24":{"name":"(anonymous_24)","decl":{"start":{"line":144,"column":6},"end":{"line":144,"column":7}},"loc":{"start":{"line":145,"column":8},"end":{"line":145,"column":92}},"line":145},"25":{"name":"(anonymous_25)","decl":{"start":{"line":149,"column":40},"end":{"line":149,"column":41}},"loc":{"start":{"line":149,"column":46},"end":{"line":156,"column":3}},"line":149},"26":{"name":"(anonymous_26)","decl":{"start":{"line":152,"column":34},"end":{"line":152,"column":35}},"loc":{"start":{"line":152,"column":41},"end":{"line":152,"column":69}},"line":152},"27":{"name":"(anonymous_27)","decl":{"start":{"line":183,"column":57},"end":{"line":183,"column":58}},"loc":{"start":{"line":183,"column":63},"end":{"line":183,"column":86}},"line":183},"28":{"name":"(anonymous_28)","decl":{"start":{"line":190,"column":17},"end":{"line":190,"column":18}},"loc":{"start":{"line":190,"column":23},"end":{"line":196,"column":9}},"line":190},"29":{"name":"(anonymous_29)","decl":{"start":{"line":211,"column":27},"end":{"line":211,"column":28}},"loc":{"start":{"line":211,"column":33},"end":{"line":214,"column":19}},"line":211},"30":{"name":"(anonymous_30)","decl":{"start":{"line":237,"column":38},"end":{"line":237,"column":39}},"loc":{"start":{"line":237,"column":48},"end":{"line":251,"column":17}},"line":237},"31":{"name":"(anonymous_31)","decl":{"start":{"line":243,"column":31},"end":{"line":243,"column":32}},"loc":{"start":{"line":243,"column":37},"end":{"line":243,"column":56}},"line":243},"32":{"name":"(anonymous_32)","decl":{"start":{"line":265,"column":27},"end":{"line":265,"column":28}},"loc":{"start":{"line":265,"column":33},"end":{"line":268,"column":19}},"line":265},"33":{"name":"(anonymous_33)","decl":{"start":{"line":293,"column":25},"end":{"line":293,"column":26}},"loc":{"start":{"line":293,"column":31},"end":{"line":293,"column":52}},"line":293},"34":{"name":"(anonymous_34)","decl":{"start":{"line":301,"column":37},"end":{"line":301,"column":38}},"loc":{"start":{"line":301,"column":47},"end":{"line":315,"column":15}},"line":301},"35":{"name":"(anonymous_35)","decl":{"start":{"line":307,"column":29},"end":{"line":307,"column":30}},"loc":{"start":{"line":307,"column":35},"end":{"line":307,"column":60}},"line":307},"36":{"name":"(anonymous_36)","decl":{"start":{"line":328,"column":36},"end":{"line":328,"column":37}},"loc":{"start":{"line":328,"column":42},"end":{"line":328,"column":66}},"line":328},"37":{"name":"(anonymous_37)","decl":{"start":{"line":337,"column":23},"end":{"line":337,"column":24}},"loc":{"start":{"line":337,"column":29},"end":{"line":337,"column":59}},"line":337},"38":{"name":"(anonymous_38)","decl":{"start":{"line":350,"column":23},"end":{"line":350,"column":24}},"loc":{"start":{"line":350,"column":29},"end":{"line":350,"column":58}},"line":350}},"branchMap":{"0":{"loc":{"start":{"line":65,"column":12},"end":{"line":65,"column":40}},"type":"cond-expr","locations":[{"start":{"line":65,"column":35},"end":{"line":65,"column":36}},{"start":{"line":65,"column":39},"end":{"line":65,"column":40}}],"line":65},"1":{"loc":{"start":{"line":65,"column":45},"end":{"line":65,"column":72}},"type":"cond-expr","locations":[{"start":{"line":65,"column":67},"end":{"line":65,"column":68}},{"start":{"line":65,"column":71},"end":{"line":65,"column":72}}],"line":65},"2":{"loc":{"start":{"line":69,"column":4},"end":{"line":69,"column":32}},"type":"if","locations":[{"start":{"line":69,"column":4},"end":{"line":69,"column":32}},{"start":{},"end":{}}],"line":69},"3":{"loc":{"start":{"line":75,"column":4},"end":{"line":75,"column":38}},"type":"if","locations":[{"start":{"line":75,"column":4},"end":{"line":75,"column":38}},{"start":{},"end":{}}],"line":75},"4":{"loc":{"start":{"line":77,"column":22},"end":{"line":77,"column":60}},"type":"binary-expr","locations":[{"start":{"line":77,"column":22},"end":{"line":77,"column":47}},{"start":{"line":77,"column":51},"end":{"line":77,"column":60}}],"line":77},"5":{"loc":{"start":{"line":83,"column":4},"end":{"line":83,"column":39}},"type":"if","locations":[{"start":{"line":83,"column":4},"end":{"line":83,"column":39}},{"start":{},"end":{}}],"line":83},"6":{"loc":{"start":{"line":85,"column":17},"end":{"line":85,"column":69}},"type":"cond-expr","locations":[{"start":{"line":85,"column":44},"end":{"line":85,"column":57}},{"start":{"line":85,"column":60},"end":{"line":85,"column":69}}],"line":85},"7":{"loc":{"start":{"line":103,"column":19},"end":{"line":103,"column":73}},"type":"binary-expr","locations":[{"start":{"line":103,"column":19},"end":{"line":103,"column":40}},{"start":{"line":103,"column":44},"end":{"line":103,"column":73}}],"line":103},"8":{"loc":{"start":{"line":106,"column":19},"end":{"line":106,"column":73}},"type":"binary-expr","locations":[{"start":{"line":106,"column":19},"end":{"line":106,"column":40}},{"start":{"line":106,"column":44},"end":{"line":106,"column":73}}],"line":106},"9":{"loc":{"start":{"line":107,"column":11},"end":{"line":107,"column":29}},"type":"binary-expr","locations":[{"start":{"line":107,"column":11},"end":{"line":107,"column":18}},{"start":{"line":107,"column":22},"end":{"line":107,"column":29}}],"line":107},"10":{"loc":{"start":{"line":112,"column":6},"end":{"line":112,"column":83}},"type":"cond-expr","locations":[{"start":{"line":112,"column":28},"end":{"line":112,"column":58}},{"start":{"line":112,"column":61},"end":{"line":112,"column":83}}],"line":112},"11":{"loc":{"start":{"line":117,"column":4},"end":{"line":117,"column":56}},"type":"if","locations":[{"start":{"line":117,"column":4},"end":{"line":117,"column":56}},{"start":{},"end":{}}],"line":117},"12":{"loc":{"start":{"line":123,"column":4},"end":{"line":123,"column":82}},"type":"if","locations":[{"start":{"line":123,"column":4},"end":{"line":123,"column":82}},{"start":{},"end":{}}],"line":123},"13":{"loc":{"start":{"line":124,"column":4},"end":{"line":124,"column":60}},"type":"if","locations":[{"start":{"line":124,"column":4},"end":{"line":124,"column":60}},{"start":{},"end":{}}],"line":124},"14":{"loc":{"start":{"line":130,"column":6},"end":{"line":130,"column":92}},"type":"cond-expr","locations":[{"start":{"line":130,"column":31},"end":{"line":130,"column":64}},{"start":{"line":130,"column":67},"end":{"line":130,"column":92}}],"line":130},"15":{"loc":{"start":{"line":135,"column":4},"end":{"line":135,"column":62}},"type":"if","locations":[{"start":{"line":135,"column":4},"end":{"line":135,"column":62}},{"start":{},"end":{}}],"line":135},"16":{"loc":{"start":{"line":141,"column":4},"end":{"line":141,"column":55}},"type":"if","locations":[{"start":{"line":141,"column":4},"end":{"line":141,"column":55}},{"start":{},"end":{}}],"line":141},"17":{"loc":{"start":{"line":145,"column":8},"end":{"line":145,"column":92}},"type":"binary-expr","locations":[{"start":{"line":145,"column":8},"end":{"line":145,"column":48}},{"start":{"line":145,"column":52},"end":{"line":145,"column":92}}],"line":145},"18":{"loc":{"start":{"line":150,"column":4},"end":{"line":150,"column":84}},"type":"if","locations":[{"start":{"line":150,"column":4},"end":{"line":150,"column":84}},{"start":{},"end":{}}],"line":150},"19":{"loc":{"start":{"line":151,"column":4},"end":{"line":154,"column":5}},"type":"if","locations":[{"start":{"line":151,"column":4},"end":{"line":154,"column":5}},{"start":{},"end":{}}],"line":151},"20":{"loc":{"start":{"line":153,"column":13},"end":{"line":153,"column":95}},"type":"cond-expr","locations":[{"start":{"line":153,"column":20},"end":{"line":153,"column":75}},{"start":{"line":153,"column":78},"end":{"line":153,"column":95}}],"line":153},"21":{"loc":{"start":{"line":162,"column":9},"end":{"line":166,"column":16}},"type":"cond-expr","locations":[{"start":{"line":163,"column":10},"end":{"line":165,"column":22}},{"start":{"line":166,"column":12},"end":{"line":166,"column":16}}],"line":162},"22":{"loc":{"start":{"line":162,"column":9},"end":{"line":162,"column":31}},"type":"binary-expr","locations":[{"start":{"line":162,"column":9},"end":{"line":162,"column":17}},{"start":{"line":162,"column":21},"end":{"line":162,"column":31}}],"line":162},"23":{"loc":{"start":{"line":184,"column":44},"end":{"line":184,"column":139}},"type":"cond-expr","locations":[{"start":{"line":184,"column":68},"end":{"line":184,"column":116}},{"start":{"line":184,"column":119},"end":{"line":184,"column":139}}],"line":184},"24":{"loc":{"start":{"line":189,"column":17},"end":{"line":189,"column":80}},"type":"binary-expr","locations":[{"start":{"line":189,"column":17},"end":{"line":189,"column":31}},{"start":{"line":189,"column":35},"end":{"line":189,"column":56}},{"start":{"line":189,"column":60},"end":{"line":189,"column":80}}],"line":189},"25":{"loc":{"start":{"line":198,"column":10},"end":{"line":198,"column":102}},"type":"cond-expr","locations":[{"start":{"line":198,"column":58},"end":{"line":198,"column":83}},{"start":{"line":198,"column":86},"end":{"line":198,"column":102}}],"line":198},"26":{"loc":{"start":{"line":198,"column":10},"end":{"line":198,"column":55}},"type":"binary-expr","locations":[{"start":{"line":198,"column":10},"end":{"line":198,"column":31}},{"start":{"line":198,"column":35},"end":{"line":198,"column":55}}],"line":198},"27":{"loc":{"start":{"line":201,"column":9},"end":{"line":370,"column":9}},"type":"cond-expr","locations":[{"start":{"line":202,"column":10},"end":{"line":254,"column":13}},{"start":{"line":255,"column":12},"end":{"line":370,"column":9}}],"line":201},"28":{"loc":{"start":{"line":205,"column":15},"end":{"line":218,"column":15}},"type":"cond-expr","locations":[{"start":{"line":206,"column":16},"end":{"line":208,"column":28}},{"start":{"line":210,"column":16},"end":{"line":217,"column":28}}],"line":205},"29":{"loc":{"start":{"line":231,"column":13},"end":{"line":253,"column":13}},"type":"cond-expr","locations":[{"start":{"line":232,"column":14},"end":{"line":234,"column":21}},{"start":{"line":236,"column":14},"end":{"line":252,"column":27}}],"line":231},"30":{"loc":{"start":{"line":242,"column":53},"end":{"line":242,"column":94}},"type":"binary-expr","locations":[{"start":{"line":242,"column":53},"end":{"line":242,"column":61}},{"start":{"line":242,"column":65},"end":{"line":242,"column":94}}],"line":242},"31":{"loc":{"start":{"line":245,"column":63},"end":{"line":245,"column":108}},"type":"binary-expr","locations":[{"start":{"line":245,"column":63},"end":{"line":245,"column":71}},{"start":{"line":245,"column":75},"end":{"line":245,"column":108}}],"line":245},"32":{"loc":{"start":{"line":248,"column":23},"end":{"line":248,"column":78}},"type":"binary-expr","locations":[{"start":{"line":248,"column":23},"end":{"line":248,"column":31}},{"start":{"line":248,"column":35},"end":{"line":248,"column":78}}],"line":248},"33":{"loc":{"start":{"line":255,"column":12},"end":{"line":370,"column":9}},"type":"cond-expr","locations":[{"start":{"line":256,"column":10},"end":{"line":318,"column":13}},{"start":{"line":320,"column":10},"end":{"line":369,"column":13}}],"line":255},"34":{"loc":{"start":{"line":259,"column":15},"end":{"line":272,"column":15}},"type":"cond-expr","locations":[{"start":{"line":260,"column":16},"end":{"line":262,"column":28}},{"start":{"line":264,"column":16},"end":{"line":271,"column":28}}],"line":259},"35":{"loc":{"start":{"line":285,"column":13},"end":{"line":317,"column":13}},"type":"cond-expr","locations":[{"start":{"line":286,"column":14},"end":{"line":288,"column":21}},{"start":{"line":290,"column":12},"end":{"line":316,"column":25}}],"line":285},"36":{"loc":{"start":{"line":292,"column":47},"end":{"line":292,"column":107}},"type":"binary-expr","locations":[{"start":{"line":292,"column":47},"end":{"line":292,"column":74}},{"start":{"line":292,"column":78},"end":{"line":292,"column":107}}],"line":292},"37":{"loc":{"start":{"line":295,"column":57},"end":{"line":295,"column":121}},"type":"binary-expr","locations":[{"start":{"line":295,"column":57},"end":{"line":295,"column":84}},{"start":{"line":295,"column":88},"end":{"line":295,"column":121}}],"line":295},"38":{"loc":{"start":{"line":298,"column":17},"end":{"line":298,"column":91}},"type":"binary-expr","locations":[{"start":{"line":298,"column":17},"end":{"line":298,"column":44}},{"start":{"line":298,"column":48},"end":{"line":298,"column":91}}],"line":298},"39":{"loc":{"start":{"line":306,"column":51},"end":{"line":306,"column":92}},"type":"binary-expr","locations":[{"start":{"line":306,"column":51},"end":{"line":306,"column":59}},{"start":{"line":306,"column":63},"end":{"line":306,"column":92}}],"line":306},"40":{"loc":{"start":{"line":309,"column":61},"end":{"line":309,"column":106}},"type":"binary-expr","locations":[{"start":{"line":309,"column":61},"end":{"line":309,"column":69}},{"start":{"line":309,"column":73},"end":{"line":309,"column":106}}],"line":309},"41":{"loc":{"start":{"line":312,"column":21},"end":{"line":312,"column":76}},"type":"binary-expr","locations":[{"start":{"line":312,"column":21},"end":{"line":312,"column":29}},{"start":{"line":312,"column":33},"end":{"line":312,"column":76}}],"line":312},"42":{"loc":{"start":{"line":323,"column":15},"end":{"line":331,"column":15}},"type":"cond-expr","locations":[{"start":{"line":324,"column":16},"end":{"line":326,"column":28}},{"start":{"line":328,"column":16},"end":{"line":330,"column":28}}],"line":323},"43":{"loc":{"start":{"line":341,"column":55},"end":{"line":341,"column":118}},"type":"binary-expr","locations":[{"start":{"line":341,"column":55},"end":{"line":341,"column":82}},{"start":{"line":341,"column":86},"end":{"line":341,"column":118}}],"line":341},"44":{"loc":{"start":{"line":357,"column":18},"end":{"line":357,"column":80}},"type":"binary-expr","locations":[{"start":{"line":357,"column":18},"end":{"line":357,"column":44}},{"start":{"line":357,"column":48},"end":{"line":357,"column":80}}],"line":357}},"s":{"0":0,"1":0,"2":0,"3":0,"4":0,"5":0,"6":0,"7":0,"8":0,"9":0,"10":0,"11":0,"12":0,"13":0,"14":0,"15":0,"16":0,"17":0,"18":0,"19":0,"20":0,"21":0,"22":0,"23":0,"24":0,"25":0,"26":0,"27":0,"28":0,"29":0,"30":0,"31":0,"32":0,"33":0,"34":0,"35":0,"36":0,"37":0,"38":0,"39":0,"40":0,"41":0,"42":0,"43":0,"44":0,"45":0,"46":0,"47":0,"48":0,"49":0,"50":0,"51":0,"52":0,"53":0,"54":0,"55":0,"56":0,"57":0,"58":0,"59":0,"60":0,"61":0,"62":0,"63":0,"64":0,"65":0,"66":0,"67":0,"68":0,"69":0,"70":0,"71":0,"72":0,"73":0,"74":0,"75":0,"76":0,"77":0,"78":0,"79":0,"80":0,"81":0,"82":0,"83":0,"84":0,"85":0,"86":0,"87":0,"88":0,"89":0,"90":0,"91":0,"92":0,"93":0,"94":0,"95":0,"96":0,"97":0,"98":0,"99":0,"100":0,"101":0,"102":0,"103":0,"104":0,"105":0,"106":0,"107":0,"108":0,"109":0,"110":0,"111":0,"112":0,"113":0,"114":0},"f":{"0":0,"1":0,"2":0,"3":0,"4":0,"5":0,"6":0,"7":0,"8":0,"9":0,"10":0,"11":0,"12":0,"13":0,"14":0,"15":0,"16":0,"17":0,"18":0,"19":0,"20":0,"21":0,"22":0,"23":0,"24":0,"25":0,"26":0,"27":0,"28":0,"29":0,"30":0,"31":0,"32":0,"33":0,"34":0,"35":0,"36":0,"37":0,"38":0},"b":{"0":[0,0],"1":[0,0],"2":[0,0],"3":[0,0],"4":[0,0],"5":[0,0],"6":[0,0],"7":[0,0],"8":[0,0],"9":[0,0],"10":[0,0],"11":[0,0],"12":[0,0],"13":[0,0],"14":[0,0],"15":[0,0],"16":[0,0],"17":[0,0],"18":[0,0],"19":[0,0],"20":[0,0],"21":[0,0],"22":[0,0],"23":[0,0],"24":[0,0,0],"25":[0,0],"26":[0,0],"27":[0,0],"28":[0,0],"29":[0,0],"30":[0,0],"31":[0,0],"32":[0,0],"33":[0,0],"34":[0,0],"35":[0,0],"36":[0,0],"37":[0,0],"38":[0,0],"39":[0,0],"40":[0,0],"41":[0,0],"42":[0,0],"43":[0,0],"44":[0,0]}}
,"/Users/connorpepin/Cursor/lingoleaf/src/components/OnboardingModal.tsx": {"path":"/Users/connorpepin/Cursor/lingoleaf/src/components/OnboardingModal.tsx","statementMap":{"0":{"start":{"line":23,"column":20},"end":{"line":23,"column":21}},"1":{"start":{"line":35,"column":2},"end":{"line":44,"column":4}},"2":{"start":{"line":38,"column":8},"end":{"line":41,"column":10}},"3":{"start":{"line":48,"column":12},"end":{"line":48,"column":28}},"4":{"start":{"line":49,"column":26},"end":{"line":49,"column":37}},"5":{"start":{"line":50,"column":38},"end":{"line":50,"column":52}},"6":{"start":{"line":51,"column":36},"end":{"line":51,"column":58}},"7":{"start":{"line":52,"column":44},"end":{"line":52,"column":59}},"8":{"start":{"line":54,"column":21},"end":{"line":60,"column":3}},"9":{"start":{"line":55,"column":4},"end":{"line":59,"column":5}},"10":{"start":{"line":56,"column":6},"end":{"line":56,"column":24}},"11":{"start":{"line":58,"column":6},"end":{"line":58,"column":44}},"12":{"start":{"line":62,"column":21},"end":{"line":64,"column":3}},"13":{"start":{"line":63,"column":4},"end":{"line":63,"column":13}},"14":{"start":{"line":66,"column":25},"end":{"line":72,"column":3}},"15":{"start":{"line":67,"column":4},"end":{"line":71,"column":5}},"16":{"start":{"line":68,"column":6},"end":{"line":68,"column":56}},"17":{"start":{"line":68,"column":43},"end":{"line":68,"column":53}},"18":{"start":{"line":70,"column":6},"end":{"line":70,"column":41}},"19":{"start":{"line":74,"column":21},"end":{"line":79,"column":3}},"20":{"start":{"line":75,"column":4},"end":{"line":75,"column":49}},"21":{"start":{"line":75,"column":20},"end":{"line":75,"column":49}},"22":{"start":{"line":76,"column":4},"end":{"line":76,"column":48}},"23":{"start":{"line":76,"column":20},"end":{"line":76,"column":48}},"24":{"start":{"line":77,"column":4},"end":{"line":77,"column":51}},"25":{"start":{"line":77,"column":30},"end":{"line":77,"column":51}},"26":{"start":{"line":78,"column":4},"end":{"line":78,"column":16}},"27":{"start":{"line":81,"column":25},"end":{"line":84,"column":3}},"28":{"start":{"line":82,"column":4},"end":{"line":82,"column":64}},"29":{"start":{"line":82,"column":30},"end":{"line":82,"column":64}},"30":{"start":{"line":83,"column":4},"end":{"line":83,"column":18}},"31":{"start":{"line":86,"column":2},"end":{"line":300,"column":4}},"32":{"start":{"line":127,"column":18},"end":{"line":143,"column":37}},"33":{"start":{"line":133,"column":35},"end":{"line":133,"column":59}},"34":{"start":{"line":160,"column":41},"end":{"line":160,"column":62}},"35":{"start":{"line":161,"column":18},"end":{"line":177,"column":37}},"36":{"start":{"line":167,"column":35},"end":{"line":167,"column":60}},"37":{"start":{"line":258,"column":33},"end":{"line":258,"column":94}},"38":{"start":{"line":263,"column":33},"end":{"line":263,"column":88}},"39":{"start":{"line":270,"column":31},"end":{"line":270,"column":58}},"40":{"start":{"line":270,"column":55},"end":{"line":270,"column":57}},"41":{"start":{"line":283,"column":29},"end":{"line":283,"column":46}},"42":{"start":{"line":303,"column":15},"end":{"line":485,"column":2}}},"fnMap":{"0":{"name":"DotIndicator","decl":{"start":{"line":34,"column":9},"end":{"line":34,"column":21}},"loc":{"start":{"line":34,"column":78},"end":{"line":45,"column":1}},"line":34},"1":{"name":"(anonymous_1)","decl":{"start":{"line":37,"column":37},"end":{"line":37,"column":38}},"loc":{"start":{"line":38,"column":8},"end":{"line":41,"column":10}},"line":38},"2":{"name":"OnboardingModal","decl":{"start":{"line":47,"column":16},"end":{"line":47,"column":31}},"loc":{"start":{"line":47,"column":72},"end":{"line":301,"column":1}},"line":47},"3":{"name":"(anonymous_3)","decl":{"start":{"line":54,"column":21},"end":{"line":54,"column":22}},"loc":{"start":{"line":54,"column":27},"end":{"line":60,"column":3}},"line":54},"4":{"name":"(anonymous_4)","decl":{"start":{"line":62,"column":21},"end":{"line":62,"column":22}},"loc":{"start":{"line":62,"column":27},"end":{"line":64,"column":3}},"line":62},"5":{"name":"(anonymous_5)","decl":{"start":{"line":66,"column":25},"end":{"line":66,"column":26}},"loc":{"start":{"line":66,"column":43},"end":{"line":72,"column":3}},"line":66},"6":{"name":"(anonymous_6)","decl":{"start":{"line":68,"column":36},"end":{"line":68,"column":37}},"loc":{"start":{"line":68,"column":43},"end":{"line":68,"column":53}},"line":68},"7":{"name":"(anonymous_7)","decl":{"start":{"line":74,"column":21},"end":{"line":74,"column":22}},"loc":{"start":{"line":74,"column":27},"end":{"line":79,"column":3}},"line":74},"8":{"name":"(anonymous_8)","decl":{"start":{"line":81,"column":25},"end":{"line":81,"column":26}},"loc":{"start":{"line":81,"column":31},"end":{"line":84,"column":3}},"line":81},"9":{"name":"(anonymous_9)","decl":{"start":{"line":126,"column":31},"end":{"line":126,"column":32}},"loc":{"start":{"line":127,"column":18},"end":{"line":143,"column":37}},"line":127},"10":{"name":"(anonymous_10)","decl":{"start":{"line":133,"column":29},"end":{"line":133,"column":30}},"loc":{"start":{"line":133,"column":35},"end":{"line":133,"column":59}},"line":133},"11":{"name":"(anonymous_11)","decl":{"start":{"line":160,"column":34},"end":{"line":160,"column":35}},"loc":{"start":{"line":160,"column":41},"end":{"line":160,"column":62}},"line":160},"12":{"name":"(anonymous_12)","decl":{"start":{"line":160,"column":68},"end":{"line":160,"column":69}},"loc":{"start":{"line":161,"column":18},"end":{"line":177,"column":37}},"line":161},"13":{"name":"(anonymous_13)","decl":{"start":{"line":167,"column":29},"end":{"line":167,"column":30}},"loc":{"start":{"line":167,"column":35},"end":{"line":167,"column":60}},"line":167},"14":{"name":"(anonymous_14)","decl":{"start":{"line":258,"column":27},"end":{"line":258,"column":28}},"loc":{"start":{"line":258,"column":33},"end":{"line":258,"column":94}},"line":258},"15":{"name":"(anonymous_15)","decl":{"start":{"line":263,"column":27},"end":{"line":263,"column":28}},"loc":{"start":{"line":263,"column":33},"end":{"line":263,"column":88}},"line":263},"16":{"name":"(anonymous_16)","decl":{"start":{"line":270,"column":25},"end":{"line":270,"column":26}},"loc":{"start":{"line":270,"column":31},"end":{"line":270,"column":58}},"line":270},"17":{"name":"(anonymous_17)","decl":{"start":{"line":270,"column":48},"end":{"line":270,"column":49}},"loc":{"start":{"line":270,"column":55},"end":{"line":270,"column":57}},"line":270},"18":{"name":"(anonymous_18)","decl":{"start":{"line":283,"column":23},"end":{"line":283,"column":24}},"loc":{"start":{"line":283,"column":29},"end":{"line":283,"column":46}},"line":283}},"branchMap":{"0":{"loc":{"start":{"line":40,"column":30},"end":{"line":40,"column":67}},"type":"binary-expr","locations":[{"start":{"line":40,"column":30},"end":{"line":40,"column":47}},{"start":{"line":40,"column":51},"end":{"line":40,"column":67}}],"line":40},"1":{"loc":{"start":{"line":55,"column":4},"end":{"line":59,"column":5}},"type":"if","locations":[{"start":{"line":55,"column":4},"end":{"line":59,"column":5}},{"start":{"line":57,"column":11},"end":{"line":59,"column":5}}],"line":55},"2":{"loc":{"start":{"line":67,"column":4},"end":{"line":71,"column":5}},"type":"if","locations":[{"start":{"line":67,"column":4},"end":{"line":71,"column":5}},{"start":{"line":69,"column":11},"end":{"line":71,"column":5}}],"line":67},"3":{"loc":{"start":{"line":75,"column":4},"end":{"line":75,"column":49}},"type":"if","locations":[{"start":{"line":75,"column":4},"end":{"line":75,"column":49}},{"start":{},"end":{}}],"line":75},"4":{"loc":{"start":{"line":76,"column":4},"end":{"line":76,"column":48}},"type":"if","locations":[{"start":{"line":76,"column":4},"end":{"line":76,"column":48}},{"start":{},"end":{}}],"line":76},"5":{"loc":{"start":{"line":77,"column":4},"end":{"line":77,"column":51}},"type":"if","locations":[{"start":{"line":77,"column":4},"end":{"line":77,"column":51}},{"start":{},"end":{}}],"line":77},"6":{"loc":{"start":{"line":82,"column":4},"end":{"line":82,"column":64}},"type":"if","locations":[{"start":{"line":82,"column":4},"end":{"line":82,"column":64}},{"start":{},"end":{}}],"line":82},"7":{"loc":{"start":{"line":91,"column":11},"end":{"line":97,"column":11}},"type":"cond-expr","locations":[{"start":{"line":92,"column":12},"end":{"line":94,"column":24}},{"start":{"line":96,"column":12},"end":{"line":96,"column":51}}],"line":91},"8":{"loc":{"start":{"line":102,"column":11},"end":{"line":113,"column":11}},"type":"binary-expr","locations":[{"start":{"line":102,"column":11},"end":{"line":102,"column":21}},{"start":{"line":103,"column":12},"end":{"line":112,"column":19}}],"line":102},"9":{"loc":{"start":{"line":116,"column":11},"end":{"line":147,"column":11}},"type":"binary-expr","locations":[{"start":{"line":116,"column":11},"end":{"line":116,"column":21}},{"start":{"line":117,"column":12},"end":{"line":146,"column":19}}],"line":116},"10":{"loc":{"start":{"line":131,"column":22},"end":{"line":131,"column":79}},"type":"binary-expr","locations":[{"start":{"line":131,"column":22},"end":{"line":131,"column":46}},{"start":{"line":131,"column":50},"end":{"line":131,"column":79}}],"line":131},"11":{"loc":{"start":{"line":138,"column":24},"end":{"line":138,"column":85}},"type":"binary-expr","locations":[{"start":{"line":138,"column":24},"end":{"line":138,"column":48}},{"start":{"line":138,"column":52},"end":{"line":138,"column":85}}],"line":138},"12":{"loc":{"start":{"line":150,"column":11},"end":{"line":181,"column":11}},"type":"binary-expr","locations":[{"start":{"line":150,"column":11},"end":{"line":150,"column":21}},{"start":{"line":151,"column":12},"end":{"line":180,"column":19}}],"line":150},"13":{"loc":{"start":{"line":165,"column":22},"end":{"line":165,"column":84}},"type":"binary-expr","locations":[{"start":{"line":165,"column":22},"end":{"line":165,"column":51}},{"start":{"line":165,"column":55},"end":{"line":165,"column":84}}],"line":165},"14":{"loc":{"start":{"line":172,"column":24},"end":{"line":172,"column":90}},"type":"binary-expr","locations":[{"start":{"line":172,"column":24},"end":{"line":172,"column":53}},{"start":{"line":172,"column":57},"end":{"line":172,"column":90}}],"line":172},"15":{"loc":{"start":{"line":184,"column":11},"end":{"line":202,"column":11}},"type":"binary-expr","locations":[{"start":{"line":184,"column":11},"end":{"line":184,"column":21}},{"start":{"line":185,"column":12},"end":{"line":201,"column":19}}],"line":184},"16":{"loc":{"start":{"line":205,"column":11},"end":{"line":223,"column":11}},"type":"binary-expr","locations":[{"start":{"line":205,"column":11},"end":{"line":205,"column":21}},{"start":{"line":206,"column":12},"end":{"line":222,"column":19}}],"line":205},"17":{"loc":{"start":{"line":226,"column":11},"end":{"line":244,"column":11}},"type":"binary-expr","locations":[{"start":{"line":226,"column":11},"end":{"line":226,"column":21}},{"start":{"line":227,"column":12},"end":{"line":243,"column":19}}],"line":226},"18":{"loc":{"start":{"line":247,"column":11},"end":{"line":276,"column":11}},"type":"binary-expr","locations":[{"start":{"line":247,"column":11},"end":{"line":247,"column":21}},{"start":{"line":248,"column":12},"end":{"line":275,"column":19}}],"line":247},"19":{"loc":{"start":{"line":269,"column":47},"end":{"line":269,"column":92}},"type":"binary-expr","locations":[{"start":{"line":269,"column":47},"end":{"line":269,"column":60}},{"start":{"line":269,"column":64},"end":{"line":269,"column":92}}],"line":269},"20":{"loc":{"start":{"line":272,"column":31},"end":{"line":272,"column":72}},"type":"cond-expr","locations":[{"start":{"line":272,"column":47},"end":{"line":272,"column":61}},{"start":{"line":272,"column":64},"end":{"line":272,"column":72}}],"line":272},"21":{"loc":{"start":{"line":272,"column":91},"end":{"line":272,"column":144}},"type":"cond-expr","locations":[{"start":{"line":272,"column":107},"end":{"line":272,"column":121}},{"start":{"line":272,"column":124},"end":{"line":272,"column":144}}],"line":272},"22":{"loc":{"start":{"line":280,"column":11},"end":{"line":287,"column":11}},"type":"binary-expr","locations":[{"start":{"line":280,"column":11},"end":{"line":280,"co
[...]
,"/Users/connorpepin/Cursor/lingoleaf/src/utils/logger.ts": {"path":"/Users/connorpepin/Cursor/lingoleaf/src/utils/logger.ts","statementMap":{"0":{"start":{"line":9,"column":20},"end":{"line":9,"column":27}},"1":{"start":{"line":12,"column":4},"end":{"line":12,"column":30}},"2":{"start":{"line":12,"column":23},"end":{"line":12,"column":30}},"3":{"start":{"line":14,"column":22},"end":{"line":14,"column":46}},"4":{"start":{"line":15,"column":19},"end":{"line":15,"column":60}},"5":{"start":{"line":17,"column":4},"end":{"line":30,"column":5}},"6":{"start":{"line":19,"column":8},"end":{"line":19,"column":48}},"7":{"start":{"line":20,"column":8},"end":{"line":20,"column":14}},"8":{"start":{"line":22,"column":8},"end":{"line":22,"column":47}},"9":{"start":{"line":23,"column":8},"end":{"line":23,"column":14}},"10":{"start":{"line":25,"column":8},"end":{"line":25,"column":47}},"11":{"start":{"line":26,"column":8},"end":{"line":26,"column":14}},"12":{"start":{"line":28,"column":8},"end":{"line":28,"column":48}},"13":{"start":{"line":29,"column":8},"end":{"line":29,"column":14}},"14":{"start":{"line":34,"column":4},"end":{"line":34,"column":40}},"15":{"start":{"line":38,"column":4},"end":{"line":38,"column":39}},"16":{"start":{"line":42,"column":4},"end":{"line":42,"column":39}},"17":{"start":{"line":46,"column":4},"end":{"line":46,"column":40}},"18":{"start":{"line":50,"column":22},"end":{"line":50,"column":34}}},"fnMap":{"0":{"name":"(anonymous_0)","decl":{"start":{"line":11,"column":2},"end":{"line":11,"column":3}},"loc":{"start":{"line":11,"column":56},"end":{"line":31,"column":3}},"line":11},"1":{"name":"(anonymous_1)","decl":{"start":{"line":33,"column":2},"end":{"line":33,"column":3}},"loc":{"start":{"line":33,"column":41},"end":{"line":35,"column":3}},"line":33},"2":{"name":"(anonymous_2)","decl":{"start":{"line":37,"column":2},"end":{"line":37,"column":3}},"loc":{"start":{"line":37,"column":40},"end":{"line":39,"column":3}},"line":37},"3":{"name":"(anonymous_3)","decl":{"start":{"line":41,"column":2},"end":{"line":41,"column":3}},"loc":{"start":{"line":41,"column":40},"end":{"line":43,"column":3}},"line":41},"4":{"name":"(anonymous_4)","decl":{"start":{"line":45,"column":2},"end":{"line":45,"column":3}},"loc":{"start":{"line":45,"column":41},"end":{"line":47,"column":3}},"line":45}},"branchMap":{"0":{"loc":{"start":{"line":12,"column":4},"end":{"line":12,"column":30}},"type":"if","locations":[{"start":{"line":12,"column":4},"end":{"line":12,"column":30}},{"start":{},"end":{}}],"line":12},"1":{"loc":{"start":{"line":17,"column":4},"end":{"line":30,"column":5}},"type":"switch","locations":[{"start":{"line":18,"column":6},"end":{"line":20,"column":14}},{"start":{"line":21,"column":6},"end":{"line":23,"column":14}},{"start":{"line":24,"column":6},"end":{"line":26,"column":14}},{"start":{"line":27,"column":6},"end":{"line":29,"column":14}}],"line":17}},"s":{"0":4,"1":5,"2":0,"3":5,"4":5,"5":5,"6":1,"7":1,"8":2,"9":2,"10":1,"11":1,"12":1,"13":1,"14":1,"15":2,"16":1,"17":1,"18":4},"f":{"0":5,"1":1,"2":2,"3":1,"4":1},"b":{"0":[0,5],"1":[1,2,1,1]},"_coverageSchema":"1a1c01bbd47fc00a2c39e90264f33305004495a9","hash":"db4667e7b0573a683099f0254a3ab6c354c7639b"}
,"/Users/connorpepin/Cursor/lingoleaf/src/utils/normalize.ts": {"path":"/Users/connorpepin/Cursor/lingoleaf/src/utils/normalize.ts","statementMap":{"0":{"start":{"line":7,"column":2},"end":{"line":7,"column":35}},"1":{"start":{"line":11,"column":2},"end":{"line":11,"column":41}},"2":{"start":{"line":14,"column":36},"end":{"line":14,"column":39}}},"fnMap":{"0":{"name":"normalizeText","decl":{"start":{"line":6,"column":16},"end":{"line":6,"column":29}},"loc":{"start":{"line":6,"column":52},"end":{"line":8,"column":1}},"line":6},"1":{"name":"validateSelectionLength","decl":{"start":{"line":10,"column":16},"end":{"line":10,"column":39}},"loc":{"start":{"line":10,"column":87},"end":{"line":12,"column":1}},"line":10}},"branchMap":{"0":{"loc":{"start":{"line":10,"column":54},"end":{"line":10,"column":76}},"type":"default-arg","locations":[{"start":{"line":10,"column":74},"end":{"line":10,"column":76}}],"line":10}},"s":{"0":3,"1":3,"2":1},"f":{"0":3,"1":3},"b":{"0":[0]},"_coverageSchema":"1a1c01bbd47fc00a2c39e90264f33305004495a9","hash":"79b91b679189aa46dbf9fef8440d0bd5632d2cc2"}
,"/Users/connorpepin/Cursor/lingoleaf/src/utils/passwordValidation.ts": {"path":"/Users/connorpepin/Cursor/lingoleaf/src/utils/passwordValidation.ts","statementMap":{"0":{"start":{"line":11,"column":27},"end":{"line":11,"column":29}},"1":{"start":{"line":13,"column":2},"end":{"line":15,"column":3}},"2":{"start":{"line":14,"column":4},"end":{"line":14,"column":41}},"3":{"start":{"line":17,"column":2},"end":{"line":19,"column":3}},"4":{"start":{"line":18,"column":4},"end":{"line":18,"column":40}},"5":{"start":{"line":21,"column":2},"end":{"line":23,"column":3}},"6":{"start":{"line":22,"column":4},"end":{"line":22,"column":40}},"7":{"start":{"line":25,"column":2},"end":{"line":27,"column":3}},"8":{"start":{"line":26,"column":4},"end":{"line":26,"column":30}},"9":{"start":{"line":29,"column":2},"end":{"line":31,"column":3}},"10":{"start":{"line":30,"column":4},"end":{"line":30,"column":41}},"11":{"start":{"line":33,"column":2},"end":{"line":36,"column":4}}},"fnMap":{"0":{"name":"validatePassword","decl":{"start":{"line":10,"column":16},"end":{"line":10,"column":32}},"loc":{"start":{"line":10,"column":77},"end":{"line":37,"column":1}},"line":10}},"branchMap":{"0":{"loc":{"start":{"line":13,"column":2},"end":{"line":15,"column":3}},"type":"if","locations":[{"start":{"line":13,"column":2},"end":{"line":15,"column":3}},{"start":{},"end":{}}],"line":13},"1":{"loc":{"start":{"line":17,"column":2},"end":{"line":19,"column":3}},"type":"if","locations":[{"start":{"line":17,"column":2},"end":{"line":19,"column":3}},{"start":{},"end":{}}],"line":17},"2":{"loc":{"start":{"line":21,"column":2},"end":{"line":23,"column":3}},"type":"if","locations":[{"start":{"line":21,"column":2},"end":{"line":23,"column":3}},{"start":{},"end":{}}],"line":21},"3":{"loc":{"start":{"line":25,"column":2},"end":{"line":27,"column":3}},"type":"if","locations":[{"start":{"line":25,"column":2},"end":{"line":27,"column":3}},{"start":{},"end":{}}],"line":25},"4":{"loc":{"start":{"line":29,"column":2},"end":{"line":31,"column":3}},"type":"if","locations":[{"start":{"line":29,"column":2},"end":{"line":31,"column":3}},{"start":{},"end":{}}],"line":29}},"s":{"0":7,"1":7,"2":2,"3":7,"4":2,"5":7,"6":1,"7":7,"8":2,"9":7,"10":2,"11":7},"f":{"0":7},"b":{"0":[2,5],"1":[2,5],"2":[1,6],"3":[2,5],"4":[2,5]},"_coverageSchema":"1a1c01bbd47fc00a2c39e90264f33305004495a9","hash":"78ae8c6478ad77b026e5f3d10a6a2b7c30784d98"}
,"/Users/connorpepin/Cursor/lingoleaf/src/utils/readerProgressCache.ts": {"path":"/Users/connorpepin/Cursor/lingoleaf/src/utils/readerProgressCache.ts","statementMap":{"0":{"start":{"line":20,"column":16},"end":{"line":20,"column":63}},"1":{"start":{"line":21,"column":2},"end":{"line":21,"column":49}},"2":{"start":{"line":25,"column":2},"end":{"line":40,"column":3}},"3":{"start":{"line":26,"column":16},"end":{"line":26,"column":66}},"4":{"start":{"line":27,"column":4},"end":{"line":27,"column":26}},"5":{"start":{"line":27,"column":14},"end":{"line":27,"column":26}},"6":{"start":{"line":28,"column":19},"end":{"line":28,"column":56}},"7":{"start":{"line":29,"column":4},"end":{"line":29,"column":68}},"8":{"start":{"line":29,"column":56},"end":{"line":29,"column":68}},"9":{"start":{"line":30,"column":22},"end":{"line":30,"column":81}},"10":{"start":{"line":32,"column":4},"end":{"line":37,"column":6}},"11":{"start":{"line":39,"column":4},"end":{"line":39,"column":16}},"12":{"start":{"line":49,"column":2},"end":{"line":49,"column":19}},"13":{"start":{"line":49,"column":12},"end":{"line":49,"column":19}},"14":{"start":{"line":50,"column":14},"end":{"line":50,"column":36}},"15":{"start":{"line":51,"column":24},"end":{"line":51,"column":78}},"16":{"start":{"line":52,"column":2},"end":{"line":74,"column":3}},"17":{"start":{"line":55,"column":24},"end":{"line":55,"column":55}},"18":{"start":{"line":56,"column":21},"end":{"line":56,"column":89}},"19":{"start":{"line":58,"column":31},"end":{"line":69,"column":5}},"20":{"start":{"line":71,"column":4},"end":{"line":71,"column":61}},"21":{"start":{"line":83,"column":2},"end":{"line":83,"column":29}},"22":{"start":{"line":83,"column":22},"end":{"line":83,"column":29}},"23":{"start":{"line":84,"column":2},"end":{"line":84,"column":87}},"24":{"start":{"line":84,"column":80},"end":{"line":84,"column":87}},"25":{"start":{"line":85,"column":29},"end":{"line":90,"column":3}},"26":{"start":{"line":91,"column":2},"end":{"line":95,"column":3}},"27":{"start":{"line":92,"column":4},"end":{"line":92,"column":80}}},"fnMap":{"0":{"name":"keyFor","decl":{"start":{"line":19,"column":9},"end":{"line":19,"column":15}},"loc":{"start":{"line":19,"column":63},"end":{"line":22,"column":1}},"line":19},"1":{"name":"getCachedLastCfi","decl":{"start":{"line":24,"column":22},"end":{"line":24,"column":38}},"loc":{"start":{"line":24,"column":105},"end":{"line":41,"column":1}},"line":24},"2":{"name":"setCachedLastCfi","decl":{"start":{"line":43,"column":22},"end":{"line":43,"column":38}},"loc":{"start":{"line":48,"column":17},"end":{"line":75,"column":1}},"line":48},"3":{"name":"setCachedLastPosition","decl":{"start":{"line":77,"column":22},"end":{"line":77,"column":43}},"loc":{"start":{"line":82,"column":17},"end":{"line":96,"column":1}},"line":82}},"branchMap":{"0":{"loc":{"start":{"line":20,"column":16},"end":{"line":20,"column":63}},"type":"cond-expr","locations":[{"start":{"line":20,"column":46},"end":{"line":20,"column":52}},{"start":{"line":20,"column":55},"end":{"line":20,"column":63}}],"line":20},"1":{"loc":{"start":{"line":20,"column":16},"end":{"line":20,"column":43}},"type":"binary-expr","locations":[{"start":{"line":20,"column":16},"end":{"line":20,"column":22}},{"start":{"line":20,"column":26},"end":{"line":20,"column":43}}],"line":20},"2":{"loc":{"start":{"line":27,"column":4},"end":{"line":27,"column":26}},"type":"if","locations":[{"start":{"line":27,"column":4},"end":{"line":27,"column":26}},{"start":{},"end":{}}],"line":27},"3":{"loc":{"start":{"line":29,"column":4},"end":{"line":29,"column":68}},"type":"if","locations":[{"start":{"line":29,"column":4},"end":{"line":29,"column":68}},{"start":{},"end":{}}],"line":29},"4":{"loc":{"start":{"line":29,"column":8},"end":{"line":29,"column":54}},"type":"binary-expr","locations":[{"start":{"line":29,"column":8},"end":{"line":29,"column":20}},{"start":{"line":29,"column":24},"end":{"line":29,"column":54}}],"line":29},"5":{"loc":{"start":{"line":30,"column":22},"end":{"line":30,"column":81}},"type":"cond-expr","locations":[{"start":{"line":30,"column":61},"end":{"line":30,"column":77}},{"start":{"line":30,"column":80},"end":{"line":30,"column":81}}],"line":30},"6":{"loc":{"start":{"line":35,"column":22},"end":{"line":35,"column":99}},"type":"cond-expr","locations":[{"start":{"line":35,"column":66},"end":{"line":35,"column":87}},{"start":{"line":35,"column":90},"end":{"line":35,"column":99}}],"line":35},"7":{"loc":{"start":{"line":36,"column":22},"end":{"line":36,"column":99}},"type":"cond-expr","locations":[{"start":{"line":36,"column":66},"end":{"line":36,"column":87}},{"start":{"line":36,"column":90},"end":{"line":36,"column":99}}],"line":36},"8":{"loc":{"start":{"line":49,"column":2},"end":{"line":49,"column":19}},"type":"if","locations":[{"start":{"line":49,"column":2},"end":{"line":49,"column":19}},{"start":{},"end":{}}],"line":49},"9":{"loc":{"start":{"line":51,"column":24},"end":{"line":51,"column":78}},"type":"cond-expr","locations":[{"start":{"line":51,"column":56},"end":{"line":51,"column":65}},{"start":{"line":51,"column":68},"end":{"line":51,"column":78}}],"line":51},"10":{"loc":{"start":{"line":56,"column":21},"end":{"line":56,"column":89}},"type":"cond-expr","locations":[{"start":{"line":56,"column":36},"end":{"line":56,"column":81}},{"start":{"line":56,"column":85},"end":{"line":56,"column":89}}],"line":56},"11":{"loc":{"start":{"line":62,"column":8},"end":{"line":64,"column":21}},"type":"cond-expr","locations":[{"start":{"line":63,"column":12},"end":{"line":63,"column":35}},{"start":{"line":64,"column":12},"end":{"line":64,"column":21}}],"line":62},"12":{"loc":{"start":{"line":62,"column":8},"end":{"line":62,"column":96}},"type":"binary-expr","locations":[{"start":{"line":62,"column":8},"end":{"line":62,"column":52}},{"start":{"line":62,"column":56},"end":{"line":62,"column":96}}],"line":62},"13":{"loc":{"start":{"line":66,"column":8},"end":{"line":68,"column":21}},"type":"cond-expr","locations":[{"start":{"line":67,"column":12},"end":{"line":67,"column":35}},{"start":{"line":68,"column":12},"end":{"line":68,"column":21}}],"line":66},"14":{"loc":{"start":{"line":66,"column":8},"end":{"line":66,"column":96}},"type":"binary-expr","locations":[{"start":{"line":66,"column":8},"end":{"line":66,"column":52}},{"start":{"line":66,"column":56},"end":{"line":66,"column":96}}],"line":66},"15":{"loc":{"start":{"line":83,"column":2},"end":{"line":83,"column":29}},"type":"if","locations":[{"start":{"line":83,"column":2},"end":{"line":83,"column":29}},{"start":{},"end":{}}],"line":83},"16":{"loc":{"start":{"line":84,"column":2},"end":{"line":84,"column":87}},"type":"if","locations":[{"start":{"line":84,"column":2},"end":{"line":84,"column":87}},{"start":{},"end":{}}],"line":84},"17":{"loc":{"start":{"line":84,"column":6},"end":{"line":84,"column":78}},"type":"binary-expr","locations":[{"start":{"line":84,"column":6},"end":{"line":84,"column":47}},{"start":{"line":84,"column":51},"end":{"line":84,"column":78}}],"line":84},"18":{"loc":{"start":{"line":87,"column":15},"end":{"line":87,"column":69}},"type":"cond-expr","locations":[{"start":{"line":87,"column":47},"end":{"line":87,"column":56}},{"start":{"line":87,"column":59},"end":{"line":87,"column":69}}],"line":87},"19":{"loc":{"start":{"line":89,"column":20},"end":{"line":89,"column":157}},"type":"cond-expr","locations":[{"start":{"line":89,"column":110},"end":{"line":89,"column":145}},{"start":{"line":89,"column":148},"end":{"line":89,"column":157}}],"line":89},"20":{"loc":{"start":{"line":89,"column":20},"end":{"line":89,"column":107}},"type":"binary-expr","locations":[{"start":{"line":89,"column":20},"end":{"line":89,"column":63}},{"start":{"line":89,"column":67},"end":{"line":89,"column":107}}],"line":89}},"s":{"0":16,"1":16,"2":10,"3":10,"4":10,"5":4,"6":6,"7":6,"8":1,"9":5,"10":5,"11":0,"12":4,"13":1,"14":3,"15":3,"16":3,"17":3,"18":3,"19":3,"20":3,"21":5,"22":1,"23":4,"24":1,"25":3,"26":3,"27":3},"f":{"0":16,"1":10,"2":4,"3":5},"b":{"0":[14,2],"1":[16,14],"2":[4,6],"3":[1,5],"4":[6,6],"5":[5,0],"6":[3,2],"7":[3,2],"8":[1,3],"9":[0,3],"10":[1,2],"11":[1,2],"12":[3,1],"13":[1,2],"14":[3,1],"15":[1,4],"16":[1,3],"17":[4,4],"18":[0,3],"19":[3,0],"20":[3,3]},"_coverageSchema":"1a1c01bbd47fc00a2c39e90264f33305004495a9","hash":"47bef064eb0656efeebb18b8c76ca1ffb65bbbae"}
,"/Users/connorpepin/Cursor/lingoleaf/src/utils/readingEngagement.ts": {"path":"/Users/connorpepin/Cursor/lingoleaf/src/utils/readingEngagement.ts","statementMap":{"0":{"start":{"line":10,"column":21},"end":{"line":10,"column":42}},"1":{"start":{"line":11,"column":20},"end":{"line":11,"column":37}},"2":{"start":{"line":14,"column":2},"end":{"line":14,"column":29}},"3":{"start":{"line":23,"column":12},"end":{"line":23,"column":37}},"4":{"start":{"line":24,"column":14},"end":{"line":24,"column":66}},"5":{"start":{"line":25,"column":15},"end":{"line":25,"column":49}},"6":{"start":{"line":26,"column":2},"end":{"line":26,"column":46}},"7":{"start":{"line":27,"column":18},"end":{"line":27,"column":46}},"8":{"start":{"line":28,"column":2},"end":{"line":28,"column":37}},"9":{"start":{"line":32,"column":12},"end":{"line":32,"column":36}},"10":{"start":{"line":33,"column":14},"end":{"line":33,"column":66}},"11":{"start":{"line":34,"column":15},"end":{"line":34,"column":100}},"12":{"start":{"line":35,"column":2},"end":{"line":35,"column":46}},"13":{"start":{"line":36,"column":19},"end":{"line":36,"column":51}},"14":{"start":{"line":37,"column":2},"end":{"line":37,"column":37}},"15":{"start":{"line":41,"column":14},"end":{"line":41,"column":90}},"16":{"start":{"line":42,"column":2},"end":{"line":42,"column":40}},"17":{"start":{"line":46,"column":14},"end":{"line":46,"column":89}},"18":{"start":{"line":47,"column":2},"end":{"line":47,"column":40}}},"fnMap":{"0":{"name":"key","decl":{"start":{"line":13,"column":9},"end":{"line":13,"column":12}},"loc":{"start":{"line":13,"column":51},"end":{"line":15,"column":1}},"line":13},"1":{"name":"incrementReadingSession","decl":{"start":{"line":22,"column":22},"end":{"line":22,"column":45}},"loc":{"start":{"line":22,"column":90},"end":{"line":29,"column":1}},"line":22},"2":{"name":"addReadMinutes","decl":{"start":{"line":31,"column":22},"end":{"line":31,"column":36}},"loc":{"start":{"line":31,"column":103},"end":{"line":38,"column":1}},"line":31},"3":{"name":"getReadingSessions","decl":{"start":{"line":40,"column":22},"end":{"line":40,"column":40}},"loc":{"start":{"line":40,"column":74},"end":{"line":43,"column":1}},"line":40},"4":{"name":"getReadMinutes","decl":{"start":{"line":45,"column":22},"end":{"line":45,"column":36}},"loc":{"start":{"line":45,"column":70},"end":{"line":48,"column":1}},"line":45}},"branchMap":{"0":{"loc":{"start":{"line":24,"column":23},"end":{"line":24,"column":61}},"type":"binary-expr","locations":[{"start":{"line":24,"column":24},"end":{"line":24,"column":53}},{"start":{"line":24,"column":58},"end":{"line":24,"column":61}}],"line":24},"1":{"loc":{"start":{"line":25,"column":15},"end":{"line":25,"column":49}},"type":"cond-expr","locations":[{"start":{"line":25,"column":38},"end":{"line":25,"column":45}},{"start":{"line":25,"column":48},"end":{"line":25,"column":49}}],"line":25},"2":{"loc":{"start":{"line":33,"column":23},"end":{"line":33,"column":61}},"type":"binary-expr","locations":[{"start":{"line":33,"column":24},"end":{"line":33,"column":53}},{"start":{"line":33,"column":58},"end":{"line":33,"column":61}}],"line":33},"3":{"loc":{"start":{"line":34,"column":28},"end":{"line":34,"column":58}},"type":"cond-expr","locations":[{"start":{"line":34,"column":51},"end":{"line":34,"column":54}},{"start":{"line":34,"column":57},"end":{"line":34,"column":58}}],"line":34},"4":{"loc":{"start":{"line":41,"column":23},"end":{"line":41,"column":85}},"type":"binary-expr","locations":[{"start":{"line":41,"column":24},"end":{"line":41,"column":77}},{"start":{"line":41,"column":82},"end":{"line":41,"column":85}}],"line":41},"5":{"loc":{"start":{"line":42,"column":9},"end":{"line":42,"column":39}},"type":"cond-expr","locations":[{"start":{"line":42,"column":32},"end":{"line":42,"column":35}},{"start":{"line":42,"column":38},"end":{"line":42,"column":39}}],"line":42},"6":{"loc":{"start":{"line":46,"column":23},"end":{"line":46,"column":84}},"type":"binary-expr","locations":[{"start":{"line":46,"column":24},"end":{"line":46,"column":76}},{"start":{"line":46,"column":81},"end":{"line":46,"column":84}}],"line":46},"7":{"loc":{"start":{"line":47,"column":9},"end":{"line":47,"column":39}},"type":"cond-expr","locations":[{"start":{"line":47,"column":32},"end":{"line":47,"column":35}},{"start":{"line":47,"column":38},"end":{"line":47,"column":39}}],"line":47}},"s":{"0":1,"1":1,"2":34,"3":9,"4":9,"5":9,"6":9,"7":9,"8":9,"9":7,"10":7,"11":7,"12":7,"13":7,"14":7,"15":8,"16":8,"17":10,"18":10},"f":{"0":34,"1":9,"2":7,"3":8,"4":10},"b":{"0":[9,5],"1":[9,0],"2":[7,5],"3":[7,0],"4":[8,7],"5":[8,0],"6":[10,10],"7":[10,0]},"_coverageSchema":"1a1c01bbd47fc00a2c39e90264f33305004495a9","hash":"56907df0bc1eace789d7e9ea977934afcd5965b0"}
}
