TN:
SF:src/ads/adIds.ts
FN:10,env
FN:15,bannerUnitId
FNF:2
FNH:2
FNDA:4,env
FNDA:2,bannerUnitId
DA:11,4
DA:12,4
DA:16,2
DA:17,2
DA:18,2
DA:19,2
LF:6
LH:6
BRDA:12,0,0,0
BRDA:12,0,1,4
BRDA:12,1,0,4
BRDA:12,1,1,0
BRDA:18,2,0,2
BRDA:18,2,1,0
BRDA:19,3,0,2
BRDA:19,3,1,2
BRF:8
BRH:5
end_of_record
TN:
SF:src/ads/buildAdRows.ts
FN:15,buildAdRows
FNF:1
FNH:1
FNDA:6,buildAdRows
DA:16,6
DA:17,6
DA:19,6
DA:20,6
DA:21,14
DA:22,14
DA:23,14
DA:26,6
DA:27,6
DA:28,6
DA:29,6
DA:30,14
DA:31,14
DA:32,14
DA:33,6
DA:34,6
DA:37,6
LF:17
LH:17
BRDA:22,0,0,14
BRDA:22,0,1,0
BRDA:32,1,0,6
BRDA:32,1,1,8
BRF:4
BRH:3
end_of_record
TN:
SF:src/components/AppLoadingSplash.tsx
FN:13,AppLoadingSplash
FNF:1
FNH:0
FNDA:0,AppLoadingSplash
DA:11,0
DA:14,0
DA:32,0
LF:3
LH:0
BRF:0
BRH:0
end_of_record
TN:
SF:src/components/AuthErrorScreen.tsx
FN:14,AuthErrorScreen
FN:27,(anonymous_1)
FNF:2
FNH:0
FNDA:0,AuthErrorScreen
FNDA:0,(anonymous_1)
DA:15,0
DA:16,0
DA:18,0
DA:27,0
DA:34,0
LF:5
LH:0
BRDA:22,0,0,0
BRDA:22,0,1,0
BRF:2
BRH:0
end_of_record
TN:
SF:src/components/BookGridItem.tsx
FN:19,BookGridItem
FN:22,(anonymous_1)
FN:24,(anonymous_2)
FN:45,(anonymous_3)
FN:51,(anonymous_4)
FNF:5
FNH:0
FNDA:0,BookGridItem
FNDA:0,(anonymous_1)
FNDA:0,(anonymous_2)
FNDA:0,(anonymous_3)
FNDA:0,(anonymous_4)
DA:20,0
DA:22,0
DA:23,0
DA:24,0
DA:26,0
DA:27,0
DA:28,0
DA:29,0
DA:30,0
DA:37,0
DA:38,0
DA:39,0
DA:42,0
DA:43,0
DA:45,0
DA:46,0
DA:50,0
DA:51,0
DA:75,0
LF:19
LH:0
BRDA:26,0,0,0
BRDA:26,0,1,0
BRDA:29,1,0,0
BRDA:29,1,1,0
BRDA:37,2,0,0
BRDA:37,2,1,0
BRDA:38,3,0,0
BRDA:38,3,1,0
BRDA:43,4,0,0
BRDA:43,4,1,0
BRDA:53,5,0,0
BRDA:53,5,1,0
BRDA:66,6,0,0
BRDA:66,6,1,0
BRF:14
BRH:0
end_of_record
TN:
SF:src/components/BookListItem.tsx
FN:16,BookListItem
FN:20,(anonymous_1)
FNF:2
FNH:0
FNDA:0,BookListItem
FNDA:0,(anonymous_1)
DA:17,0
DA:20,0
DA:40,0
LF:3
LH:0
BRDA:27,0,0,0
BRDA:27,0,1,0
BRDA:32,1,0,0
BRDA:32,1,1,0
BRF:4
BRH:0
end_of_record
TN:
SF:src/components/BookNavigationSheet.tsx
FN:50,BookNavigationSheet
FN:69,(anonymous_1)
FN:74,(anonymous_2)
FN:79,(anonymous_3)
FN:100,(anonymous_4)
FN:106,(anonymous_5)
FN:118,(anonymous_6)
FN:157,(anonymous_7)
FN:161,(anonymous_8)
FN:181,(anonymous_9)
FN:182,(anonymous_10)
FN:186,(anonymous_11)
FN:198,(anonymous_12)
FNF:13
FNH:0
FNDA:0,BookNavigationSheet
FNDA:0,(anonymous_1)
FNDA:0,(anonymous_2)
FNDA:0,(anonymous_3)
FNDA:0,(anonymous_4)
FNDA:0,(anonymous_5)
FNDA:0,(anonymous_6)
FNDA:0,(anonymous_7)
FNDA:0,(anonymous_8)
FNDA:0,(anonymous_9)
FNDA:0,(anonymous_10)
FNDA:0,(anonymous_11)
FNDA:0,(anonymous_12)
DA:65,0
DA:66,0
DA:67,0
DA:69,0
DA:70,0
DA:71,0
DA:74,0
DA:75,0
DA:76,0
DA:79,0
DA:80,0
DA:81,0
DA:82,0
DA:83,0
DA:84,0
DA:85,0
DA:88,0
DA:100,0
DA:106,0
DA:118,0
DA:158,0
DA:162,0
DA:163,0
DA:181,0
DA:183,0
DA:187,0
DA:188,0
DA:198,0
DA:210,0
LF:29
LH:0
BRDA:52,0,0,0
BRDA:56,1,0,0
BRDA:57,2,0,0
BRDA:70,3,0,0
BRDA:70,3,1,0
BRDA:75,4,0,0
BRDA:75,4,1,0
BRDA:81,5,0,0
BRDA:81,5,1,0
BRDA:82,6,0,0
BRDA:82,6,1,0
BRDA:82,7,0,0
BRDA:82,7,1,0
BRDA:82,7,2,0
BRDA:99,8,0,0
BRDA:99,8,1,0
BRDA:102,9,0,0
BRDA:102,9,1,0
BRDA:105,10,0,0
BRDA:105,10,1,0
BRDA:108,11,0,0
BRDA:108,11,1,0
BRDA:114,12,0,0
BRDA:114,12,1,0
BRDA:116,13,0,0
BRDA:116,13,1,0
BRDA:116,14,0,0
BRDA:116,14,1,0
BRDA:124,15,0,0
BRDA:124,15,1,0
BRDA:124,16,0,0
BRDA:124,16,1,0
BRDA:134,17,0,0
BRDA:134,17,1,0
BRDA:154,18,0,0
BRDA:154,18,1,0
BRDA:167,19,0,0
BRDA:167,19,1,0
BRDA:176,20,0,0
BRDA:176,20,1,0
BRDA:181,21,0,0
BRDA:181,21,1,0
BRDA:192,22,0,0
BRDA:192,22,1,0
BRDA:192,23,0,0
BRDA:192,23,1,0
BRF:46
BRH:0
end_of_record
TN:
SF:src/components/EmptyState.tsx
FN:14,EmptyState
FNF:1
FNH:1
FNDA:2,EmptyState
DA:15,2
DA:22,1
LF:2
LH:2
BRF:0
BRH:0
end_of_record
TN:
SF:src/components/FlashcardSettingsModal.tsx
FN:39,formatMinutes
FN:45,FlashcardSettingsModal
FN:53,(anonymous_2)
FN:68,(anonymous_3)
FN:72,(anonymous_4)
FN:135,(anonymous_5)
FN:158,(anonymous_6)
FN:181,(anonymous_7)
FN:204,(anonymous_8)
FN:227,(anonymous_9)
FNF:10
FNH:0
FNDA:0,formatMinutes
FNDA:0,FlashcardSettingsModal
FNDA:0,(anonymous_2)
FNDA:0,(anonymous_3)
FNDA:0,(anonymous_4)
FNDA:0,(anonymous_5)
FNDA:0,(anonymous_6)
FNDA:0,(anonymous_7)
FNDA:0,(anonymous_8)
FNDA:0,(anonymous_9)
DA:40,0
DA:41,0
DA:42,0
DA:52,0
DA:53,0
DA:54,0
DA:66,0
DA:68,0
DA:69,0
DA:72,0
DA:73,0
DA:74,0
DA:75,0
DA:84,0
DA:87,0
DA:135,0
DA:158,0
DA:181,0
DA:204,0
DA:227,0
DA:253,0
LF:21
LH:0
BRDA:40,0,0,0
BRDA:40,0,1,0
BRDA:41,1,0,0
BRDA:41,1,1,0
BRDA:69,2,0,0
BRDA:69,2,1,0
BRDA:69,3,0,0
BRDA:69,3,1,0
BRDA:73,4,0,0
BRDA:73,4,1,0
BRDA:102,5,0,0
BRDA:102,5,1,0
BRDA:236,6,0,0
BRDA:236,6,1,0
BRF:14
BRH:0
end_of_record
TN:
SF:src/components/HighlightActionPopup.tsx
FN:60,HighlightActionPopup
FN:78,(anonymous_1)
FN:166,(anonymous_2)
FN:173,(anonymous_3)
FNF:4
FNH:0
FNDA:0,HighlightActionPopup
FNDA:0,(anonymous_1)
FNDA:0,(anonymous_2)
FNDA:0,(anonymous_3)
DA:18,0
DA:44,0
DA:45,0
DA:46,0
DA:47,0
DA:48,0
DA:49,0
DA:50,0
DA:52,0
DA:58,0
DA:74,0
DA:75,0
DA:76,0
DA:78,0
DA:79,0
DA:80,0
DA:87,0
DA:88,0
DA:89,0
DA:90,0
DA:91,0
DA:92,0
DA:94,0
DA:95,0
DA:97,0
DA:98,0
DA:99,0
DA:101,0
DA:103,0
DA:105,0
DA:106,0
DA:107,0
DA:108,0
DA:109,0
DA:111,0
DA:112,0
DA:114,0
DA:115,0
DA:118,0
DA:120,0
DA:123,0
DA:125,0
DA:132,0
DA:167,0
DA:168,0
DA:169,0
DA:173,0
DA:192,0
DA:194,0
LF:49
LH:0
BRDA:67,0,0,0
BRDA:75,1,0,0
BRDA:75,1,1,0
BRDA:75,1,2,0
BRDA:76,2,0,0
BRDA:76,2,1,0
BRDA:79,3,0,0
BRDA:79,3,1,0
BRDA:87,4,0,0
BRDA:87,4,1,0
BRDA:88,5,0,0
BRDA:88,5,1,0
BRDA:106,6,0,0
BRDA:106,6,1,0
BRDA:109,7,0,0
BRDA:109,7,1,0
BRDA:123,8,0,0
BRDA:123,8,1,0
BRDA:127,9,0,0
BRDA:127,9,1,0
BRDA:128,10,0,0
BRDA:128,10,1,0
BRDA:129,11,0,0
BRDA:129,11,1,0
BRDA:137,12,0,0
BRDA:137,12,1,0
BRDA:138,13,0,0
BRDA:138,13,1,0
BRDA:141,14,0,0
BRDA:141,14,1,0
BRDA:141,15,0,0
BRDA:141,15,1,0
BRDA:144,16,0,0
BRDA:144,16,1,0
BRDA:150,17,0,0
BRDA:150,17,1,0
BRDA:156,18,0,0
BRDA:156,18,1,0
BRDA:172,19,0,0
BRDA:172,19,1,0
BRDA:175,20,0,0
BRDA:175,20,1,0
BRDA:186,21,0,0
BRDA:186,21,1,0
BRF:44
BRH:0
end_of_record
TN:
SF:src/components/LibraryHeader.tsx
FN:34,LibraryHeader
FN:58,(anonymous_1)
FN:64,(anonymous_2)
FN:68,(anonymous_3)
FN:74,(anonymous_4)
FN:79,(anonymous_5)
FN:82,(anonymous_6)
FN:88,(anonymous_7)
FN:91,(anonymous_8)
FN:100,(anonymous_9)
FN:103,(anonymous_10)
FN:106,(anonymous_11)
FN:110,(anonymous_12)
FN:111,(anonymous_13)
FN:112,(anonymous_14)
FN:116,(anonymous_15)
FN:119,(anonymous_16)
FN:122,(anonymous_17)
FN:128,(anonymous_18)
FN:129,(anonymous_19)
FN:130,(anonymous_20)
FN:134,(anonymous_21)
FN:137,(anonymous_22)
FN:140,(anonymous_23)
FN:144,(anonymous_24)
FN:149,(anonymous_25)
FN:152,(anonymous_26)
FN:183,(anonymous_27)
FN:190,(anonymous_28)
FN:211,(anonymous_29)
FN:237,(anonymous_30)
FN:243,(anonymous_31)
FN:265,(anonymous_32)
FN:293,(anonymous_33)
FN:301,(anonymous_34)
FN:307,(anonymous_35)
FN:328,(anonymous_36)
FN:337,(anonymous_37)
FN:350,(anonymous_38)
FNF:39
FNH:0
FNDA:0,LibraryHeader
FNDA:0,(anonymous_1)
FNDA:0,(anonymous_2)
FNDA:0,(anonymous_3)
FNDA:0,(anonymous_4)
FNDA:0,(anonymous_5)
FNDA:0,(anonymous_6)
FNDA:0,(anonymous_7)
FNDA:0,(anonymous_8)
FNDA:0,(anonymous_9)
FNDA:0,(anonymous_10)
FNDA:0,(anonymous_11)
FNDA:0,(anonymous_12)
FNDA:0,(anonymous_13)
FNDA:0,(anonymous_14)
FNDA:0,(anonymous_15)
FNDA:0,(anonymous_16)
FNDA:0,(anonymous_17)
FNDA:0,(anonymous_18)
FNDA:0,(anonymous_19)
FNDA:0,(anonymous_20)
FNDA:0,(anonymous_21)
FNDA:0,(anonymous_22)
FNDA:0,(anonymous_23)
FNDA:0,(anonymous_24)
FNDA:0,(anonymous_25)
FNDA:0,(anonymous_26)
FNDA:0,(anonymous_27)
FNDA:0,(anonymous_28)
FNDA:0,(anonymous_29)
FNDA:0,(anonymous_30)
FNDA:0,(anonymous_31)
FNDA:0,(anonymous_32)
FNDA:0,(anonymous_33)
FNDA:0,(anonymous_34)
FNDA:0,(anonymous_35)
FNDA:0,(anonymous_36)
FNDA:0,(anonymous_37)
FNDA:0,(anonymous_38)
DA:45,0
DA:46,0
DA:47,0
DA:48,0
DA:49,0
DA:50,0
DA:51,0
DA:52,0
DA:53,0
DA:54,0
DA:55,0
DA:56,0
DA:58,0
DA:59,0
DA:60,0
DA:61,0
DA:64,0
DA:65,0
DA:68,0
DA:69,0
DA:70,0
DA:71,0
DA:74,0
DA:75,0
DA:76,0
DA:77,0
DA:79,0
DA:82,0
DA:83,0
DA:84,0
DA:85,0
DA:86,0
DA:88,0
DA:91,0
DA:92,0
DA:93,0
DA:94,0
DA:95,0
DA:96,0
DA:97,0
DA:100,0
DA:101,0
DA:102,0
DA:103,0
DA:104,0
DA:105,0
DA:106,0
DA:107,0
DA:110,0
DA:111,0
DA:112,0
DA:116,0
DA:117,0
DA:118,0
DA:119,0
DA:122,0
DA:123,0
DA:124,0
DA:125,0
DA:128,0
DA:129,0
DA:130,0
DA:134,0
DA:135,0
DA:136,0
DA:137,0
DA:140,0
DA:141,0
DA:142,0
DA:143,0
DA:145,0
DA:149,0
DA:150,0
DA:151,0
DA:152,0
DA:153,0
DA:155,0
DA:158,0
DA:183,0
DA:191,0
DA:192,0
DA:193,0
DA:194,0
DA:195,0
DA:212,0
DA:213,0
DA:238,0
DA:239,0
DA:243,0
DA:266,0
DA:267,0
DA:293,0
DA:302,0
DA:303,0
DA:307,0
DA:328,0
DA:337,0
DA:350,0
DA:376,0
LF:99
LH:0
BRDA:65,0,0,0
BRDA:65,0,1,0
BRDA:65,1,0,0
BRDA:65,1,1,0
BRDA:69,2,0,0
BRDA:69,2,1,0
BRDA:75,3,0,0
BRDA:75,3,1,0
BRDA:77,4,0,0
BRDA:77,4,1,0
BRDA:83,5,0,0
BRDA:83,5,1,0
BRDA:85,6,0,0
BRDA:85,6,1,0
BRDA:103,7,0,0
BRDA:103,7,1,0
BRDA:106,8,0,0
BRDA:106,8,1,0
BRDA:107,9,0,0
BRDA:107,9,1,0
BRDA:112,10,0,0
BRDA:112,10,1,0
BRDA:117,11,0,0
BRDA:117,11,1,0
BRDA:123,12,0,0
BRDA:123,12,1,0
BRDA:124,13,0,0
BRDA:124,13,1,0
BRDA:130,14,0,0
BRDA:130,14,1,0
BRDA:135,15,0,0
BRDA:135,15,1,0
BRDA:141,16,0,0
BRDA:141,16,1,0
BRDA:145,17,0,0
BRDA:145,17,1,0
BRDA:150,18,0,0
BRDA:150,18,1,0
BRDA:151,19,0,0
BRDA:151,19,1,0
BRDA:153,20,0,0
BRDA:153,20,1,0
BRDA:162,21,0,0
BRDA:162,21,1,0
BRDA:162,22,0,0
BRDA:162,22,1,0
BRDA:184,23,0,0
BRDA:184,23,1,0
BRDA:189,24,0,0
BRDA:189,24,1,0
BRDA:189,24,2,0
BRDA:198,25,0,0
BRDA:198,25,1,0
BRDA:198,26,0,0
BRDA:198,26,1,0
BRDA:201,27,0,0
BRDA:201,27,1,0
BRDA:205,28,0,0
BRDA:205,28,1,0
BRDA:231,29,0,0
BRDA:231,29,1,0
BRDA:242,30,0,0
BRDA:242,30,1,0
BRDA:245,31,0,0
BRDA:245,31,1,0
BRDA:248,32,0,0
BRDA:248,32,1,0
BRDA:255,33,0,0
BRDA:255,33,1,0
BRDA:259,34,0,0
BRDA:259,34,1,0
BRDA:285,35,0,0
BRDA:285,35,1,0
BRDA:292,36,0,0
BRDA:292,36,1,0
BRDA:295,37,0,0
BRDA:295,37,1,0
BRDA:298,38,0,0
BRDA:298,38,1,0
BRDA:306,39,0,0
BRDA:306,39,1,0
BRDA:309,40,0,0
BRDA:309,40,1,0
BRDA:312,41,0,0
BRDA:312,41,1,0
BRDA:323,42,0,0
BRDA:323,42,1,0
BRDA:341,43,0,0
BRDA:341,43,1,0
BRDA:357,44,0,0
BRDA:357,44,1,0
BRF:91
BRH:0
end_of_record
TN:
SF:src/components/OnboardingModal.tsx
FN:34,DotIndicator
FN:37,(anonymous_1)
FN:47,OnboardingModal
FN:54,(anonymous_3)
FN:62,(anonymous_4)
FN:66,(anonymous_5)
FN:68,(anonymous_6)
FN:74,(anonymous_7)
FN:81,(anonymous_8)
FN:126,(anonymous_9)
FN:133,(anonymous_10)
FN:160,(anonymous_11)
FN:160,(anonymous_12)
FN:167,(anonymous_13)
FN:258,(anonymous_14)
FN:263,(anonymous_15)
FN:270,(anonymous_16)
FN:270,(anonymous_17)
FN:283,(anonymous_18)
FNF:19
FNH:0
FNDA:0,DotIndicator
FNDA:0,(anonymous_1)
FNDA:0,OnboardingModal
FNDA:0,(anonymous_3)
FNDA:0,(anonymous_4)
FNDA:0,(anonymous_5)
FNDA:0,(anonymous_6)
FNDA:0,(anonymous_7)
FNDA:0,(anonymous_8)
FNDA:0,(anonymous_9)
FNDA:0,(anonymous_10)
FNDA:0,(anonymous_11)
FNDA:0,(anonymous_12)
FNDA:0,(anonymous_13)
FNDA:0,(anonymous_14)
FNDA:0,(anonymous_15)
FNDA:0,(anonymous_16)
FNDA:0,(anonymous_17)
FNDA:0,(anonymous_18)
DA:23,0
DA:35,0
DA:38,0
DA:48,0
DA:49,0
DA:50,0
DA:51,0
DA:52,0
DA:54,0
DA:55,0
DA:56,0
DA:58,0
DA:62,0
DA:63,0
DA:66,0
DA:67,0
DA:68,0
DA:70,0
DA:74,0
DA:75,0
DA:76,0
DA:77,0
DA:78,0
DA:81,0
DA:82,0
DA:83,0
DA:86,0
DA:127,0
DA:133,0
DA:160,0
DA:161,0
DA:167,0
DA:258,0
DA:263,0
DA:270,0
DA:283,0
DA:303,0
LF:37
LH:0
BRDA:40,0,0,0
BRDA:40,0,1,0
BRDA:55,1,0,0
BRDA:55,1,1,0
BRDA:67,2,0,0
BRDA:67,2,1,0
BRDA:75,3,0,0
BRDA:75,3,1,0
BRDA:76,4,0,0
BRDA:76,4,1,0
BRDA:77,5,0,0
BRDA:77,5,1,0
BRDA:82,6,0,0
BRDA:82,6,1,0
BRDA:91,7,0,0
BRDA:91,7,1,0
BRDA:102,8,0,0
BRDA:102,8,1,0
BRDA:116,9,0,0
BRDA:116,9,1,0
BRDA:131,10,0,0
BRDA:131,10,1,0
BRDA:138,11,0,0
BRDA:138,11,1,0
BRDA:150,12,0,0
BRDA:150,12,1,0
BRDA:165,13,0,0
BRDA:165,13,1,0
BRDA:172,14,0,0
BRDA:172,14,1,0
BRDA:184,15,0,0
BRDA:184,15,1,0
BRDA:205,16,0,0
BRDA:205,16,1,0
BRDA:226,17,0,0
BRDA:226,17,1,0
BRDA:247,18,0,0
BRDA:247,18,1,0
BRDA:269,19,0,0
BRDA:269,19,1,0
BRDA:272,20,0,0
BRDA:272,20,1,0
BRDA:272,21,0,0
BRDA:272,21,1,0
BRDA:280,22,0,0
BRDA:280,22,1,0
BRDA:289,23,0,0
BRDA:289,23,1,0
BRF:48
BRH:0
end_of_record
TN:
SF:src/components/OnboardingWrapper.tsx
FN:20,OnboardingWrapper
FN:25,(anonymous_1)
FN:29,(anonymous_2)
FN:42,(anonymous_3)
FN:52,(anonymous_4)
FN:72,(anonymous_5)
FNF:6
FNH:0
FNDA:0,OnboardingWrapper
FNDA:0,(anonymous_1)
FNDA:0,(anonymous_2)
FNDA:0,(anonymous_3)
FNDA:0,(anonymous_4)
FNDA:0,(anonymous_5)
DA:13,0
DA:14,0
DA:21,0
DA:22,0
DA:23,0
DA:25,0
DA:26,0
DA:29,0
DA:30,0
DA:31,0
DA:32,0
DA:33,0
DA:36,0
DA:38,0
DA:42,0
DA:43,0
DA:45,0
DA:46,0
DA:52,0
DA:58,0
DA:60,0
DA:61,0
DA:62,0
DA:64,0
DA:66,0
DA:67,0
DA:68,0
DA:72,0
DA:73,0
DA:74,0
DA:75,0
DA:76,0
DA:78,0
DA:82,0
DA:83,0
DA:86,0
LF:36
LH:0
BRDA:32,0,0,0
BRDA:32,0,1,0
BRDA:45,1,0,0
BRDA:45,1,1,0
BRDA:52,2,0,0
BRDA:52,2,1,0
BRDA:53,3,0,0
BRDA:53,3,1,0
BRDA:82,4,0,0
BRDA:82,4,1,0
BRF:10
BRH:0
end_of_record
TN:
SF:src/components/ReaderEdgeTapOverlay.tsx
FN:21,ReaderEdgeTapOverlay
FN:24,(anonymous_1)
FN:28,(anonymous_2)
FN:34,(anonymous_3)
FNF:4
FNH:0
FNDA:0,ReaderEdgeTapOverlay
FNDA:0,(anonymous_1)
FNDA:0,(anonymous_2)
FNDA:0,(anonymous_3)
DA:12,0
DA:13,0
DA:22,0
DA:24,0
DA:25,0
DA:28,0
DA:29,0
DA:30,0
DA:34,0
DA:35,0
DA:36,0
DA:40,0
DA:59,0
LF:13
LH:0
BRDA:29,0,0,0
BRDA:29,0,1,0
BRDA:35,1,0,0
BRDA:35,1,1,0
BRF:4
BRH:0
end_of_record
TN:
SF:src/components/ReaderHighlightsModal.tsx
FN:23,ReaderHighlightsModal
FN:24,(anonymous_1)
FN:25,(anonymous_2)
FN:41,(anonymous_3)
FN:43,(anonymous_4)
FN:48,(anonymous_5)
FNF:6
FNH:0
FNDA:0,ReaderHighlightsModal
FNDA:0,(anonymous_1)
FNDA:0,(anonymous_2)
FNDA:0,(anonymous_3)
FNDA:0,(anonymous_4)
FNDA:0,(anonymous_5)
DA:24,0
DA:25,0
DA:28,0
DA:42,0
DA:43,0
DA:48,0
DA:59,0
LF:7
LH:0
BRDA:25,0,0,0
BRDA:25,0,1,0
BRDA:38,1,0,0
BRDA:38,1,1,0
BRF:4
BRH:0
end_of_record
TN:
SF:src/components/ReaderNavigationOverlay.tsx
FN:49,ReaderNavigationOverlay
FN:69,(anonymous_1)
FN:71,(anonymous_2)
FN:75,(anonymous_3)
FN:78,(anonymous_4)
FN:88,(anonymous_5)
FN:92,(anonymous_6)
FN:100,(anonymous_7)
FN:105,(anonymous_8)
FN:108,(anonymous_9)
FN:120,(anonymous_10)
FN:129,(anonymous_11)
FN:129,(anonymous_12)
FN:135,(anonymous_13)
FN:151,(anonymous_14)
FN:173,(anonymous_15)
FN:186,(anonymous_16)
FN:232,(anonymous_17)
FN:240,(anonymous_18)
FN:254,(anonymous_19)
FN:258,(anonymous_20)
FN:272,(anonymous_21)
FN:276,(anonymous_22)
FN:288,(anonymous_23)
FN:300,PageCardSeparator
FNF:25
FNH:0
FNDA:0,ReaderNavigationOverlay
FNDA:0,(anonymous_1)
FNDA:0,(anonymous_2)
FNDA:0,(anonymous_3)
FNDA:0,(anonymous_4)
FNDA:0,(anonymous_5)
FNDA:0,(anonymous_6)
FNDA:0,(anonymous_7)
FNDA:0,(anonymous_8)
FNDA:0,(anonymous_9)
FNDA:0,(anonymous_10)
FNDA:0,(anonymous_11)
FNDA:0,(anonymous_12)
FNDA:0,(anonymous_13)
FNDA:0,(anonymous_14)
FNDA:0,(anonymous_15)
FNDA:0,(anonymous_16)
FNDA:0,(anonymous_17)
FNDA:0,(anonymous_18)
FNDA:0,(anonymous_19)
FNDA:0,(anonymous_20)
FNDA:0,(anonymous_21)
FNDA:0,(anonymous_22)
FNDA:0,(anonymous_23)
FNDA:0,PageCardSeparator
DA:24,0
DA:25,0
DA:26,0
DA:27,0
DA:29,0
DA:30,0
DA:63,0
DA:64,0
DA:65,0
DA:66,0
DA:67,0
DA:69,0
DA:70,0
DA:71,0
DA:75,0
DA:76,0
DA:77,0
DA:78,0
DA:79,0
DA:80,0
DA:86,0
DA:88,0
DA:91,0
DA:93,0
DA:94,0
DA:99,0
DA:101,0
DA:102,0
DA:105,0
DA:109,0
DA:119,0
DA:120,0
DA:128,0
DA:129,0
DA:134,0
DA:136,0
DA:137,0
DA:138,0
DA:139,0
DA:150,0
DA:152,0
DA:153,0
DA:158,0
DA:187,0
DA:188,0
DA:232,0
DA:240,0
DA:255,0
DA:259,0
DA:260,0
DA:273,0
DA:277,0
DA:278,0
DA:288,0
DA:301,0
DA:304,0
LF:56
LH:0
BRDA:70,0,0,0
BRDA:70,0,1,0
BRDA:76,1,0,0
BRDA:76,1,1,0
BRDA:76,2,0,0
BRDA:76,2,1,0
BRDA:104,3,0,0
BRDA:104,3,1,0
BRDA:109,4,0,0
BRDA:109,4,1,0
BRDA:112,5,0,0
BRDA:112,5,1,0
BRDA:129,6,0,0
BRDA:129,6,1,0
BRDA:161,7,0,0
BRDA:161,7,1,0
BRDA:171,8,0,0
BRDA:171,8,1,0
BRDA:183,9,0,0
BRDA:183,9,1,0
BRDA:196,10,0,0
BRDA:196,10,1,0
BRDA:218,11,0,0
BRDA:218,11,1,0
BRDA:221,12,0,0
BRDA:221,12,1,0
BRDA:231,13,0,0
BRDA:231,13,1,0
BRDA:234,14,0,0
BRDA:234,14,1,0
BRDA:239,15,0,0
BRDA:239,15,1,0
BRDA:242,16,0,0
BRDA:242,16,1,0
BRDA:250,17,0,0
BRDA:250,17,1,0
BRDA:251,18,0,0
BRDA:251,18,1,0
BRDA:264,19,0,0
BRDA:264,19,1,0
BRDA:269,20,0,0
BRDA:269,20,1,0
BRDA:282,21,0,0
BRDA:282,21,1,0
BRDA:282,22,0,0
BRDA:282,22,1,0
BRF:46
BRH:0
end_of_record
TN:
SF:src/components/ReaderOverlays.tsx
FN:27,ReaderOverlays
FN:38,(anonymous_1)
FN:39,(anonymous_2)
FNF:3
FNH:3
FNDA:9,ReaderOverlays
FNDA:3,(anonymous_1)
FNDA:3,(anonymous_2)
DA:14,1
DA:35,9
DA:36,9
DA:38,9
DA:39,3
DA:40,3
DA:44,9
DA:45,9
DA:49,9
DA:50,9
DA:51,5
DA:52,3
DA:53,2
DA:54,1
DA:56,1
DA:57,1
DA:58,1
DA:59,1
DA:63,0
DA:68,9
DA:106,1
LF:21
LH:20
BRDA:30,0,0,9
BRDA:40,1,0,1
BRDA:40,1,1,2
BRDA:40,2,0,1
BRDA:40,2,1,1
BRDA:44,3,0,5
BRDA:44,3,1,4
BRDA:44,4,0,9
BRDA:44,4,1,5
BRDA:45,5,0,5
BRDA:45,5,1,4
BRDA:45,6,0,9
BRDA:45,6,1,5
BRDA:45,6,2,5
BRDA:50,7,0,5
BRDA:50,7,1,4
BRDA:50,8,0,9
BRDA:50,8,1,5
BRDA:51,9,0,3
BRDA:51,9,1,2
BRDA:53,10,0,1
BRDA:53,10,1,1
BRDA:57,11,0,1
BRDA:57,11,1,0
BRDA:57,12,0,1
BRDA:57,12,1,1
BRDA:59,13,0,0
BRDA:59,13,1,1
BRDA:72,14,0,1
BRDA:72,14,1,8
BRDA:77,15,0,1
BRDA:77,15,1,7
BRDA:79,16,0,0
BRDA:79,16,1,1
BRDA:84,17,0,0
BRDA:84,17,1,7
BRDA:93,18,0,9
BRDA:93,18,1,5
BRF:38
BRH:34
end_of_record
TN:
SF:src/components/ReaderSettingsModal.tsx
FN:47,ReaderSettingsModal
FN:64,(anonymous_1)
FN:83,(anonymous_2)
FN:89,(anonymous_3)
FN:130,(anonymous_4)
FN:142,(anonymous_5)
FN:146,(anonymous_6)
FN:157,(anonymous_7)
FN:165,(anonymous_8)
FNF:9
FNH:0
FNDA:0,ReaderSettingsModal
FNDA:0,(anonymous_1)
FNDA:0,(anonymous_2)
FNDA:0,(anonymous_3)
FNDA:0,(anonymous_4)
FNDA:0,(anonymous_5)
FNDA:0,(anonymous_6)
FNDA:0,(anonymous_7)
FNDA:0,(anonymous_8)
DA:32,0
DA:41,0
DA:48,0
DA:49,0
DA:50,0
DA:60,0
DA:62,0
DA:64,0
DA:65,0
DA:66,0
DA:67,0
DA:68,0
DA:75,0
DA:77,0
DA:79,0
DA:83,0
DA:84,0
DA:85,0
DA:89,0
DA:90,0
DA:91,0
DA:94,0
DA:130,0
DA:143,0
DA:146,0
DA:158,0
DA:165,0
DA:179,0
LF:28
LH:0
BRDA:65,0,0,0
BRDA:65,0,1,0
BRDA:84,1,0,0
BRDA:84,1,1,0
BRDA:84,2,0,0
BRDA:84,2,1,0
BRDA:129,3,0,0
BRDA:129,3,1,0
BRDA:145,4,0,0
BRDA:145,4,1,0
BRDA:148,5,0,0
BRDA:148,5,1,0
BRDA:149,6,0,0
BRDA:149,6,1,0
BRDA:162,7,0,0
BRDA:162,7,1,0
BRDA:168,8,0,0
BRDA:168,8,1,0
BRF:18
BRH:0
end_of_record
TN:
SF:src/components/ReaderTutorial.tsx
FN:15,ReaderTutorial
FN:19,(anonymous_1)
FN:21,(anonymous_2)
FN:23,(anonymous_3)
FN:29,(anonymous_4)
FN:32,(anonymous_5)
FNF:6
FNH:0
FNDA:0,ReaderTutorial
FNDA:0,(anonymous_1)
FNDA:0,(anonymous_2)
FNDA:0,(anonymous_3)
FNDA:0,(anonymous_4)
FNDA:0,(anonymous_5)
DA:12,0
DA:16,0
DA:17,0
DA:19,0
DA:20,0
DA:21,0
DA:22,0
DA:23,0
DA:24,0
DA:27,0
DA:29,0
DA:32,0
DA:33,0
DA:34,0
DA:35,0
DA:41,0
DA:43,0
LF:17
LH:0
BRDA:22,0,0,0
BRDA:22,0,1,0
BRDA:22,1,0,0
BRDA:22,1,1,0
BRDA:24,2,0,0
BRDA:24,2,1,0
BRDA:27,3,0,0
BRDA:27,3,1,0
BRDA:41,4,0,0
BRDA:41,4,1,0
BRDA:41,5,0,0
BRDA:41,5,1,0
BRF:12
BRH:0
end_of_record
TN:
SF:src/components/ReaderTutorialModal.tsx
FN:39,ReaderTutorialModal
FN:44,(anonymous_1)
FN:48,(anonymous_2)
FN:57,(anonymous_3)
FN:62,(anonymous_4)
FN:70,(anonymous_5)
FN:231,(anonymous_6)
FN:234,(anonymous_7)
FN:269,(anonymous_8)
FNF:9
FNH:0
FNDA:0,ReaderTutorialModal
FNDA:0,(anonymous_1)
FNDA:0,(anonymous_2)
FNDA:0,(anonymous_3)
FNDA:0,(anonymous_4)
FNDA:0,(anonymous_5)
FNDA:0,(anonymous_6)
FNDA:0,(anonymous_7)
FNDA:0,(anonymous_8)
DA:23,0
DA:25,0
DA:26,0
DA:28,0
DA:37,0
DA:40,0
DA:41,0
DA:42,0
DA:44,0
DA:45,0
DA:48,0
DA:49,0
DA:50,0
DA:56,0
DA:57,0
DA:59,0
DA:62,0
DA:63,0
DA:64,0
DA:66,0
DA:70,0
DA:71,0
DA:74,0
DA:84,0
DA:88,0
DA:89,0
DA:90,0
DA:91,0
DA:92,0
DA:93,0
DA:94,0
DA:95,0
DA:97,0
DA:99,0
DA:232,0
DA:235,0
DA:270,0
DA:301,0
LF:38
LH:0
BRDA:45,0,0,0
BRDA:45,0,1,0
BRDA:49,1,0,0
BRDA:49,1,1,0
BRDA:49,2,0,0
BRDA:49,2,1,0
BRDA:63,3,0,0
BRDA:63,3,1,0
BRDA:71,4,0,0
BRDA:71,4,1,0
BRDA:89,5,0,0
BRDA:89,5,1,0
BRDA:97,6,0,0
BRDA:97,6,1,0
BRDA:97,7,0,0
BRDA:97,7,1,0
BRDA:122,8,0,0
BRDA:122,8,1,0
BRDA:131,9,0,0
BRDA:131,9,1,0
BRDA:144,10,0,0
BRDA:144,10,1,0
BRDA:146,11,0,0
BRDA:146,11,1,0
BRDA:157,12,0,0
BRDA:157,12,1,0
BRDA:175,13,0,0
BRDA:175,13,1,0
BRDA:202,14,0,0
BRDA:202,14,1,0
BRDA:225,15,0,0
BRDA:225,15,1,0
BRDA:232,16,0,0
BRDA:232,16,1,0
BRDA:235,17,0,0
BRDA:235,17,1,0
BRDA:238,18,0,0
BRDA:238,18,1,0
BRDA:270,19,0,0
BRDA:270,19,1,0
BRDA:271,20,0,0
BRDA:271,20,1,0
BRF:42
BRH:0
end_of_record
TN:
SF:src/components/SelectionToolbar.tsx
FN:27,SelectionToolbar
FN:28,(anonymous_1)
FNF:2
FNH:0
FNDA:0,SelectionToolbar
FNDA:0,(anonymous_1)
DA:11,0
DA:12,0
DA:13,0
DA:14,0
DA:15,0
DA:16,0
DA:28,0
DA:29,0
DA:30,0
DA:37,0
DA:38,0
DA:39,0
DA:40,0
DA:41,0
DA:42,0
DA:45,0
DA:47,0
DA:50,0
DA:51,0
DA:52,0
DA:55,0
DA:57,0
DA:59,0
DA:60,0
DA:61,0
DA:63,0
DA:64,0
DA:67,0
DA:68,0
DA:72,0
DA:73,0
DA:75,0
DA:78,0
DA:84,0
DA:103,0
LF:35
LH:0
BRDA:29,0,0,0
BRDA:29,0,1,0
BRDA:37,1,0,0
BRDA:37,1,1,0
BRDA:38,2,0,0
BRDA:38,2,1,0
BRDA:57,3,0,0
BRDA:57,3,1,0
BRDA:61,4,0,0
BRDA:61,4,1,0
BRDA:80,5,0,0
BRDA:80,5,1,0
BRDA:81,6,0,0
BRDA:81,6,1,0
BRDA:86,7,0,0
BRDA:86,7,1,0
BRDA:98,8,0,0
BRDA:98,8,1,0
BRF:18
BRH:0
end_of_record
TN:
SF:src/components/Snackbar.tsx
FN:23,Snackbar
FN:32,(anonymous_1)
FN:44,(anonymous_2)
FN:52,(anonymous_3)
FN:58,(anonymous_4)
FNF:5
FNH:4
FNDA:5,Snackbar
FNDA:5,(anonymous_1)
FNDA:1,(anonymous_2)
FNDA:0,(anonymous_3)
FNDA:5,(anonymous_4)
DA:11,1
DA:24,5
DA:25,5
DA:26,5
DA:27,5
DA:28,5
DA:30,5
DA:32,5
DA:33,5
DA:35,4
DA:36,4
DA:43,4
DA:44,4
DA:45,1
DA:48,1
DA:54,0
DA:58,5
DA:59,5
DA:63,5
DA:66,4
DA:67,4
DA:68,4
DA:70,4
DA:71,1
DA:88,3
DA:106,1
LF:26
LH:25
BRDA:23,0,0,3
BRDA:23,1,0,4
BRDA:23,2,0,4
BRDA:33,3,0,4
BRDA:33,3,1,1
BRDA:43,4,0,0
BRDA:43,4,1,4
BRDA:59,5,0,4
BRDA:59,5,1,1
BRDA:63,6,0,1
BRDA:63,6,1,4
BRDA:66,7,0,1
BRDA:66,7,1,3
BRDA:66,8,0,1
BRDA:66,8,1,2
BRDA:67,9,0,2
BRDA:67,9,1,2
BRDA:70,10,0,1
BRDA:70,10,1,3
BRF:19
BRH:18
end_of_record
TN:
SF:src/components/StudyTutorial.tsx
FN:19,StudyTutorial
FN:23,(anonymous_1)
FN:26,(anonymous_2)
FN:28,(anonymous_3)
FN:34,(anonymous_4)
FN:37,(anonymous_5)
FNF:6
FNH:0
FNDA:0,StudyTutorial
FNDA:0,(anonymous_1)
FNDA:0,(anonymous_2)
FNDA:0,(anonymous_3)
FNDA:0,(anonymous_4)
FNDA:0,(anonymous_5)
DA:12,0
DA:20,0
DA:21,0
DA:23,0
DA:24,0
DA:25,0
DA:26,0
DA:27,0
DA:28,0
DA:29,0
DA:32,0
DA:34,0
DA:37,0
DA:38,0
DA:39,0
DA:40,0
DA:46,0
DA:48,0
LF:18
LH:0
BRDA:24,0,0,0
BRDA:24,0,1,0
BRDA:27,1,0,0
BRDA:27,1,1,0
BRDA:27,2,0,0
BRDA:27,2,1,0
BRDA:29,3,0,0
BRDA:29,3,1,0
BRDA:32,4,0,0
BRDA:32,4,1,0
BRDA:46,5,0,0
BRDA:46,5,1,0
BRDA:46,6,0,0
BRDA:46,6,1,0
BRF:14
BRH:0
end_of_record
TN:
SF:src/components/StudyTutorialModal.tsx
FN:36,StudyTutorialModal
FN:40,(anonymous_1)
FN:44,(anonymous_2)
FN:52,(anonymous_3)
FN:161,(anonymous_4)
FNF:5
FNH:0
FNDA:0,StudyTutorialModal
FNDA:0,(anonymous_1)
FNDA:0,(anonymous_2)
FNDA:0,(anonymous_3)
FNDA:0,(anonymous_4)
DA:21,0
DA:23,0
DA:28,0
DA:37,0
DA:38,0
DA:40,0
DA:41,0
DA:44,0
DA:45,0
DA:46,0
DA:48,0
DA:52,0
DA:53,0
DA:56,0
DA:63,0
DA:65,0
DA:66,0
DA:67,0
DA:69,0
DA:71,0
DA:162,0
DA:209,0
LF:22
LH:0
BRDA:41,0,0,0
BRDA:41,0,1,0
BRDA:45,1,0,0
BRDA:45,1,1,0
BRDA:53,2,0,0
BRDA:53,2,1,0
BRDA:69,3,0,0
BRDA:69,3,1,0
BRDA:74,4,0,0
BRDA:74,4,1,0
BRDA:150,5,0,0
BRDA:150,5,1,0
BRDA:153,6,0,0
BRDA:153,6,1,0
BRDA:156,7,0,0
BRDA:156,7,1,0
BRDA:173,8,0,0
BRDA:173,8,1,0
BRDA:173,8,2,0
BRF:19
BRH:0
end_of_record
TN:
SF:src/components/TranslateSheet.tsx
FN:44,TranslateSheet
FN:161,(anonymous_1)
FN:176,(anonymous_2)
FN:192,(anonymous_3)
FN:198,(anonymous_4)
FN:210,(anonymous_5)
FNF:6
FNH:0
FNDA:0,TranslateSheet
FNDA:0,(anonymous_1)
FNDA:0,(anonymous_2)
FNDA:0,(anonymous_3)
FNDA:0,(anonymous_4)
FNDA:0,(anonymous_5)
DA:61,0
DA:62,0
DA:63,0
DA:64,0
DA:67,0
DA:162,0
DA:163,0
DA:164,0
DA:166,0
DA:167,0
DA:168,0
DA:169,0
DA:177,0
DA:178,0
DA:193,0
DA:194,0
DA:198,0
DA:210,0
DA:229,0
LF:19
LH:0
BRDA:81,0,0,0
BRDA:81,0,1,0
BRDA:86,1,0,0
BRDA:86,1,1,0
BRDA:102,2,0,0
BRDA:102,2,1,0
BRDA:107,3,0,0
BRDA:107,3,1,0
BRDA:136,4,0,0
BRDA:136,4,1,0
BRDA:136,5,0,0
BRDA:136,5,1,0
BRDA:136,5,2,0
BRDA:136,5,3,0
BRDA:141,6,0,0
BRDA:141,6,1,0
BRDA:142,7,0,0
BRDA:142,7,1,0
BRDA:142,8,0,0
BRDA:142,8,1,0
BRDA:144,9,0,0
BRDA:144,9,1,0
BRDA:147,10,0,0
BRDA:147,10,1,0
BRDA:162,11,0,0
BRDA:162,11,1,0
BRDA:197,12,0,0
BRDA:197,12,1,0
BRDA:200,13,0,0
BRDA:200,13,1,0
BRDA:203,14,0,0
BRDA:203,14,1,0
BRDA:207,15,0,0
BRDA:207,15,1,0
BRF:34
BRH:0
end_of_record
TN:
SF:src/components/TutorialTooltip.tsx
FN:29,TutorialTooltip
FN:57,(anonymous_1)
FNF:2
FNH:0
FNDA:0,TutorialTooltip
FNDA:0,(anonymous_1)
DA:44,0
DA:45,0
DA:46,0
DA:47,0
DA:48,0
DA:50,0
DA:58,0
DA:81,0
LF:8
LH:0
BRDA:41,0,0,0
BRDA:42,1,0,0
BRDA:44,2,0,0
BRDA:44,2,1,0
BRDA:45,3,0,0
BRDA:45,3,1,0
BRDA:46,4,0,0
BRDA:46,4,1,0
BRDA:47,5,0,0
BRDA:47,5,1,0
BRDA:48,6,0,0
BRDA:48,6,1,0
BRDA:55,7,0,0
BRDA:55,7,1,0
BRDA:58,8,0,0
BRDA:58,8,1,0
BRDA:64,9,0,0
BRDA:64,9,1,0
BRDA:74,10,0,0
BRDA:74,10,1,0
BRF:20
BRH:0
end_of_record
TN:
SF:src/components/UpgradeAccountPrompt.tsx
FN:24,UpgradeAccountPrompt
FN:28,(anonymous_1)
FN:44,(anonymous_2)
FNF:3
FNH:0
FNDA:0,UpgradeAccountPrompt
FNDA:0,(anonymous_1)
FNDA:0,(anonymous_2)
DA:25,0
DA:27,0
DA:29,0
DA:33,0
DA:45,0
DA:46,0
DA:55,0
LF:7
LH:0
BRF:0
BRH:0
end_of_record
TN:
SF:src/components/VocabListPickerModal.tsx
FN:23,VocabListPickerModal
FN:29,(anonymous_1)
FN:32,(anonymous_2)
FNF:3
FNH:0
FNDA:0,VocabListPickerModal
FNDA:0,(anonymous_1)
FNDA:0,(anonymous_2)
DA:24,0
DA:30,0
DA:31,0
DA:32,0
DA:47,0
LF:5
LH:0
BRDA:32,0,0,0
BRDA:32,0,1,0
BRDA:33,1,0,0
BRDA:33,1,1,0
BRDA:36,2,0,0
BRDA:36,2,1,0
BRF:6
BRH:0
end_of_record
TN:
SF:src/components/ads/AdBanner.tsx
FN:17,AdBanner
FNF:1
FNH:0
FNDA:0,AdBanner
DA:18,0
DA:19,0
DA:26,0
LF:3
LH:0
BRDA:17,0,0,0
BRDA:18,1,0,0
BRDA:18,1,1,0
BRF:3
BRH:0
end_of_record
TN:
SF:src/components/ui/Button.tsx
FN:27,Button
FNF:1
FNH:1
FNDA:11,Button
DA:38,11
DA:46,11
DA:54,11
DA:67,1
LF:4
LH:4
BRDA:30,0,0,10
BRDA:31,1,0,7
BRDA:32,2,0,9
BRDA:42,3,0,1
BRDA:42,3,1,10
BRDA:50,4,0,1
BRDA:50,4,1,10
BRDA:57,5,0,1
BRDA:57,5,1,10
BRDA:61,6,0,1
BRDA:61,6,1,10
BRF:11
BRH:11
end_of_record
TN:
SF:src/components/ui/CenteredLoader.tsx
FN:15,CenteredLoader
FNF:1
FNH:1
FNDA:3,CenteredLoader
DA:16,3
DA:24,1
LF:2
LH:2
BRDA:19,0,0,1
BRDA:19,0,1,2
BRF:2
BRH:2
end_of_record
TN:
SF:src/components/ui/OverlayModal.tsx
FN:23,OverlayModal
FNF:1
FNH:0
FNDA:0,OverlayModal
DA:31,0
DA:49,0
LF:2
LH:0
BRDA:29,0,0,0
BRDA:40,1,0,0
BRDA:40,1,1,0
BRF:3
BRH:0
end_of_record
TN:
SF:src/constants/languages.ts
FNF:0
FNH:0
DA:6,1
LF:1
LH:1
BRF:0
BRH:0
end_of_record
TN:
SF:src/i18n/useTranslation.ts
FN:9,useTranslation
FN:10,(anonymous_1)
FN:11,(anonymous_2)
FNF:3
FNH:3
FNDA:4,useTranslation
FNDA:4,(anonymous_1)
FNDA:3,(anonymous_2)
DA:10,4
DA:11,4
LF:2
LH:2
BRF:0
BRH:0
end_of_record
TN:
SF:src/navigation/index.tsx
FN:34,MainTabs
FN:60,(anonymous_1)
FN:71,(anonymous_2)
FN:82,(anonymous_3)
FN:93,(anonymous_4)
FN:102,RootNavigator
FN:104,(anonymous_6)
FN:107,(anonymous_7)
FNF:8
FNH:0
FNDA:0,MainTabs
FNDA:0,(anonymous_1)
FNDA:0,(anonymous_2)
FNDA:0,(anonymous_3)
FNDA:0,(anonymous_4)
FNDA:0,RootNavigator
FNDA:0,(anonymous_6)
FNDA:0,(anonymous_7)
DA:31,0
DA:32,0
DA:35,0
DA:36,0
DA:61,0
DA:72,0
DA:83,0
DA:94,0
DA:103,0
DA:104,0
DA:105,0
DA:107,0
DA:108,0
DA:111,0
DA:112,0
DA:115,0
DA:116,0
DA:119,0
LF:18
LH:0
BRDA:108,0,0,0
BRDA:108,0,1,0
BRDA:111,1,0,0
BRDA:111,1,1,0
BRDA:115,2,0,0
BRDA:115,2,1,0
BRDA:115,3,0,0
BRDA:115,3,1,0
BRF:8
BRH:0
end_of_record
TN:
SF:src/reader/readerInjectedJavascript.ts
FNF:0
FNH:0
DA:8,0
LF:1
LH:0
BRF:0
BRH:0
end_of_record
TN:
SF:src/reader/readerTheme.ts
FNF:0
FNH:0
DA:10,1
LF:1
LH:1
BRF:0
BRH:0
end_of_record
TN:
SF:src/screens/AdminScreen.tsx
FN:46,AdminScreen
FN:60,(anonymous_1)
FN:64,(anonymous_2)
FN:87,(anonymous_3)
FN:116,(anonymous_4)
FN:128,(anonymous_5)
FN:251,(anonymous_6)
FN:343,(anonymous_7)
FN:350,(anonymous_8)
FN:367,(anonymous_9)
FN:371,(anonymous_10)
FNF:11
FNH:0
FNDA:0,AdminScreen
FNDA:0,(anonymous_1)
FNDA:0,(anonymous_2)
FNDA:0,(anonymous_3)
FNDA:0,(anonymous_4)
FNDA:0,(anonymous_5)
FNDA:0,(anonymous_6)
FNDA:0,(anonymous_7)
FNDA:0,(anonymous_8)
FNDA:0,(anonymous_9)
FNDA:0,(anonymous_10)
DA:29,0
DA:33,0
DA:47,0
DA:48,0
DA:49,0
DA:50,0
DA:51,0
DA:52,0
DA:55,0
DA:56,0
DA:57,0
DA:58,0
DA:60,0
DA:61,0
DA:64,0
DA:65,0
DA:66,0
DA:67,0
DA:70,0
DA:71,0
DA:72,0
DA:74,0
DA:75,0
DA:76,0
DA:79,0
DA:80,0
DA:81,0
DA:83,0
DA:87,0
DA:88,0
DA:90,0
DA:95,0
DA:96,0
DA:99,0
DA:101,0
DA:102,0
DA:103,0
DA:106,0
DA:107,0
DA:108,0
DA:109,0
DA:112,0
DA:113,0
DA:115,0
DA:116,0
DA:118,0
DA:123,0
DA:124,0
DA:128,0
DA:129,0
DA:130,0
DA:131,0
DA:134,0
DA:135,0
DA:136,0
DA:137,0
DA:140,0
DA:141,0
DA:143,0
DA:144,0
DA:146,0
DA:155,0
DA:158,0
DA:164,0
DA:166,0
DA:169,0
DA:170,0
DA:171,0
DA:175,0
DA:176,0
DA:178,0
DA:186,0
DA:187,0
DA:188,0
DA:189,0
DA:192,0
DA:193,0
DA:196,0
DA:204,0
DA:207,0
DA:208,0
DA:209,0
DA:210,0
DA:211,0
DA:213,0
DA:217,0
DA:219,0
DA:225,0
DA:231,0
DA:232,0
DA:234,0
DA:242,0
DA:243,0
DA:244,0
DA:246,0
DA:247,0
DA:251,0
DA:253,0
DA:256,0
DA:259,0
DA:266,0
DA:267,0
DA:268,0
DA:269,0
DA:270,0
DA:272,0
DA:273,0
DA:275,0
DA:279,0
DA:280,0
DA:287,0
DA:288,0
DA:291,0
DA:344,0
DA:350,0
DA:368,0
DA:371,0
DA:427,0
LF:118
LH:0
BRDA:65,0,0,0
BRDA:65,0,1,0
BRDA:74,1,0,0
BRDA:74,1,1,0
BRDA:95,2,0,0
BRDA:95,2,1,0
BRDA:101,3,0,0
BRDA:101,3,1,0
BRDA:107,4,0,0
BRDA:107,4,1,0
BRDA:107,5,0,0
BRDA:107,5,1,0
BRDA:112,6,0,0
BRDA:112,6,1,0
BRDA:116,7,0,0
BRDA:116,7,1,0
BRDA:129,8,0,0
BRDA:129,8,1,0
BRDA:135,9,0,0
BRDA:135,9,1,0
BRDA:143,10,0,0
BRDA:143,10,1,0
BRDA:150,11,0,0
BRDA:150,11,1,0
BRDA:170,12,0,0
BRDA:170,12,1,0
BRDA:186,13,0,0
BRDA:186,13,1,0
BRDA:198,14,0,0
BRDA:198,14,1,0
BRDA:209,15,0,0
BRDA:209,15,1,0
BRDA:219,16,0,0
BRDA:219,16,1,0
BRDA:221,17,0,0
BRDA:221,17,1,0
BRDA:242,18,0,0
BRDA:242,18,1,0
BRDA:279,19,0,0
BRDA:279,19,1,0
BRDA:287,20,0,0
BRDA:287,20,1,0
BRDA:308,21,0,0
BRDA:308,21,1,0
BRDA:311,22,0,0
BRDA:311,22,1,0
BRDA:316,23,0,0
BRDA:316,23,1,0
BRDA:348,24,0,0
BRDA:348,24,1,0
BRDA:356,25,0,0
BRDA:356,25,1,0
BRDA:370,26,0,0
BRDA:370,26,1,0
BRDA:374,27,0,0
BRDA:374,27,1,0
BRDA:386,28,0,0
BRDA:386,28,1,0
BRDA:388,29,0,0
BRDA:388,29,1,0
BRDA:390,30,0,0
BRDA:390,30,1,0
BRF:62
BRH:0
end_of_record
TN:
SF:src/screens/AuthScreen.tsx
FN:41,isUserCancelledAuth
FN:64,AuthScreen
FN:81,(anonymous_2)
FN:87,(anonymous_3)
FN:92,(anonymous_4)
FN:107,(anonymous_5)
FN:111,(anonymous_6)
FN:115,(anonymous_7)
FN:137,(anonymous_8)
FN:159,(anonymous_9)
FN:169,(anonymous_10)
FN:179,(anonymous_11)
FN:188,(anonymous_12)
FN:238,(anonymous_13)
FN:246,(anonymous_14)
FN:292,(anonymous_15)
FN:303,(anonymous_16)
FN:307,(anonymous_17)
FN:352,(anonymous_18)
FN:387,(anonymous_19)
FN:399,(anonymous_20)
FNF:21
FNH:0
FNDA:0,isUserCancelledAuth
FNDA:0,AuthScreen
FNDA:0,(anonymous_2)
FNDA:0,(anonymous_3)
FNDA:0,(anonymous_4)
FNDA:0,(anonymous_5)
FNDA:0,(anonymous_6)
FNDA:0,(anonymous_7)
FNDA:0,(anonymous_8)
FNDA:0,(anonymous_9)
FNDA:0,(anonymous_10)
FNDA:0,(anonymous_11)
FNDA:0,(anonymous_12)
FNDA:0,(anonymous_13)
FNDA:0,(anonymous_14)
FNDA:0,(anonymous_15)
FNDA:0,(anonymous_16)
FNDA:0,(anonymous_17)
FNDA:0,(anonymous_18)
FNDA:0,(anonymous_19)
FNDA:0,(anonymous_20)
DA:39,0
DA:42,0
DA:44,0
DA:46,0
DA:47,0
DA:50,0
DA:51,0
DA:54,0
DA:55,0
DA:56,0
DA:57,0
DA:59,0
DA:61,0
DA:65,0
DA:66,0
DA:67,0
DA:68,0
DA:69,0
DA:70,0
DA:71,0
DA:72,0
DA:73,0
DA:78,0
DA:80,0
DA:81,0
DA:82,0
DA:83,0
DA:84,0
DA:87,0
DA:88,0
DA:89,0
DA:92,0
DA:93,0
DA:100,0
DA:105,0
DA:107,0
DA:108,0
DA:109,0
DA:110,0
DA:111,0
DA:115,0
DA:119,0
DA:120,0
DA:121,0
DA:124,0
DA:125,0
DA:126,0
DA:128,0
DA:129,0
DA:130,0
DA:131,0
DA:133,0
DA:134,0
DA:137,0
DA:138,0
DA:139,0
DA:140,0
DA:141,0
DA:144,0
DA:146,0
DA:147,0
DA:148,0
DA:151,0
DA:152,0
DA:153,0
DA:155,0
DA:156,0
DA:157,0
DA:158,0
DA:159,0
DA:161,0
DA:162,0
DA:163,0
DA:165,0
DA:169,0
DA:171,0
DA:172,0
DA:173,0
DA:174,0
DA:175,0
DA:176,0
DA:177,0
DA:178,0
DA:179,0
DA:181,0
DA:182,0
DA:184,0
DA:188,0
DA:189,0
DA:190,0
DA:191,0
DA:194,0
DA:196,0
DA:197,0
DA:198,0
DA:203,0
DA:206,0
DA:207,0
DA:208,0
DA:211,0
DA:212,0
DA:213,0
DA:217,0
DA:219,0
DA:220,0
DA:221,0
DA:222,0
DA:224,0
DA:227,0
DA:230,0
DA:231,0
DA:233,0
DA:238,0
DA:241,0
DA:242,0
DA:243,0
DA:246,0
DA:248,0
DA:252,0
DA:253,0
DA:259,0
DA:263,0
DA:293,0
DA:294,0
DA:298,0
DA:301,0
DA:302,0
DA:305,0
DA:308,0
DA:310,0
DA:353,0
DA:387,0
DA:399,0
DA:405,0
LF:134
LH:0
BRDA:44,0,0,0
BRDA:44,0,1,0
BRDA:44,1,0,0
BRDA:44,1,1,0
BRDA:44,1,2,0
BRDA:46,2,0,0
BRDA:46,2,1,0
BRDA:50,3,0,0
BRDA:50,3,1,0
BRDA:50,4,0,0
BRDA:50,4,1,0
BRDA:51,5,0,0
BRDA:51,5,1,0
BRDA:51,6,0,0
BRDA:51,6,1,0
BRDA:54,7,0,0
BRDA:54,7,1,0
BRDA:55,8,0,0
BRDA:55,8,1,0
BRDA:57,9,0,0
BRDA:57,9,1,0
BRDA:57,10,0,0
BRDA:57,10,1,0
BRDA:57,10,2,0
BRDA:59,11,0,0
BRDA:59,11,1,0
BRDA:59,12,0,0
BRDA:59,12,1,0
BRDA:82,13,0,0
BRDA:82,13,1,0
BRDA:83,14,0,0
BRDA:83,14,1,0
BRDA:88,15,0,0
BRDA:88,15,1,0
BRDA:88,16,0,0
BRDA:88,16,1,0
BRDA:94,17,0,0
BRDA:94,17,1,0
BRDA:95,18,0,0
BRDA:95,18,1,0
BRDA:96,19,0,0
BRDA:96,19,1,0
BRDA:108,20,0,0
BRDA:108,20,1,0
BRDA:110,21,0,0
BRDA:110,21,1,0
BRDA:119,22,0,0
BRDA:119,22,1,0
BRDA:119,23,0,0
BRDA:119,23,1,0
BRDA:119,23,2,0
BRDA:124,24,0,0
BRDA:124,24,1,0
BRDA:129,25,0,0
BRDA:129,25,1,0
BRDA:138,26,0,0
BRDA:138,26,1,0
BRDA:139,27,0,0
BRDA:139,27,1,0
BRDA:144,28,0,0
BRDA:144,28,1,0
BRDA:144,29,0,0
BRDA:144,29,1,0
BRDA:151,30,0,0
BRDA:151,30,1,0
BRDA:156,31,0,0
BRDA:156,31,1,0
BRDA:157,32,0,0
BRDA:157,32,1,0
BRDA:161,33,0,0
BRDA:161,33,1,0
BRDA:163,34,0,0
BRDA:163,34,1,0
BRDA:176,35,0,0
BRDA:176,35,1,0
BRDA:177,36,0,0
BRDA:177,36,1,0
BRDA:182,37,0,0
BRDA:182,37,1,0
BRDA:189,38,0,0
BRDA:189,38,1,0
BRDA:189,39,0,0
BRDA:189,39,1,0
BRDA:194,40,0,0
BRDA:194,40,1,0
BRDA:197,41,0,0
BRDA:197,41,1,0
BRDA:206,42,0,0
BRDA:206,42,1,0
BRDA:211,43,0,0
BRDA:211,43,1,0
BRDA:217,44,0,0
BRDA:217,44,1,0
BRDA:217,45,0,0
BRDA:217,45,1,0
BRDA:222,46,0,0
BRDA:222,46,1,0
BRDA:224,47,0,0
BRDA:224,47,1,0
BRDA:227,48,0,0
BRDA:227,48,1,0
BRDA:230,49,0,0
BRDA:230,49,1,0
BRDA:230,50,0,0
BRDA:230,50,1,0
BRDA:235,51,0,0
BRDA:235,51,1,0
BRDA:241,52,0,0
BRDA:241,52,1,0
BRDA:255,53,0,0
BRDA:255,53,1,0
BRDA:255,54,0,0
BRDA:255,54,1,0
BRDA:266,55,0,0
BRDA:266,55,1,0
BRDA:269,56,0,0
BRDA:269,56,1,0
BRDA:271,57,0,0
BRDA:271,57,1,0
BRDA:278,58,0,0
BRDA:278,58,1,0
BRDA:293,59,0,0
BRDA:293,59,1,0
BRDA:301,60,0,0
BRDA:301,60,1,0
BRDA:301,61,0,0
BRDA:301,61,1,0
BRDA:305,62,0,0
BRDA:305,62,1,0
BRDA:305,63,0,0
BRDA:305,63,1,0
BRDA:308,64,0,0
BRDA:308,64,1,0
BRDA:347,65,0,0
BRDA:347,65,1,0
BRDA:349,66,0,0
BRDA:349,66,1,0
BRDA:349,66,2,0
BRDA:355,67,0,0
BRDA:355,67,1,0
BRDA:373,68,0,0
BRDA:373,68,1,0
BRDA:378,69,0,0
BRDA:378,69,1,0
BRDA:380,70,0,0
BRDA:380,70,1,0
BRDA:386,71,0,0
BRDA:386,71,1,0
BRDA:389,72,0,0
BRDA:389,72,1,0
BRF:150
BRH:0
end_of_record
TN:
SF:src/screens/BookDetailsScreen.tsx
FN:31,BookDetailsScreen
FN:47,(anonymous_1)
FN:54,(anonymous_2)
FN:62,(anonymous_3)
FN:64,(anonymous_4)
FN:82,(anonymous_5)
FN:87,(anonymous_6)
FN:89,(anonymous_7)
FN:113,(anonymous_8)
FN:118,(anonymous_9)
FN:121,(anonymous_10)
FN:124,(anonymous_11)
FN:127,(anonymous_12)
FN:141,(anonymous_13)
FN:158,(anonymous_14)
FN:169,(anonymous_15)
FNF:16
FNH:0
FNDA:0,BookDetailsScreen
FNDA:0,(anonymous_1)
FNDA:0,(anonymous_2)
FNDA:0,(anonymous_3)
FNDA:0,(anonymous_4)
FNDA:0,(anonymous_5)
FNDA:0,(anonymous_6)
FNDA:0,(anonymous_7)
FNDA:0,(anonymous_8)
FNDA:0,(anonymous_9)
FNDA:0,(anonymous_10)
FNDA:0,(anonymous_11)
FNDA:0,(anonymous_12)
FNDA:0,(anonymous_13)
FNDA:0,(anonymous_14)
FNDA:0,(anonymous_15)
DA:32,0
DA:33,0
DA:34,0
DA:35,0
DA:36,0
DA:38,0
DA:39,0
DA:40,0
DA:41,0
DA:42,0
DA:43,0
DA:44,0
DA:45,0
DA:47,0
DA:48,0
DA:49,0
DA:50,0
DA:51,0
DA:54,0
DA:55,0
DA:56,0
DA:57,0
DA:58,0
DA:59,0
DA:62,0
DA:63,0
DA:64,0
DA:65,0
DA:66,0
DA:67,0
DA:68,0
DA:72,0
DA:73,0
DA:74,0
DA:76,0
DA:77,0
DA:79,0
DA:82,0
DA:83,0
DA:87,0
DA:88,0
DA:89,0
DA:90,0
DA:93,0
DA:94,0
DA:95,0
DA:96,0
DA:97,0
DA:104,0
DA:105,0
DA:106,0
DA:110,0
DA:111,0
DA:113,0
DA:114,0
DA:118,0
DA:119,0
DA:120,0
DA:121,0
DA:122,0
DA:124,0
DA:127,0
DA:128,0
DA:129,0
DA:130,0
DA:131,0
DA:132,0
DA:134,0
DA:135,0
DA:137,0
DA:141,0
DA:142,0
DA:143,0
DA:144,0
DA:145,0
DA:146,0
DA:147,0
DA:150,0
DA:151,0
DA:152,0
DA:153,0
DA:155,0
DA:158,0
DA:160,0
DA:162,0
DA:163,0
DA:165,0
DA:169,0
DA:170,0
DA:171,0
DA:172,0
DA:173,0
DA:174,0
DA:176,0
DA:177,0
DA:179,0
DA:183,0
DA:185,0
DA:186,0
DA:189,0
DA:191,0
DA:257,0
LF:102
LH:0
BRDA:49,0,0,0
BRDA:49,0,1,0
BRDA:50,1,0,0
BRDA:50,1,1,0
BRDA:56,2,0,0
BRDA:56,2,1,0
BRDA:58,3,0,0
BRDA:58,3,1,0
BRDA:66,4,0,0
BRDA:66,4,1,0
BRDA:70,5,0,0
BRDA:70,5,1,0
BRDA:72,6,0,0
BRDA:72,6,1,0
BRDA:74,7,0,0
BRDA:74,7,1,0
BRDA:79,8,0,0
BRDA:79,8,1,0
BRDA:90,9,0,0
BRDA:90,9,1,0
BRDA:93,10,0,0
BRDA:93,10,1,0
BRDA:96,11,0,0
BRDA:96,11,1,0
BRDA:104,12,0,0
BRDA:104,12,1,0
BRDA:105,13,0,0
BRDA:105,13,1,0
BRDA:111,14,0,0
BRDA:111,14,1,0
BRDA:119,15,0,0
BRDA:119,15,1,0
BRDA:122,16,0,0
BRDA:122,16,1,0
BRDA:122,17,0,0
BRDA:122,17,1,0
BRDA:122,18,0,0
BRDA:122,18,1,0
BRDA:128,19,0,0
BRDA:128,19,1,0
BRDA:142,20,0,0
BRDA:142,20,1,0
BRDA:142,21,0,0
BRDA:142,21,1,0
BRDA:145,22,0,0
BRDA:145,22,1,0
BRDA:150,23,0,0
BRDA:150,23,1,0
BRDA:152,24,0,0
BRDA:152,24,1,0
BRDA:170,25,0,0
BRDA:170,25,1,0
BRDA:170,26,0,0
BRDA:170,26,1,0
BRDA:183,27,0,0
BRDA:183,27,1,0
BRDA:185,28,0,0
BRDA:185,28,1,0
BRDA:189,29,0,0
BRDA:189,29,1,0
BRDA:195,30,0,0
BRDA:195,30,1,0
BRDA:207,31,0,0
BRDA:207,31,1,0
BRDA:215,32,0,0
BRDA:215,32,1,0
BRDA:222,33,0,0
BRDA:222,33,1,0
BRDA:224,34,0,0
BRDA:224,34,1,0
BRDA:232,35,0,0
BRDA:232,35,1,0
BRDA:232,35,2,0
BRDA:234,36,0,0
BRDA:234,36,1,0
BRDA:241,37,0,0
BRDA:241,37,1,0
BRDA:248,38,0,0
BRDA:248,38,1,0
BRF:79
BRH:0
end_of_record
TN:
SF:src/screens/FlashcardsScreen.tsx
FN:64,applyStarredFilter
FN:66,(anonymous_1)
FN:67,(anonymous_2)
FN:70,formatIntervalLabel
FN:76,FlashcardsScreen
FN:82,(anonymous_5)
FN:83,(anonymous_6)
FN:84,(anonymous_7)
FN:85,(anonymous_8)
FN:88,(anonymous_9)
FN:115,(anonymous_10)
FN:122,(anonymous_11)
FN:147,(anonymous_12)
FN:171,(anonymous_13)
FN:212,(anonymous_14)
FN:217,(anonymous_15)
FN:225,(anonymous_16)
FN:233,(anonymous_17)
FN:235,(anonymous_18)
FN:236,(anonymous_19)
FN:249,(anonymous_20)
FN:269,(anonymous_21)
FN:270,(anonymous_22)
FN:280,(anonymous_23)
FN:300,(anonymous_24)
FN:311,(anonymous_25)
FN:347,(anonymous_26)
FN:365,(anonymous_27)
FN:371,(anonymous_28)
FN:376,(anonymous_29)
FN:383,(anonymous_30)
FN:388,(anonymous_31)
FN:390,(anonymous_32)
FN:396,(anonymous_33)
FN:404,(anonymous_34)
FN:410,(anonymous_35)
FN:411,(anonymous_36)
FN:412,(anonymous_37)
FN:423,(anonymous_38)
FN:437,(anonymous_39)
FN:451,(anonymous_40)
FN:455,(anonymous_41)
FN:485,(anonymous_42)
FN:494,(anonymous_43)
FN:499,(anonymous_44)
FN:502,(anonymous_45)
FN:507,(anonymous_46)
FN:508,(anonymous_47)
FN:540,(anonymous_48)
FN:560,(anonymous_49)
FN:562,(anonymous_50)
FN:574,(anonymous_51)
FN:582,(anonymous_52)
FN:598,(anonymous_53)
FN:632,(anonymous_54)
FN:635,(anonymous_55)
FN:657,(anonymous_56)
FN:659,(anonymous_57)
FN:696,(anonymous_58)
FN:698,(anonymous_59)
FN:706,(anonymous_60)
FN:708,(anonymous_61)
FN:725,(anonymous_62)
FN:728,(anonymous_63)
FN:788,(anonymous_64)
FN:796,(anonymous_65)
FN:804,(anonymous_66)
FN:812,(anonymous_67)
FN:879,(anonymous_68)
FN:881,(anonymous_69)
FNF:70
FNH:0
FNDA:0,applyStarredFilter
FNDA:0,(anonymous_1)
FNDA:0,(anonymous_2)
FNDA:0,formatIntervalLabel
FNDA:0,FlashcardsScreen
FNDA:0,(anonymous_5)
FNDA:0,(anonymous_6)
FNDA:0,(anonymous_7)
FNDA:0,(anonymous_8)
FNDA:0,(anonymous_9)
FNDA:0,(anonymous_10)
FNDA:0,(anonymous_11)
FNDA:0,(anonymous_12)
FNDA:0,(anonymous_13)
FNDA:0,(anonymous_14)
FNDA:0,(anonymous_15)
FNDA:0,(anonymous_16)
FNDA:0,(anonymous_17)
FNDA:0,(anonymous_18)
FNDA:0,(anonymous_19)
FNDA:0,(anonymous_20)
FNDA:0,(anonymous_21)
FNDA:0,(anonymous_22)
FNDA:0,(anonymous_23)
FNDA:0,(anonymous_24)
FNDA:0,(anonymous_25)
FNDA:0,(anonymous_26)
FNDA:0,(anonymous_27)
FNDA:0,(anonymous_28)
FNDA:0,(anonymous_29)
FNDA:0,(anonymous_30)
FNDA:0,(anonymous_31)
FNDA:0,(anonymous_32)
FNDA:0,(anonymous_33)
FNDA:0,(anonymous_34)
FNDA:0,(anonymous_35)
FNDA:0,(anonymous_36)
FNDA:0,(anonymous_37)
FNDA:0,(anonymous_38)
FNDA:0,(anonymous_39)
FNDA:0,(anonymous_40)
FNDA:0,(anonymous_41)
FNDA:0,(anonymous_42)
FNDA:0,(anonymous_43)
FNDA:0,(anonymous_44)
FNDA:0,(anonymous_45)
FNDA:0,(anonymous_46)
FNDA:0,(anonymous_47)
FNDA:0,(anonymous_48)
FNDA:0,(anonymous_49)
FNDA:0,(anonymous_50)
FNDA:0,(anonymous_51)
FNDA:0,(anonymous_52)
FNDA:0,(anonymous_53)
FNDA:0,(anonymous_54)
FNDA:0,(anonymous_55)
FNDA:0,(anonymous_56)
FNDA:0,(anonymous_57)
FNDA:0,(anonymous_58)
FNDA:0,(anonymous_59)
FNDA:0,(anonymous_60)
FNDA:0,(anonymous_61)
FNDA:0,(anonymous_62)
FNDA:0,(anonymous_63)
FNDA:0,(anonymous_64)
FNDA:0,(anonymous_65)
FNDA:0,(anonymous_66)
FNDA:0,(anonymous_67)
FNDA:0,(anonymous_68)
FNDA:0,(anonymous_69)
DA:65,0
DA:66,0
DA:67,0
DA:71,0
DA:72,0
DA:73,0
DA:77,0
DA:78,0
DA:79,0
DA:80,0
DA:81,0
DA:82,0
DA:83,0
DA:84,0
DA:85,0
DA:86,0
DA:88,0
DA:89,0
DA:92,0
DA:94,0
DA:95,0
DA:96,0
DA:97,0
DA:98,0
DA:99,0
DA:100,0
DA:101,0
DA:102,0
DA:103,0
DA:104,0
DA:105,0
DA:106,0
DA:107,0
DA:108,0
DA:110,0
DA:111,0
DA:113,0
DA:114,0
DA:115,0
DA:118,0
DA:122,0
DA:123,0
DA:124,0
DA:125,0
DA:129,0
DA:130,0
DA:131,0
DA:132,0
DA:133,0
DA:135,0
DA:136,0
DA:137,0
DA:138,0
DA:140,0
DA:142,0
DA:143,0
DA:147,0
DA:148,0
DA:149,0
DA:150,0
DA:151,0
DA:152,0
DA:154,0
DA:155,0
DA:156,0
DA:157,0
DA:158,0
DA:159,0
DA:160,0
DA:161,0
DA:162,0
DA:164,0
DA:165,0
DA:171,0
DA:172,0
DA:173,0
DA:174,0
DA:176,0
DA:177,0
DA:178,0
DA:179,0
DA:180,0
DA:181,0
DA:182,0
DA:183,0
DA:185,0
DA:186,0
DA:189,0
DA:190,0
DA:191,0
DA:193,0
DA:195,0
DA:196,0
DA:198,0
DA:199,0
DA:200,0
DA:201,0
DA:204,0
DA:205,0
DA:207,0
DA:212,0
DA:213,0
DA:217,0
DA:218,0
DA:219,0
DA:220,0
DA:221,0
DA:225,0
DA:226,0
DA:227,0
DA:228,0
DA:229,0
DA:230,0
DA:233,0
DA:234,0
DA:235,0
DA:236,0
DA:237,0
DA:238,0
DA:239,0
DA:240,0
DA:242,0
DA:243,0
DA:245,0
DA:249,0
DA:250,0
DA:251,0
DA:252,0
DA:253,0
DA:254,0
DA:255,0
DA:256,0
DA:257,0
DA:259,0
DA:260,0
DA:265,0
DA:269,0
DA:270,0
DA:271,0
DA:279,0
DA:281,0
DA:293,0
DA:294,0
DA:295,0
DA:300,0
DA:301,0
DA:302,0
DA:303,0
DA:304,0
DA:306,0
DA:310,0
DA:312,0
DA:313,0
DA:314,0
DA:315,0
DA:316,0
DA:319,0
DA:320,0
DA:326,0
DA:328,0
DA:329,0
DA:332,0
DA:333,0
DA:334,0
DA:335,0
DA:338,0
DA:339,0
DA:340,0
DA:341,0
DA:343,0
DA:344,0
DA:347,0
DA:351,0
DA:352,0
DA:354,0
DA:356,0
DA:357,0
DA:359,0
DA:365,0
DA:366,0
DA:367,0
DA:371,0
DA:372,0
DA:373,0
DA:376,0
DA:377,0
DA:378,0
DA:379,0
DA:383,0
DA:384,0
DA:385,0
DA:388,0
DA:389,0
DA:390,0
DA:391,0
DA:392,0
DA:393,0
DA:394,0
DA:395,0
DA:396,0
DA:397,0
DA:398,0
DA:399,0
DA:400,0
DA:404,0
DA:405,0
DA:406,0
DA:407,0
DA:408,0
DA:409,0
DA:410,0
DA:411,0
DA:412,0
DA:414,0
DA:415,0
DA:418,0
DA:419,0
DA:423,0
DA:424,0
DA:425,0
DA:426,0
DA:427,0
DA:428,0
DA:429,0
DA:430,0
DA:431,0
DA:433,0
DA:437,0
DA:439,0
DA:440,0
DA:445,0
DA:448,0
DA:451,0
DA:452,0
DA:453,0
DA:455,0
DA:456,0
DA:457,0
DA:458,0
DA:459,0
DA:465,0
DA:466,0
DA:468,0
DA:469,0
DA:471,0
DA:472,0
DA:474,0
DA:475,0
DA:478,0
DA:482,0
DA:485,0
DA:486,0
DA:487,0
DA:488,0
DA:494,0
DA:495,0
DA:499,0
DA:500,0
DA:501,0
DA:502,0
DA:503,0
DA:507,0
DA:508,0
DA:512,0
DA:514,0
DA:515,0
DA:516,0
DA:517,0
DA:518,0
DA:519,0
DA:520,0
DA:521,0
DA:523,0
DA:524,0
DA:525,0
DA:528,0
DA:529,0
DA:531,0
DA:535,0
DA:536,0
DA:540,0
DA:545,0
DA:546,0
DA:549,0
DA:550,0
DA:560,0
DA:563,0
DA:564,0
DA:571,0
DA:572,0
DA:583,0
DA:584,0
DA:585,0
DA:599,0
DA:600,0
DA:610,0
DA:612,0
DA:613,0
DA:616,0
DA:620,0
DA:633,0
DA:636,0
DA:637,0
DA:638,0
DA:639,0
DA:657,0
DA:660,0
DA:661,0
DA:669,0
DA:670,0
DA:671,0
DA:672,0
DA:674,0
DA:678,0
DA:682,0
DA:686,0
DA:691,0
DA:696,0
DA:698,0
DA:706,0
DA:708,0
DA:726,0
DA:729,0
DA:730,0
DA:731,0
DA:732,0
DA:788,0
DA:796,0
DA:804,0
DA:812,0
DA:879,0
DA:882,0
DA:883,0
DA:884,0
DA:885,0
DA:894,0
LF:336
LH:0
BRDA:65,0,0,0
BRDA:65,0,1,0
BRDA:66,1,0,0
BRDA:66,1,1,0
BRDA:71,2,0,0
BRDA:71,2,1,0
BRDA:72,3,0,0
BRDA:72,3,1,0
BRDA:89,4,0,0
BRDA:89,4,1,0
BRDA:113,5,0,0
BRDA:113,5,1,0
BRDA:115,6,0,0
BRDA:115,6,1,0
BRDA:118,7,0,0
BRDA:118,7,1,0
BRDA:123,8,0,0
BRDA:123,8,1,0
BRDA:126,9,0,0
BRDA:126,9,1,0
BRDA:136,10,0,0
BRDA:136,10,1,0
BRDA:136,11,0,0
BRDA:136,11,1,0
BRDA:136,11,2,0
BRDA:148,12,0,0
BRDA:148,12,1,0
BRDA:151,13,0,0
BRDA:151,13,1,0
BRDA:154,14,0,0
BRDA:154,14,1,0
BRDA:155,15,0,0
BRDA:155,15,1,0
BRDA:172,16,0,0
BRDA:172,16,1,0
BRDA:179,17,0,0
BRDA:179,17,1,0
BRDA:179,18,0,0
BRDA:179,18,1,0
BRDA:182,19,0,0
BRDA:182,19,1,0
BRDA:218,20,0,0
BRDA:218,20,1,0
BRDA:218,21,0,0
BRDA:218,21,1,0
BRDA:226,22,0,0
BRDA:226,22,1,0
BRDA:226,23,0,0
BRDA:226,23,1,0
BRDA:230,24,0,0
BRDA:230,24,1,0
BRDA:237,25,0,0
BRDA:237,25,1,0
BRDA:238,26,0,0
BRDA:238,26,1,0
BRDA:252,27,0,0
BRDA:252,27,1,0
BRDA:255,28,0,0
BRDA:255,28,1,0
BRDA:272,29,0,0
BRDA:272,29,1,0
BRDA:301,30,0,0
BRDA:301,30,1,0
BRDA:312,31,0,0
BRDA:312,31,1,0
BRDA:312,32,0,0
BRDA:312,32,1,0
BRDA:319,33,0,0
BRDA:319,33,1,0
BRDA:332,34,0,0
BRDA:332,34,1,0
BRDA:333,35,0,0
BRDA:333,35,1,0
BRDA:335,36,0,0
BRDA:335,36,1,0
BRDA:343,37,0,0
BRDA:343,37,1,0
BRDA:346,38,0,0
BRDA:346,38,1,0
BRDA:366,39,0,0
BRDA:366,39,1,0
BRDA:371,40,0,0
BRDA:371,40,1,0
BRDA:377,41,0,0
BRDA:377,41,1,0
BRDA:378,42,0,0
BRDA:378,42,1,0
BRDA:383,43,0,0
BRDA:383,43,1,0
BRDA:389,44,0,0
BRDA:389,44,1,0
BRDA:389,45,0,0
BRDA:389,45,1,0
BRDA:395,46,0,0
BRDA:395,46,1,0
BRDA:395,47,0,0
BRDA:395,47,1,0
BRDA:405,48,0,0
BRDA:405,48,1,0
BRDA:405,49,0,0
BRDA:405,49,1,0
BRDA:410,50,0,0
BRDA:410,50,1,0
BRDA:414,51,0,0
BRDA:414,51,1,0
BRDA:424,52,0,0
BRDA:424,52,1,0
BRDA:430,53,0,0
BRDA:430,53,1,0
BRDA:439,54,0,0
BRDA:439,54,1,0
BRDA:448,55,0,0
BRDA:448,55,1,0
BRDA:448,56,0,0
BRDA:448,56,1,0
BRDA:452,57,0,0
BRDA:452,57,1,0
BRDA:453,58,0,0
BRDA:453,58,1,0
BRDA:458,59,0,0
BRDA:458,59,1,0
BRDA:465,60,0,0
BRDA:465,60,1,0
BRDA:465,61,0,0
BRDA:465,61,1,0
BRDA:468,62,0,0
BRDA:468,62,1,0
BRDA:468,63,0,0
BRDA:468,63,1,0
BRDA:468,63,2,0
BRDA:471,64,0,0
BRDA:471,64,1,0
BRDA:471,65,0,0
BRDA:471,65,1,0
BRDA:474,66,0,0
BRDA:474,66,1,0
BRDA:486,67,0,0
BRDA:486,67,1,0
BRDA:487,68,0,0
BRDA:487,68,1,0
BRDA:500,69,0,0
BRDA:500,69,1,0
BRDA:501,70,0,0
BRDA:501,70,1,0
BRDA:501,71,0,0
BRDA:501,71,1,0
BRDA:501,72,0,0
BRDA:501,72,1,0
BRDA:512,73,0,0
BRDA:512,73,1,0
BRDA:517,74,0,0
BRDA:517,74,1,0
BRDA:518,75,0,0
BRDA:518,75,1,0
BRDA:535,76,0,0
BRDA:535,76,1,0
BRDA:535,77,0,0
BRDA:535,77,1,0
BRDA:545,78,0,0
BRDA:545,78,1,0
BRDA:545,79,0,0
BRDA:545,79,1,0
BRDA:549,80,0,0
BRDA:549,80,1,0
BRDA:571,81,0,0
BRDA:571,81,1,0
BRDA:610,82,0,0
BRDA:610,82,1,0
BRDA:612,83,0,0
BRDA:612,83,1,0
BRDA:612,83,2,0
BRDA:613,84,0,0
BRDA:613,84,1,0
BRDA:614,85,0,0
BRDA:614,85,1,0
BRDA:616,86,0,0
BRDA:616,86,1,0
BRDA:623,87,0,0
BRDA:623,87,1,0
BRDA:625,88,0,0
BRDA:625,88,1,0
BRDA:627,89,0,0
BRDA:627,89,1,0
BRDA:630,90,0,0
BRDA:630,90,1,0
BRDA:641,91,0,0
BRDA:641,91,1,0
BRDA:643,92,0,0
BRDA:643,92,1,0
BRDA:644,93,0,0
BRDA:644,93,1,0
BRDA:644,94,0,0
BRDA:644,94,1,0
BRDA:669,95,0,0
BRDA:669,95,1,0
BRDA:670,96,0,0
BRDA:670,96,1,0
BRDA:671,97,0,0
BRDA:671,97,1,0
BRDA:672,98,0,0
BRDA:672,98,1,0
BRDA:698,99,0,0
BRDA:698,99,1,0
BRDA:703,100,0,0
BRDA:703,100,1,0
BRDA:708,101,0,0
BRDA:708,101,1,0
BRDA:716,102,0,0
BRDA:716,102,1,0
BRDA:718,103,0,0
BRDA:718,103,1,0
BRDA:720,104,0,0
BRDA:720,104,1,0
BRDA:723,105,0,0
BRDA:723,105,1,0
BRDA:734,106,0,0
BRDA:734,106,1,0
BRDA:736,107,0,0
BRDA:736,107,1,0
BRDA:737,108,0,0
BRDA:737,108,1,0
BRDA:737,109,0,0
BRDA:737,109,1,0
BRDA:745,110,0,0
BRDA:745,110,1,0
BRDA:773,111,0,0
BRDA:773,111,1,0
BRDA:775,112,0,0
BRDA:775,112,1,0
BRDA:775,113,0,0
BRDA:775,113,1,0
BRDA:784,114,0,0
BRDA:784,114,1,0
BRDA:849,115,0,0
BRDA:849,115,1,0
BRDA:851,116,0,0
BRDA:851,116,1,0
BRDA:851,117,0,0
BRDA:851,117,1,0
BRDA:859,118,0,0
BRDA:859,118,1,0
BRF:241
BRH:0
end_of_record
TN:
SF:src/screens/HistoryScreen.tsx
FN:32,HistoryScreen
FN:54,(anonymous_1)
FN:63,(anonymous_2)
FN:63,(anonymous_3)
FN:64,(anonymous_4)
FN:64,(anonymous_5)
FN:69,(anonymous_6)
FN:85,(anonymous_7)
FN:90,(anonymous_8)
FN:125,(anonymous_9)
FN:127,(anonymous_10)
FN:128,(anonymous_11)
FN:136,(anonymous_12)
FN:137,(anonymous_13)
FN:151,(anonymous_14)
FN:161,(anonymous_15)
FN:166,(anonymous_16)
FN:167,(anonymous_17)
FN:173,(anonymous_18)
FN:182,(anonymous_19)
FN:188,(anonymous_20)
FN:195,(anonymous_21)
FN:206,(anonymous_22)
FN:217,(anonymous_23)
FN:225,(anonymous_24)
FN:230,(anonymous_25)
FN:235,(anonymous_26)
FN:259,(anonymous_27)
FN:276,(anonymous_28)
FN:282,(anonymous_29)
FNF:30
FNH:0
FNDA:0,HistoryScreen
FNDA:0,(anonymous_1)
FNDA:0,(anonymous_2)
FNDA:0,(anonymous_3)
FNDA:0,(anonymous_4)
FNDA:0,(anonymous_5)
FNDA:0,(anonymous_6)
FNDA:0,(anonymous_7)
FNDA:0,(anonymous_8)
FNDA:0,(anonymous_9)
FNDA:0,(anonymous_10)
FNDA:0,(anonymous_11)
FNDA:0,(anonymous_12)
FNDA:0,(anonymous_13)
FNDA:0,(anonymous_14)
FNDA:0,(anonymous_15)
FNDA:0,(anonymous_16)
FNDA:0,(anonymous_17)
FNDA:0,(anonymous_18)
FNDA:0,(anonymous_19)
FNDA:0,(anonymous_20)
FNDA:0,(anonymous_21)
FNDA:0,(anonymous_22)
FNDA:0,(anonymous_23)
FNDA:0,(anonymous_24)
FNDA:0,(anonymous_25)
FNDA:0,(anonymous_26)
FNDA:0,(anonymous_27)
FNDA:0,(anonymous_28)
FNDA:0,(anonymous_29)
DA:33,0
DA:34,0
DA:35,0
DA:36,0
DA:38,0
DA:39,0
DA:40,0
DA:41,0
DA:42,0
DA:44,0
DA:45,0
DA:46,0
DA:47,0
DA:48,0
DA:50,0
DA:51,0
DA:52,0
DA:54,0
DA:55,0
DA:56,0
DA:57,0
DA:58,0
DA:59,0
DA:60,0
DA:63,0
DA:64,0
DA:69,0
DA:70,0
DA:71,0
DA:72,0
DA:73,0
DA:74,0
DA:75,0
DA:76,0
DA:78,0
DA:79,0
DA:80,0
DA:82,0
DA:85,0
DA:86,0
DA:89,0
DA:97,0
DA:98,0
DA:99,0
DA:100,0
DA:101,0
DA:102,0
DA:104,0
DA:105,0
DA:106,0
DA:109,0
DA:110,0
DA:111,0
DA:112,0
DA:114,0
DA:115,0
DA:123,0
DA:125,0
DA:126,0
DA:127,0
DA:128,0
DA:129,0
DA:132,0
DA:135,0
DA:136,0
DA:137,0
DA:139,0
DA:141,0
DA:142,0
DA:144,0
DA:145,0
DA:151,0
DA:153,0
DA:154,0
DA:155,0
DA:160,0
DA:161,0
DA:162,0
DA:163,0
DA:164,0
DA:166,0
DA:167,0
DA:171,0
DA:172,0
DA:174,0
DA:175,0
DA:176,0
DA:178,0
DA:182,0
DA:183,0
DA:184,0
DA:185,0
DA:188,0
DA:189,0
DA:190,0
DA:191,0
DA:194,0
DA:196,0
DA:201,0
DA:202,0
DA:206,0
DA:212,0
DA:217,0
DA:225,0
DA:231,0
DA:232,0
DA:233,0
DA:236,0
DA:237,0
DA:238,0
DA:260,0
DA:261,0
DA:267,0
DA:268,0
DA:274,0
DA:277,0
DA:283,0
DA:305,0
LF:118
LH:0
BRDA:74,0,0,0
BRDA:74,0,1,0
BRDA:78,1,0,0
BRDA:78,1,1,0
BRDA:91,2,0,0
BRDA:99,3,0,0
BRDA:99,3,1,0
BRDA:104,4,0,0
BRDA:104,4,1,0
BRDA:110,5,0,0
BRDA:110,5,1,0
BRDA:111,6,0,0
BRDA:111,6,1,0
BRDA:112,7,0,0
BRDA:112,7,1,0
BRDA:114,8,0,0
BRDA:114,8,1,0
BRDA:117,9,0,0
BRDA:117,9,1,0
BRDA:118,10,0,0
BRDA:118,10,1,0
BRDA:123,11,0,0
BRDA:123,11,1,0
BRDA:126,12,0,0
BRDA:126,12,1,0
BRDA:129,13,0,0
BRDA:129,13,1,0
BRDA:132,14,0,0
BRDA:132,14,1,0
BRDA:135,15,0,0
BRDA:135,15,1,0
BRDA:135,16,0,0
BRDA:135,16,1,0
BRDA:135,16,2,0
BRDA:153,17,0,0
BRDA:153,17,1,0
BRDA:162,18,0,0
BRDA:162,18,1,0
BRDA:174,19,0,0
BRDA:174,19,1,0
BRDA:189,20,0,0
BRDA:189,20,1,0
BRDA:189,21,0,0
BRDA:189,21,1,0
BRDA:189,21,2,0
BRDA:189,21,3,0
BRDA:201,22,0,0
BRDA:201,22,1,0
BRDA:244,23,0,0
BRDA:244,23,1,0
BRDA:253,24,0,0
BRDA:253,24,1,0
BRDA:260,25,0,0
BRDA:260,25,1,0
BRDA:267,26,0,0
BRDA:267,26,1,0
BRDA:281,27,0,0
BRDA:281,27,1,0
BRF:58
BRH:0
end_of_record
TN:
SF:src/screens/LibraryScreen.tsx
FN:35,LibraryScreen
FN:57,(anonymous_1)
FN:61,(anonymous_2)
FN:71,(anonymous_3)
FN:76,(anonymous_4)
FN:107,(anonymous_5)
FN:109,(anonymous_6)
FN:110,(anonymous_7)
FN:119,(anonymous_8)
FN:120,(anonymous_9)
FN:125,(anonymous_10)
FN:126,(anonymous_11)
FN:142,(anonymous_12)
FN:146,(anonymous_13)
FN:166,(anonymous_14)
FN:171,(anonymous_15)
FN:174,(anonymous_16)
FN:180,(anonymous_17)
FN:189,(anonymous_18)
FN:202,(anonymous_19)
FN:208,(anonymous_20)
FN:222,(anonymous_21)
FN:233,(anonymous_22)
FN:238,(anonymous_23)
FN:262,(anonymous_24)
FN:272,(anonymous_25)
FN:278,(anonymous_26)
FNF:27
FNH:0
FNDA:0,LibraryScreen
FNDA:0,(anonymous_1)
FNDA:0,(anonymous_2)
FNDA:0,(anonymous_3)
FNDA:0,(anonymous_4)
FNDA:0,(anonymous_5)
FNDA:0,(anonymous_6)
FNDA:0,(anonymous_7)
FNDA:0,(anonymous_8)
FNDA:0,(anonymous_9)
FNDA:0,(anonymous_10)
FNDA:0,(anonymous_11)
FNDA:0,(anonymous_12)
FNDA:0,(anonymous_13)
FNDA:0,(anonymous_14)
FNDA:0,(anonymous_15)
FNDA:0,(anonymous_16)
FNDA:0,(anonymous_17)
FNDA:0,(anonymous_18)
FNDA:0,(anonymous_19)
FNDA:0,(anonymous_20)
FNDA:0,(anonymous_21)
FNDA:0,(anonymous_22)
FNDA:0,(anonymous_23)
FNDA:0,(anonymous_24)
FNDA:0,(anonymous_25)
FNDA:0,(anonymous_26)
DA:36,0
DA:37,0
DA:38,0
DA:39,0
DA:40,0
DA:41,0
DA:42,0
DA:43,0
DA:44,0
DA:45,0
DA:46,0
DA:47,0
DA:48,0
DA:49,0
DA:50,0
DA:51,0
DA:52,0
DA:54,0
DA:55,0
DA:57,0
DA:58,0
DA:61,0
DA:62,0
DA:63,0
DA:64,0
DA:65,0
DA:66,0
DA:68,0
DA:71,0
DA:72,0
DA:75,0
DA:83,0
DA:84,0
DA:85,0
DA:86,0
DA:87,0
DA:90,0
DA:91,0
DA:92,0
DA:93,0
DA:95,0
DA:96,0
DA:105,0
DA:107,0
DA:108,0
DA:109,0
DA:110,0
DA:111,0
DA:112,0
DA:115,0
DA:118,0
DA:119,0
DA:120,0
DA:123,0
DA:124,0
DA:125,0
DA:126,0
DA:128,0
DA:130,0
DA:131,0
DA:133,0
DA:134,0
DA:142,0
DA:143,0
DA:144,0
DA:146,0
DA:147,0
DA:148,0
DA:149,0
DA:150,0
DA:154,0
DA:155,0
DA:156,0
DA:159,0
DA:165,0
DA:166,0
DA:167,0
DA:168,0
DA:169,0
DA:171,0
DA:172,0
DA:174,0
DA:178,0
DA:179,0
DA:181,0
DA:182,0
DA:183,0
DA:185,0
DA:189,0
DA:190,0
DA:191,0
DA:192,0
DA:193,0
DA:195,0
DA:196,0
DA:198,0
DA:202,0
DA:203,0
DA:204,0
DA:205,0
DA:208,0
DA:209,0
DA:210,0
DA:212,0
DA:213,0
DA:217,0
DA:222,0
DA:234,0
DA:235,0
DA:236,0
DA:239,0
DA:240,0
DA:241,0
DA:263,0
DA:264,0
DA:270,0
DA:273,0
DA:279,0
DA:301,0
LF:119
LH:0
BRDA:77,0,0,0
BRDA:85,1,0,0
BRDA:85,1,1,0
BRDA:91,2,0,0
BRDA:91,2,1,0
BRDA:92,3,0,0
BRDA:92,3,1,0
BRDA:93,4,0,0
BRDA:93,4,1,0
BRDA:95,5,0,0
BRDA:95,5,1,0
BRDA:97,6,0,0
BRDA:97,6,1,0
BRDA:98,7,0,0
BRDA:98,7,1,0
BRDA:99,8,0,0
BRDA:99,8,1,0
BRDA:105,9,0,0
BRDA:105,9,1,0
BRDA:108,10,0,0
BRDA:108,10,1,0
BRDA:111,11,0,0
BRDA:111,11,1,0
BRDA:115,12,0,0
BRDA:115,12,1,0
BRDA:118,13,0,0
BRDA:118,13,1,0
BRDA:118,14,0,0
BRDA:118,14,1,0
BRDA:118,14,2,0
BRDA:123,15,0,0
BRDA:123,15,1,0
BRDA:123,16,0,0
BRDA:123,16,1,0
BRDA:123,16,2,0
BRDA:143,17,0,0
BRDA:143,17,1,0
BRDA:143,18,0,0
BRDA:143,18,1,0
BRDA:149,19,0,0
BRDA:149,19,1,0
BRDA:151,20,0,0
BRDA:151,20,1,0
BRDA:154,21,0,0
BRDA:154,21,1,0
BRDA:167,22,0,0
BRDA:167,22,1,0
BRDA:181,23,0,0
BRDA:181,23,1,0
BRDA:203,24,0,0
BRDA:203,24,1,0
BRDA:203,25,0,0
BRDA:203,25,1,0
BRDA:203,25,2,0
BRDA:203,25,3,0
BRDA:247,26,0,0
BRDA:247,26,1,0
BRDA:256,27,0,0
BRDA:256,27,1,0
BRDA:263,28,0,0
BRDA:263,28,1,0
BRDA:277,29,0,0
BRDA:277,29,1,0
BRF:63
BRH:0
end_of_record
TN:
SF:src/screens/ProfileScreen.tsx
FN:48,getUserDisplayName
FN:73,ProfileScreen
FN:75,(anonymous_2)
FN:76,(anonymous_3)
FN:77,(anonymous_4)
FN:102,(anonymous_5)
FN:104,(anonymous_6)
FN:112,(anonymous_7)
FN:118,(anonymous_8)
FN:125,(anonymous_9)
FN:129,(anonymous_10)
FN:134,(anonymous_11)
FN:153,(anonymous_12)
FN:168,(anonymous_13)
FN:193,(anonymous_14)
FN:194,(anonymous_15)
FN:198,(anonymous_16)
FN:199,(anonymous_17)
FN:202,(anonymous_18)
FN:205,(anonymous_19)
FN:208,(anonymous_20)
FN:209,(anonymous_21)
FN:210,(anonymous_22)
FN:215,(anonymous_23)
FN:218,(anonymous_24)
FN:221,(anonymous_25)
FN:224,(anonymous_26)
FN:225,(anonymous_27)
FN:226,(anonymous_28)
FN:233,(anonymous_29)
FN:237,(anonymous_30)
FN:238,(anonymous_31)
FN:247,(anonymous_32)
FN:251,(anonymous_33)
FN:252,(anonymous_34)
FN:271,(anonymous_35)
FN:272,(anonymous_36)
FN:274,(anonymous_37)
FN:275,(anonymous_38)
FN:277,(anonymous_39)
FN:304,(anonymous_40)
FN:306,(anonymous_41)
FN:324,(anonymous_42)
FN:334,(anonymous_43)
FN:338,(anonymous_44)
FN:339,(anonymous_45)
FN:362,(anonymous_46)
FN:387,(anonymous_47)
FN:416,(anonymous_48)
FN:421,(anonymous_49)
FN:425,(anonymous_50)
FN:432,(anonymous_51)
FN:439,(anonymous_52)
FN:444,(anonymous_53)
FN:445,(anonymous_54)
FN:445,(anonymous_55)
FN:458,(anonymous_56)
FN:463,(anonymous_57)
FN:467,(anonymous_58)
FN:474,(anonymous_59)
FN:481,(anonymous_60)
FN:486,(anonymous_61)
FN:487,(anonymous_62)
FN:487,(anonymous_63)
FN:502,(anonymous_64)
FN:518,(anonymous_65)
FN:533,(anonymous_66)
FN:536,(anonymous_67)
FN:550,(anonymous_68)
FN:560,(anonymous_69)
FN:565,(anonymous_70)
FN:579,(anonymous_71)
FN:582,(anonymous_72)
FN:606,(anonymous_73)
FN:619,(anonymous_74)
FN:620,(anonymous_75)
FN:623,(anonymous_76)
FN:629,(anonymous_77)
FN:636,(anonymous_78)
FN:654,(anonymous_79)
FN:674,(anonymous_80)
FN:679,(anonymous_81)
FN:680,(anonymous_82)
FN:684,(anonymous_83)
FN:685,(anonymous_84)
FNF:85
FNH:0
FNDA:0,getUserDisplayName
FNDA:0,ProfileScreen
FNDA:0,(anonymous_2)
FNDA:0,(anonymous_3)
FNDA:0,(anonymous_4)
FNDA:0,(anonymous_5)
FNDA:0,(anonymous_6)
FNDA:0,(anonymous_7)
FNDA:0,(anonymous_8)
FNDA:0,(anonymous_9)
FNDA:0,(anonymous_10)
FNDA:0,(anonymous_11)
FNDA:0,(anonymous_12)
FNDA:0,(anonymous_13)
FNDA:0,(anonymous_14)
FNDA:0,(anonymous_15)
FNDA:0,(anonymous_16)
FNDA:0,(anonymous_17)
FNDA:0,(anonymous_18)
FNDA:0,(anonymous_19)
FNDA:0,(anonymous_20)
FNDA:0,(anonymous_21)
FNDA:0,(anonymous_22)
FNDA:0,(anonymous_23)
FNDA:0,(anonymous_24)
FNDA:0,(anonymous_25)
FNDA:0,(anonymous_26)
FNDA:0,(anonymous_27)
FNDA:0,(anonymous_28)
FNDA:0,(anonymous_29)
FNDA:0,(anonymous_30)
FNDA:0,(anonymous_31)
FNDA:0,(anonymous_32)
FNDA:0,(anonymous_33)
FNDA:0,(anonymous_34)
FNDA:0,(anonymous_35)
FNDA:0,(anonymous_36)
FNDA:0,(anonymous_37)
FNDA:0,(anonymous_38)
FNDA:0,(anonymous_39)
FNDA:0,(anonymous_40)
FNDA:0,(anonymous_41)
FNDA:0,(anonymous_42)
FNDA:0,(anonymous_43)
FNDA:0,(anonymous_44)
FNDA:0,(anonymous_45)
FNDA:0,(anonymous_46)
FNDA:0,(anonymous_47)
FNDA:0,(anonymous_48)
FNDA:0,(anonymous_49)
FNDA:0,(anonymous_50)
FNDA:0,(anonymous_51)
FNDA:0,(anonymous_52)
FNDA:0,(anonymous_53)
FNDA:0,(anonymous_54)
FNDA:0,(anonymous_55)
FNDA:0,(anonymous_56)
FNDA:0,(anonymous_57)
FNDA:0,(anonymous_58)
FNDA:0,(anonymous_59)
FNDA:0,(anonymous_60)
FNDA:0,(anonymous_61)
FNDA:0,(anonymous_62)
FNDA:0,(anonymous_63)
FNDA:0,(anonymous_64)
FNDA:0,(anonymous_65)
FNDA:0,(anonymous_66)
FNDA:0,(anonymous_67)
FNDA:0,(anonymous_68)
FNDA:0,(anonymous_69)
FNDA:0,(anonymous_70)
FNDA:0,(anonymous_71)
FNDA:0,(anonymous_72)
FNDA:0,(anonymous_73)
FNDA:0,(anonymous_74)
FNDA:0,(anonymous_75)
FNDA:0,(anonymous_76)
FNDA:0,(anonymous_77)
FNDA:0,(anonymous_78)
FNDA:0,(anonymous_79)
FNDA:0,(anonymous_80)
FNDA:0,(anonymous_81)
FNDA:0,(anonymous_82)
FNDA:0,(anonymous_83)
FNDA:0,(anonymous_84)
DA:42,0
DA:43,0
DA:49,0
DA:52,0
DA:53,0
DA:54,0
DA:55,0
DA:58,0
DA:59,0
DA:60,0
DA:62,0
DA:63,0
DA:64,0
DA:67,0
DA:70,0
DA:74,0
DA:75,0
DA:76,0
DA:77,0
DA:78,0
DA:79,0
DA:80,0
DA:82,0
DA:83,0
DA:84,0
DA:85,0
DA:86,0
DA:87,0
DA:88,0
DA:89,0
DA:90,0
DA:91,0
DA:96,0
DA:97,0
DA:99,0
DA:100,0
DA:101,0
DA:102,0
DA:104,0
DA:105,0
DA:106,0
DA:107,0
DA:109,0
DA:112,0
DA:113,0
DA:116,0
DA:118,0
DA:119,0
DA:120,0
DA:121,0
DA:122,0
DA:124,0
DA:125,0
DA:126,0
DA:127,0
DA:129,0
DA:130,0
DA:134,0
DA:135,0
DA:137,0
DA:138,0
DA:139,0
DA:144,0
DA:145,0
DA:146,0
DA:147,0
DA:148,0
DA:149,0
DA:150,0
DA:151,0
DA:152,0
DA:153,0
DA:154,0
DA:155,0
DA:156,0
DA:159,0
DA:161,0
DA:162,0
DA:164,0
DA:168,0
DA:169,0
DA:171,0
DA:172,0
DA:173,0
DA:183,0
DA:185,0
DA:186,0
DA:188,0
DA:191,0
DA:193,0
DA:194,0
DA:195,0
DA:198,0
DA:199,0
DA:202,0
DA:203,0
DA:204,0
DA:205,0
DA:208,0
DA:209,0
DA:210,0
DA:211,0
DA:212,0
DA:213,0
DA:215,0
DA:218,0
DA:219,0
DA:220,0
DA:221,0
DA:224,0
DA:225,0
DA:226,0
DA:227,0
DA:228,0
DA:229,0
DA:233,0
DA:234,0
DA:235,0
DA:236,0
DA:237,0
DA:238,0
DA:239,0
DA:240,0
DA:241,0
DA:242,0
DA:244,0
DA:247,0
DA:248,0
DA:249,0
DA:250,0
DA:251,0
DA:252,0
DA:253,0
DA:254,0
DA:255,0
DA:256,0
DA:260,0
DA:267,0
DA:271,0
DA:272,0
DA:274,0
DA:275,0
DA:277,0
DA:278,0
DA:279,0
DA:280,0
DA:281,0
DA:282,0
DA:283,0
DA:284,0
DA:285,0
DA:286,0
DA:287,0
DA:288,0
DA:289,0
DA:290,0
DA:291,0
DA:292,0
DA:294,0
DA:297,0
DA:300,0
DA:301,0
DA:302,0
DA:304,0
DA:306,0
DA:307,0
DA:308,0
DA:309,0
DA:310,0
DA:311,0
DA:312,0
DA:313,0
DA:314,0
DA:319,0
DA:320,0
DA:324,0
DA:325,0
DA:326,0
DA:327,0
DA:329,0
DA:330,0
DA:334,0
DA:335,0
DA:338,0
DA:339,0
DA:342,0
DA:343,0
DA:350,0
DA:351,0
DA:362,0
DA:371,0
DA:387,0
DA:416,0
DA:422,0
DA:425,0
DA:432,0
DA:439,0
DA:444,0
DA:445,0
DA:458,0
DA:464,0
DA:467,0
DA:474,0
DA:481,0
DA:486,0
DA:487,0
DA:502,0
DA:518,0
DA:533,0
DA:536,0
DA:550,0
DA:560,0
DA:565,0
DA:579,0
DA:582,0
DA:606,0
DA:619,0
DA:621,0
DA:623,0
DA:629,0
DA:636,0
DA:654,0
DA:674,0
DA:679,0
DA:680,0
DA:684,0
DA:685,0
DA:691,0
LF:228
LH:0
BRDA:49,0,0,0
BRDA:49,0,1,0
BRDA:52,1,0,0
BRDA:52,1,1,0
BRDA:54,2,0,0
BRDA:54,2,1,0
BRDA:55,3,0,0
BRDA:55,3,1,0
BRDA:62,4,0,0
BRDA:62,4,1,0
BRDA:63,5,0,0
BRDA:63,5,1,0
BRDA:63,6,0,0
BRDA:63,6,1,0
BRDA:64,7,0,0
BRDA:64,7,1,0
BRDA:67,8,0,0
BRDA:67,8,1,0
BRDA:105,9,0,0
BRDA:105,9,1,0
BRDA:113,10,0,0
BRDA:113,10,1,0
BRDA:119,11,0,0
BRDA:119,11,1,0
BRDA:119,12,0,0
BRDA:119,12,1,0
BRDA:119,12,2,0
BRDA:119,12,3,0
BRDA:120,13,0,0
BRDA:120,13,1,0
BRDA:124,14,0,0
BRDA:124,14,1,0
BRDA:130,15,0,0
BRDA:130,15,1,0
BRDA:135,16,0,0
BRDA:135,16,1,0
BRDA:144,17,0,0
BRDA:144,17,1,0
BRDA:145,18,0,0
BRDA:145,18,1,0
BRDA:146,19,0,0
BRDA:146,19,1,0
BRDA:148,20,0,0
BRDA:148,20,1,0
BRDA:149,21,0,0
BRDA:149,21,1,0
BRDA:151,22,0,0
BRDA:151,22,1,0
BRDA:152,23,0,0
BRDA:152,23,1,0
BRDA:153,24,0,0
BRDA:153,24,1,0
BRDA:155,25,0,0
BRDA:155,25,1,0
BRDA:156,26,0,0
BRDA:156,26,1,0
BRDA:169,27,0,0
BRDA:169,27,1,0
BRDA:195,28,0,0
BRDA:195,28,1,0
BRDA:203,29,0,0
BRDA:203,29,1,0
BRDA:215,30,0,0
BRDA:215,30,1,0
BRDA:215,31,0,0
BRDA:215,31,1,0
BRDA:219,32,0,0
BRDA:219,32,1,0
BRDA:235,33,0,0
BRDA:235,33,1,0
BRDA:236,34,0,0
BRDA:236,34,1,0
BRDA:236,35,0,0
BRDA:236,35,1,0
BRDA:237,36,0,0
BRDA:237,36,1,0
BRDA:241,37,0,0
BRDA:241,37,1,0
BRDA:241,38,0,0
BRDA:241,38,1,0
BRDA:244,39,0,0
BRDA:244,39,1,0
BRDA:249,40,0,0
BRDA:249,40,1,0
BRDA:250,41,0,0
BRDA:250,41,1,0
BRDA:251,42,0,0
BRDA:251,42,1,0
BRDA:255,43,0,0
BRDA:255,43,1,0
BRDA:255,44,0,0
BRDA:255,44,1,0
BRDA:267,45,0,0
BRDA:267,45,1,0
BRDA:269,46,0,0
BRDA:269,46,1,0
BRDA:269,47,0,0
BRDA:269,47,1,0
BRDA:270,48,0,0
BRDA:270,48,1,0
BRDA:273,49,0,0
BRDA:273,49,1,0
BRDA:278,50,0,0
BRDA:278,50,1,0
BRDA:280,51,0,0
BRDA:280,51,1,0
BRDA:280,52,0,0
BRDA:280,52,1,0
BRDA:281,53,0,0
BRDA:281,53,1,0
BRDA:281,54,0,0
BRDA:281,54,1,0
BRDA:282,55,0,0
BRDA:282,55,1,0
BRDA:282,56,0,0
BRDA:282,56,1,0
BRDA:283,57,0,0
BRDA:283,57,1,0
BRDA:283,58,0,0
BRDA:283,58,1,0
BRDA:284,59,0,0
BRDA:284,59,1,0
BRDA:285,60,0,0
BRDA:285,60,1,0
BRDA:286,61,0,0
BRDA:286,61,1,0
BRDA:286,62,0,0
BRDA:286,62,1,0
BRDA:307,63,0,0
BRDA:307,63,1,0
BRDA:307,64,0,0
BRDA:307,64,1,0
BRDA:310,65,0,0
BRDA:310,65,1,0
BRDA:335,66,0,0
BRDA:335,66,1,0
BRDA:342,67,0,0
BRDA:342,67,1,0
BRDA:350,68,0,0
BRDA:350,68,1,0
BRDA:379,69,0,0
BRDA:379,69,1,0
BRDA:394,70,0,0
BRDA:394,70,1,0
BRDA:396,71,0,0
BRDA:396,71,1,0
BRDA:415,72,0,0
BRDA:415,72,1,0
BRDA:435,73,0,0
BRDA:435,73,1,0
BRDA:435,74,0,0
BRDA:435,74,1,0
BRDA:444,75,0,0
BRDA:444,75,1,0
BRDA:457,76,0,0
BRDA:457,76,1,0
BRDA:477,77,0,0
BRDA:477,77,1,0
BRDA:486,78,0,0
BRDA:486,78,1,0
BRDA:536,79,0,0
BRDA:536,79,1,0
BRDA:543,80,0,0
BRDA:543,80,1,0
BRDA:588,81,0,0
BRDA:588,81,1,0
BRDA:609,82,0,0
BRDA:609,82,1,0
BRDA:609,83,0,0
BRDA:609,83,1,0
BRDA:611,84,0,0
BRDA:611,84,1,0
BRDA:613,85,0,0
BRDA:613,85,1,0
BRDA:643,86,0,0
BRDA:643,86,1,0
BRDA:651,87,0,0
BRDA:651,87,1,0
BRDA:658,88,0,0
BRDA:658,88,1,0
BRF:180
BRH:0
end_of_record
TN:
SF:src/screens/ReaderScreen.tsx
FN:75,normSelectionText
FN:80,annotationHex
FN:84,ReaderScreen
FN:143,(anonymous_3)
FN:145,(anonymous_4)
FN:146,(anonymous_5)
FN:163,(anonymous_6)
FN:165,(anonymous_7)
FN:182,(anonymous_8)
FN:200,(anonymous_9)
FN:209,(anonymous_10)
FN:220,(anonymous_11)
FN:253,(anonymous_12)
FN:261,(anonymous_13)
FN:264,(anonymous_14)
FN:283,(anonymous_15)
FN:288,(anonymous_16)
FN:291,(anonymous_17)
FN:294,(anonymous_18)
FN:296,(anonymous_19)
FN:304,(anonymous_20)
FN:306,(anonymous_21)
FN:309,(anonymous_22)
FN:313,(anonymous_23)
FN:418,(anonymous_24)
FN:426,(anonymous_25)
FN:431,(anonymous_26)
FN:456,(anonymous_27)
FN:462,(anonymous_28)
FN:487,(anonymous_29)
FN:493,(anonymous_30)
FN:498,(anonymous_31)
FN:500,(anonymous_32)
FN:507,(anonymous_33)
FN:521,(anonymous_34)
FN:531,(anonymous_35)
FN:535,(anonymous_36)
FN:546,(anonymous_37)
FN:550,(anonymous_38)
FN:556,(anonymous_39)
FN:566,(anonymous_40)
FN:571,(anonymous_41)
FN:577,(anonymous_42)
FN:579,(anonymous_43)
FN:588,(anonymous_44)
FN:628,(anonymous_45)
FN:631,(anonymous_46)
FN:633,(anonymous_47)
FN:636,(anonymous_48)
FN:645,(anonymous_49)
FN:652,(anonymous_50)
FN:656,(anonymous_51)
FN:656,(anonymous_52)
FN:672,(anonymous_53)
FN:692,(anonymous_54)
FN:699,(anonymous_55)
FN:699,(anonymous_56)
FN:700,(anonymous_57)
FN:709,(anonymous_58)
FN:720,(anonymous_59)
FN:721,(anonymous_60)
FN:723,(anonymous_61)
FN:732,(anonymous_62)
FN:747,(anonymous_63)
FN:797,(anonymous_64)
FN:811,(anonymous_65)
FN:828,(anonymous_66)
FN:854,(anonymous_67)
FN:857,(anonymous_68)
FN:859,(anonymous_69)
FN:862,(anonymous_70)
FN:872,(anonymous_71)
FN:880,(anonymous_72)
FN:884,(anonymous_73)
FN:888,(anonymous_74)
FN:897,(anonymous_75)
FN:905,(anonymous_76)
FN:910,(anonymous_77)
FN:918,(anonymous_78)
FN:923,(anonymous_79)
FN:931,(anonymous_80)
FN:935,(anonymous_81)
FN:943,(anonymous_82)
FN:973,(anonymous_83)
FN:989,(anonymous_84)
FN:1006,(anonymous_85)
FN:1023,(anonymous_86)
FN:1028,(anonymous_87)
FN:1032,(anonymous_88)
FN:1036,(anonymous_89)
FN:1042,(anonymous_90)
FN:1050,(anonymous_91)
FN:1056,(anonymous_92)
FN:1065,(anonymous_93)
FN:1071,(anonymous_94)
FN:1079,(anonymous_95)
FN:1091,(anonymous_96)
FN:1106,(anonymous_97)
FN:1110,(anonymous_98)
FN:1156,(anonymous_99)
FN:1254,(anonymous_100)
FN:1262,(anonymous_101)
FN:1271,(anonymous_102)
FN:1296,(anonymous_103)
FN:1318,(anonymous_104)
FN:1319,(anonymous_105)
FN:1402,(anonymous_106)
FN:1409,(anonymous_107)
FN:1420,(anonymous_108)
FN:1459,(anonymous_109)
FN:1468,(anonymous_110)
FN:1469,(anonymous_111)
FN:1471,(anonymous_112)
FN:1480,(anonymous_113)
FN:1483,(anonymous_114)
FN:1487,(anonymous_115)
FN:1496,(anonymous_116)
FN:1501,(anonymous_117)
FN:1506,(anonymous_118)
FN:1515,(anonymous_119)
FN:1542,(anonymous_120)
FN:1544,(anonymous_121)
FN:1552,(anonymous_122)
FN:1554,(anonymous_123)
FN:1568,(anonymous_124)
FN:1604,(anonymous_125)
FN:1640,(anonymous_126)
FN:1641,(anonymous_127)
FN:1651,(anonymous_128)
FN:1655,(anonymous_129)
FN:1682,(anonymous_130)
FN:1683,(anonymous_131)
FN:1686,(anonymous_132)
FN:1697,(anonymous_133)
FN:1698,(anonymous_134)
FN:1703,(anonymous_135)
FN:1715,(anonymous_136)
FN:1716,(anonymous_137)
FN:1717,(anonymous_138)
FN:1723,(anonymous_139)
FN:1723,(anonymous_140)
FNF:141
FNH:0
FNDA:0,normSelectionText
FNDA:0,annotationHex
FNDA:0,ReaderScreen
FNDA:0,(anonymous_3)
FNDA:0,(anonymous_4)
FNDA:0,(anonymous_5)
FNDA:0,(anonymous_6)
FNDA:0,(anonymous_7)
FNDA:0,(anonymous_8)
FNDA:0,(anonymous_9)
FNDA:0,(anonymous_10)
FNDA:0,(anonymous_11)
FNDA:0,(anonymous_12)
FNDA:0,(anonymous_13)
FNDA:0,(anonymous_14)
FNDA:0,(anonymous_15)
FNDA:0,(anonymous_16)
FNDA:0,(anonymous_17)
FNDA:0,(anonymous_18)
FNDA:0,(anonymous_19)
FNDA:0,(anonymous_20)
FNDA:0,(anonymous_21)
FNDA:0,(anonymous_22)
FNDA:0,(anonymous_23)
FNDA:0,(anonymous_24)
FNDA:0,(anonymous_25)
FNDA:0,(anonymous_26)
FNDA:0,(anonymous_27)
FNDA:0,(anonymous_28)
FNDA:0,(anonymous_29)
FNDA:0,(anonymous_30)
FNDA:0,(anonymous_31)
FNDA:0,(anonymous_32)
FNDA:0,(anonymous_33)
FNDA:0,(anonymous_34)
FNDA:0,(anonymous_35)
FNDA:0,(anonymous_36)
FNDA:0,(anonymous_37)
FNDA:0,(anonymous_38)
FNDA:0,(anonymous_39)
FNDA:0,(anonymous_40)
FNDA:0,(anonymous_41)
FNDA:0,(anonymous_42)
FNDA:0,(anonymous_43)
FNDA:0,(anonymous_44)
FNDA:0,(anonymous_45)
FNDA:0,(anonymous_46)
FNDA:0,(anonymous_47)
FNDA:0,(anonymous_48)
FNDA:0,(anonymous_49)
FNDA:0,(anonymous_50)
FNDA:0,(anonymous_51)
FNDA:0,(anonymous_52)
FNDA:0,(anonymous_53)
FNDA:0,(anonymous_54)
FNDA:0,(anonymous_55)
FNDA:0,(anonymous_56)
FNDA:0,(anonymous_57)
FNDA:0,(anonymous_58)
FNDA:0,(anonymous_59)
FNDA:0,(anonymous_60)
FNDA:0,(anonymous_61)
FNDA:0,(anonymous_62)
FNDA:0,(anonymous_63)
FNDA:0,(anonymous_64)
FNDA:0,(anonymous_65)
FNDA:0,(anonymous_66)
FNDA:0,(anonymous_67)
FNDA:0,(anonymous_68)
FNDA:0,(anonymous_69)
FNDA:0,(anonymous_70)
FNDA:0,(anonymous_71)
FNDA:0,(anonymous_72)
FNDA:0,(anonymous_73)
FNDA:0,(anonymous_74)
FNDA:0,(anonymous_75)
FNDA:0,(anonymous_76)
FNDA:0,(anonymous_77)
FNDA:0,(anonymous_78)
FNDA:0,(anonymous_79)
FNDA:0,(anonymous_80)
FNDA:0,(anonymous_81)
FNDA:0,(anonymous_82)
FNDA:0,(anonymous_83)
FNDA:0,(anonymous_84)
FNDA:0,(anonymous_85)
FNDA:0,(anonymous_86)
FNDA:0,(anonymous_87)
FNDA:0,(anonymous_88)
FNDA:0,(anonymous_89)
FNDA:0,(anonymous_90)
FNDA:0,(anonymous_91)
FNDA:0,(anonymous_92)
FNDA:0,(anonymous_93)
FNDA:0,(anonymous_94)
FNDA:0,(anonymous_95)
FNDA:0,(anonymous_96)
FNDA:0,(anonymous_97)
FNDA:0,(anonymous_98)
FNDA:0,(anonymous_99)
FNDA:0,(anonymous_100)
FNDA:0,(anonymous_101)
FNDA:0,(anonymous_102)
FNDA:0,(anonymous_103)
FNDA:0,(anonymous_104)
FNDA:0,(anonymous_105)
FNDA:0,(anonymous_106)
FNDA:0,(anonymous_107)
FNDA:0,(anonymous_108)
FNDA:0,(anonymous_109)
FNDA:0,(anonymous_110)
FNDA:0,(anonymous_111)
FNDA:0,(anonymous_112)
FNDA:0,(anonymous_113)
FNDA:0,(anonymous_114)
FNDA:0,(anonymous_115)
FNDA:0,(anonymous_116)
FNDA:0,(anonymous_117)
FNDA:0,(anonymous_118)
FNDA:0,(anonymous_119)
FNDA:0,(anonymous_120)
FNDA:0,(anonymous_121)
FNDA:0,(anonymous_122)
FNDA:0,(anonymous_123)
FNDA:0,(anonymous_124)
FNDA:0,(anonymous_125)
FNDA:0,(anonymous_126)
FNDA:0,(anonymous_127)
FNDA:0,(anonymous_128)
FNDA:0,(anonymous_129)
FNDA:0,(anonymous_130)
FNDA:0,(anonymous_131)
FNDA:0,(anonymous_132)
FNDA:0,(anonymous_133)
FNDA:0,(anonymous_134)
FNDA:0,(anonymous_135)
FNDA:0,(anonymous_136)
FNDA:0,(anonymous_137)
FNDA:0,(anonymous_138)
FNDA:0,(anonymous_139)
FNDA:0,(anonymous_140)
DA:76,0
DA:81,0
DA:85,0
DA:86,0
DA:87,0
DA:88,0
DA:89,0
DA:90,0
DA:91,0
DA:92,0
DA:93,0
DA:94,0
DA:96,0
DA:97,0
DA:98,0
DA:99,0
DA:100,0
DA:101,0
DA:102,0
DA:103,0
DA:104,0
DA:105,0
DA:106,0
DA:107,0
DA:108,0
DA:109,0
DA:110,0
DA:111,0
DA:112,0
DA:113,0
DA:114,0
DA:115,0
DA:116,0
DA:117,0
DA:118,0
DA:123,0
DA:124,0
DA:141,0
DA:143,0
DA:144,0
DA:145,0
DA:146,0
DA:147,0
DA:148,0
DA:153,0
DA:154,0
DA:158,0
DA:159,0
DA:163,0
DA:164,0
DA:165,0
DA:166,0
DA:167,0
DA:168,0
DA:169,0
DA:170,0
DA:172,0
DA:173,0
DA:174,0
DA:175,0
DA:176,0
DA:179,0
DA:182,0
DA:183,0
DA:184,0
DA:185,0
DA:189,0
DA:190,0
DA:191,0
DA:194,0
DA:195,0
DA:196,0
DA:197,0
DA:198,0
DA:199,0
DA:200,0
DA:201,0
DA:202,0
DA:203,0
DA:204,0
DA:205,0
DA:206,0
DA:208,0
DA:209,0
DA:211,0
DA:212,0
DA:213,0
DA:214,0
DA:215,0
DA:216,0
DA:217,0
DA:220,0
DA:222,0
DA:223,0
DA:224,0
DA:225,0
DA:226,0
DA:228,0
DA:229,0
DA:230,0
DA:231,0
DA:232,0
DA:234,0
DA:235,0
DA:236,0
DA:237,0
DA:239,0
DA:240,0
DA:241,0
DA:242,0
DA:243,0
DA:244,0
DA:247,0
DA:248,0
DA:249,0
DA:250,0
DA:253,0
DA:254,0
DA:261,0
DA:262,0
DA:264,0
DA:265,0
DA:266,0
DA:267,0
DA:268,0
DA:269,0
DA:270,0
DA:273,0
DA:277,0
DA:278,0
DA:283,0
DA:284,0
DA:285,0
DA:287,0
DA:290,0
DA:291,0
DA:296,0
DA:297,0
DA:298,0
DA:299,0
DA:300,0
DA:301,0
DA:303,0
DA:305,0
DA:306,0
DA:313,0
DA:314,0
DA:317,0
DA:318,0
DA:319,0
DA:320,0
DA:321,0
DA:325,0
DA:326,0
DA:327,0
DA:331,0
DA:332,0
DA:338,0
DA:340,0
DA:342,0
DA:344,0
DA:345,0
DA:348,0
DA:350,0
DA:351,0
DA:352,0
DA:356,0
DA:359,0
DA:361,0
DA:362,0
DA:363,0
DA:364,0
DA:365,0
DA:367,0
DA:369,0
DA:371,0
DA:372,0
DA:373,0
DA:374,0
DA:375,0
DA:377,0
DA:378,0
DA:380,0
DA:381,0
DA:384,0
DA:390,0
DA:393,0
DA:396,0
DA:397,0
DA:399,0
DA:400,0
DA:404,0
DA:406,0
DA:407,0
DA:412,0
DA:418,0
DA:419,0
DA:420,0
DA:421,0
DA:423,0
DA:426,0
DA:428,0
DA:431,0
DA:432,0
DA:433,0
DA:434,0
DA:435,0
DA:436,0
DA:437,0
DA:438,0
DA:439,0
DA:442,0
DA:444,0
DA:445,0
DA:446,0
DA:447,0
DA:450,0
DA:452,0
DA:456,0
DA:457,0
DA:458,0
DA:462,0
DA:463,0
DA:464,0
DA:465,0
DA:466,0
DA:471,0
DA:472,0
DA:474,0
DA:475,0
DA:476,0
DA:477,0
DA:482,0
DA:487,0
DA:488,0
DA:489,0
DA:490,0
DA:492,0
DA:493,0
DA:494,0
DA:498,0
DA:500,0
DA:501,0
DA:502,0
DA:503,0
DA:507,0
DA:508,0
DA:509,0
DA:510,0
DA:512,0
DA:521,0
DA:522,0
DA:523,0
DA:524,0
DA:526,0
DA:527,0
DA:531,0
DA:532,0
DA:533,0
DA:535,0
DA:536,0
DA:537,0
DA:538,0
DA:539,0
DA:546,0
DA:547,0
DA:550,0
DA:551,0
DA:552,0
DA:556,0
DA:557,0
DA:558,0
DA:560,0
DA:563,0
DA:565,0
DA:566,0
DA:567,0
DA:571,0
DA:572,0
DA:577,0
DA:578,0
DA:580,0
DA:586,0
DA:588,0
DA:589,0
DA:590,0
DA:591,0
DA:592,0
DA:594,0
DA:595,0
DA:598,0
DA:599,0
DA:601,0
DA:602,0
DA:603,0
DA:605,0
DA:606,0
DA:607,0
DA:610,0
DA:611,0
DA:612,0
DA:613,0
DA:623,0
DA:624,0
DA:625,0
DA:628,0
DA:629,0
DA:630,0
DA:632,0
DA:633,0
DA:637,0
DA:638,0
DA:640,0
DA:641,0
DA:645,0
DA:646,0
DA:647,0
DA:648,0
DA:652,0
DA:653,0
DA:654,0
DA:655,0
DA:656,0
DA:657,0
DA:658,0
DA:661,0
DA:662,0
DA:663,0
DA:664,0
DA:673,0
DA:674,0
DA:675,0
DA:676,0
DA:684,0
DA:687,0
DA:688,0
DA:692,0
DA:693,0
DA:694,0
DA:696,0
DA:697,0
DA:699,0
DA:700,0
DA:702,0
DA:704,0
DA:705,0
DA:709,0
DA:710,0
DA:711,0
DA:712,0
DA:713,0
DA:718,0
DA:719,0
DA:720,0
DA:721,0
DA:723,0
DA:725,0
DA:726,0
DA:728,0
DA:732,0
DA:733,0
DA:734,0
DA:740,0
DA:741,0
DA:742,0
DA:743,0
DA:744,0
DA:747,0
DA:748,0
DA:749,0
DA:750,0
DA:751,0
DA:754,0
DA:755,0
DA:756,0
DA:757,0
DA:758,0
DA:760,0
DA:761,0
DA:768,0
DA:776,0
DA:777,0
DA:778,0
DA:779,0
DA:781,0
DA:782,0
DA:786,0
DA:787,0
DA:790,0
DA:791,0
DA:793,0
DA:797,0
DA:798,0
DA:799,0
DA:800,0
DA:801,0
DA:803,0
DA:804,0
DA:805,0
DA:806,0
DA:809,0
DA:811,0
DA:812,0
DA:813,0
DA:814,0
DA:815,0
DA:816,0
DA:817,0
DA:818,0
DA:827,0
DA:828,0
DA:829,0
DA:832,0
DA:836,0
DA:837,0
DA:850,0
DA:851,0
DA:852,0
DA:854,0
DA:855,0
DA:856,0
DA:858,0
DA:859,0
DA:863,0
DA:864,0
DA:865,0
DA:867,0
DA:868,0
DA:872,0
DA:873,0
DA:874,0
DA:880,0
DA:884,0
DA:885,0
DA:886,0
DA:887,0
DA:888,0
DA:889,0
DA:890,0
DA:892,0
DA:893,0
DA:897,0
DA:898,0
DA:899,0
DA:900,0
DA:901,0
DA:902,0
DA:905,0
DA:906,0
DA:907,0
DA:908,0
DA:909,0
DA:910,0
DA:911,0
DA:913,0
DA:914,0
DA:915,0
DA:918,0
DA:919,0
DA:920,0
DA:921,0
DA:922,0
DA:923,0
DA:924,0
DA:926,0
DA:927,0
DA:928,0
DA:931,0
DA:932,0
DA:933,0
DA:935,0
DA:938,0
DA:939,0
DA:940,0
DA:942,0
DA:943,0
DA:944,0
DA:945,0
DA:946,0
DA:948,0
DA:950,0
DA:951,0
DA:952,0
DA:954,0
DA:955,0
DA:956,0
DA:957,0
DA:958,0
DA:959,0
DA:960,0
DA:961,0
DA:962,0
DA:964,0
DA:965,0
DA:966,0
DA:967,0
DA:969,0
DA:970,0
DA:971,0
DA:972,0
DA:973,0
DA:974,0
DA:975,0
DA:980,0
DA:983,0
DA:984,0
DA:985,0
DA:986,0
DA:987,0
DA:988,0
DA:989,0
DA:990,0
DA:991,0
DA:1004,0
DA:1005,0
DA:1006,0
DA:1007,0
DA:1009,0
DA:1012,0
DA:1014,0
DA:1018,0
DA:1019,0
DA:1023,0
DA:1024,0
DA:1025,0
DA:1028,0
DA:1029,0
DA:1032,0
DA:1033,0
DA:1036,0
DA:1037,0
DA:1038,0
DA:1042,0
DA:1043,0
DA:1044,0
DA:1045,0
DA:1051,0
DA:1052,0
DA:1056,0
DA:1057,0
DA:1058,0
DA:1059,0
DA:1060,0
DA:1062,0
DA:1063,0
DA:1065,0
DA:1066,0
DA:1072,0
DA:1077,0
DA:1079,0
DA:1081,0
DA:1082,0
DA:1083,0
DA:1086,0
DA:1087,0
DA:1088,0
DA:1091,0
DA:1092,0
DA:1093,0
DA:1094,0
DA:1095,0
DA:1097,0
DA:1098,0
DA:1099,0
DA:1101,0
DA:1102,0
DA:1103,0
DA:1106,0
DA:1107,0
DA:1110,0
DA:1111,0
DA:1112,0
DA:1113,0
DA:1114,0
DA:1116,0
DA:1125,0
DA:1128,0
DA:1130,0
DA:1131,0
DA:1132,0
DA:1133,0
DA:1135,0
DA:1137,0
DA:1142,0
DA:1156,0
DA:1162,0
DA:1163,0
DA:1164,0
DA:1166,0
DA:1174,0
DA:1175,0
DA:1176,0
DA:1179,0
DA:1180,0
DA:1181,0
DA:1182,0
DA:1183,0
DA:1184,0
DA:1185,0
DA:1190,0
DA:1191,0
DA:1195,0
DA:1196,0
DA:1197,0
DA:1198,0
DA:1199,0
DA:1200,0
DA:1201,0
DA:1204,0
DA:1206,0
DA:1207,0
DA:1208,0
DA:1209,0
DA:1210,0
DA:1212,0
DA:1215,0
DA:1216,0
DA:1218,0
DA:1219,0
DA:1220,0
DA:1221,0
DA:1223,0
DA:1224,0
DA:1225,0
DA:1226,0
DA:1228,0
DA:1229,0
DA:1232,0
DA:1233,0
DA:1241,0
DA:1242,0
DA:1245,0
DA:1253,0
DA:1255,0
DA:1256,0
DA:1259,0
DA:1260,0
DA:1262,0
DA:1263,0
DA:1264,0
DA:1265,0
DA:1267,0
DA:1271,0
DA:1272,0
DA:1274,0
DA:1275,0
DA:1276,0
DA:1277,0
DA:1281,0
DA:1282,0
DA:1283,0
DA:1285,0
DA:1296,0
DA:1300,0
DA:1307,0
DA:1308,0
DA:1309,0
DA:1310,0
DA:1317,0
DA:1318,0
DA:1319,0
DA:1322,0
DA:1402,0
DA:1403,0
DA:1409,0
DA:1410,0
DA:1411,0
DA:1412,0
DA:1413,0
DA:1419,0
DA:1421,0
DA:1422,0
DA:1423,0
DA:1426,0
DA:1427,0
DA:1429,0
DA:1431,0
DA:1432,0
DA:1433,0
DA:1437,0
DA:1459,0
DA:1460,0
DA:1468,0
DA:1469,0
DA:1470,0
DA:1471,0
DA:1472,0
DA:1473,0
DA:1474,0
DA:1475,0
DA:1476,0
DA:1477,0
DA:1479,0
DA:1480,0
DA:1481,0
DA:1483,0
DA:1487,0
DA:1488,0
DA:1489,0
DA:1490,0
DA:1491,0
DA:1492,0
DA:1496,0
DA:1497,0
DA:1501,0
DA:1502,0
DA:1503,0
DA:1504,0
DA:1505,0
DA:1506,0
DA:1507,0
DA:1508,0
DA:1510,0
DA:1511,0
DA:1512,0
DA:1515,0
DA:1519,0
DA:1520,0
DA:1523,0
DA:1528,0
DA:1529,0
DA:1533,0
DA:1534,0
DA:1535,0
DA:1537,0
DA:1542,0
DA:1544,0
DA:1552,0
DA:1554,0
DA:1569,0
DA:1570,0
DA:1571,0
DA:1605,0
DA:1606,0
DA:1607,0
DA:1640,0
DA:1642,0
DA:1646,0
DA:1652,0
DA:1653,0
DA:1655,0
DA:1682,0
DA:1684,0
DA:1686,0
DA:1698,0
DA:1703,0
DA:1715,0
DA:1716,0
DA:1717,0
DA:1723,0
DA:1731,0
LF:751
LH:0
BRDA:81,0,0,0
BRDA:81,0,1,0
BRDA:81,1,0,0
BRDA:81,1,1,0
BRDA:147,2,0,0
BRDA:147,2,1,0
BRDA:149,3,0,0
BRDA:149,3,1,0
BRDA:150,4,0,0
BRDA:150,4,1,0
BRDA:153,5,0,0
BRDA:153,5,1,0
BRDA:153,6,0,0
BRDA:153,6,1,0
BRDA:158,7,0,0
BRDA:158,7,1,0
BRDA:164,8,0,0
BRDA:164,8,1,0
BRDA:164,9,0,0
BRDA:164,9,1,0
BRDA:175,10,0,0
BRDA:175,10,1,0
BRDA:179,11,0,0
BRDA:179,11,1,0
BRDA:183,12,0,0
BRDA:183,12,1,0
BRDA:184,13,0,0
BRDA:184,13,1,0
BRDA:184,14,0,0
BRDA:184,14,1,0
BRDA:202,15,0,0
BRDA:202,15,1,0
BRDA:206,16,0,0
BRDA:206,16,1,0
BRDA:206,17,0,0
BRDA:206,17,1,0
BRDA:208,18,0,0
BRDA:208,18,1,0
BRDA:222,19,0,0
BRDA:222,19,1,0
BRDA:254,20,0,0
BRDA:254,20,1,0
BRDA:268,21,0,0
BRDA:268,21,1,0
BRDA:284,22,0,0
BRDA:284,22,1,0
BRDA:290,23,0,0
BRDA:290,23,1,0
BRDA:290,24,0,0
BRDA:290,24,1,0
BRDA:297,25,0,0
BRDA:297,25,1,0
BRDA:299,26,0,0
BRDA:299,26,1,0
BRDA:301,27,0,0
BRDA:301,27,1,0
BRDA:305,28,0,0
BRDA:305,28,1,0
BRDA:305,29,0,0
BRDA:305,29,1,0
BRDA:314,30,0,0
BRDA:314,30,1,0
BRDA:318,31,0,0
BRDA:318,31,1,0
BRDA:325,32,0,0
BRDA:325,32,1,0
BRDA:325,32,2,0
BRDA:326,33,0,0
BRDA:326,33,1,0
BRDA:326,34,0,0
BRDA:326,34,1,0
BRDA:331,35,0,0
BRDA:331,35,1,0
BRDA:331,35,2,0
BRDA:334,36,0,0
BRDA:334,36,1,0
BRDA:338,37,0,0
BRDA:338,37,1,0
BRDA:348,38,0,0
BRDA:348,38,1,0
BRDA:359,39,0,0
BRDA:359,39,1,0
BRDA:359,40,0,0
BRDA:359,40,1,0
BRDA:363,41,0,0
BRDA:363,41,1,0
BRDA:364,42,0,0
BRDA:364,42,1,0
BRDA:365,43,0,0
BRDA:365,43,1,0
BRDA:369,44,0,0
BRDA:369,44,1,0
BRDA:371,45,0,0
BRDA:371,45,1,0
BRDA:372,46,0,0
BRDA:372,46,1,0
BRDA:372,47,0,0
BRDA:372,47,1,0
BRDA:373,48,0,0
BRDA:373,48,1,0
BRDA:374,49,0,0
BRDA:374,49,1,0
BRDA:381,50,0,0
BRDA:381,50,1,0
BRDA:390,51,0,0
BRDA:390,51,1,0
BRDA:397,52,0,0
BRDA:397,52,1,0
BRDA:404,53,0,0
BRDA:404,53,1,0
BRDA:419,54,0,0
BRDA:419,54,1,0
BRDA:419,55,0,0
BRDA:419,55,1,0
BRDA:419,55,2,0
BRDA:420,56,0,0
BRDA:420,56,1,0
BRDA:423,57,0,0
BRDA:423,57,1,0
BRDA:432,58,0,0
BRDA:432,58,1,0
BRDA:435,59,0,0
BRDA:435,59,1,0
BRDA:445,60,0,0
BRDA:445,60,1,0
BRDA:457,61,0,0
BRDA:457,61,1,0
BRDA:463,62,0,0
BRDA:463,62,1,0
BRDA:464,63,0,0
BRDA:464,63,1,0
BRDA:464,64,0,0
BRDA:464,64,1,0
BRDA:475,65,0,0
BRDA:475,65,1,0
BRDA:488,66,0,0
BRDA:488,66,1,0
BRDA:489,67,0,0
BRDA:489,67,1,0
BRDA:490,68,0,0
BRDA:490,68,1,0
BRDA:490,69,0,0
BRDA:490,69,1,0
BRDA:490,69,2,0
BRDA:492,70,0,0
BRDA:492,70,1,0
BRDA:501,71,0,0
BRDA:501,71,1,0
BRDA:503,72,0,0
BRDA:503,72,1,0
BRDA:508,73,0,0
BRDA:508,73,1,0
BRDA:516,74,0,0
BRDA:516,74,1,0
BRDA:532,75,0,0
BRDA:532,75,1,0
BRDA:532,76,0,0
BRDA:532,76,1,0
BRDA:533,77,0,0
BRDA:533,77,1,0
BRDA:533,78,0,0
BRDA:533,78,1,0
BRDA:536,79,0,0
BRDA:536,79,1,0
BRDA:558,80,0,0
BRDA:558,80,1,0
BRDA:558,81,0,0
BRDA:558,81,1,0
BRDA:558,81,2,0
BRDA:563,82,0,0
BRDA:563,82,1,0
BRDA:580,83,0,0
BRDA:580,83,1,0
BRDA:580,83,2,0
BRDA:589,84,0,0
BRDA:589,84,1,0
BRDA:589,85,0,0
BRDA:589,85,1,0
BRDA:589,85,2,0
BRDA:590,86,0,0
BRDA:590,86,1,0
BRDA:594,87,0,0
BRDA:594,87,1,0
BRDA:601,88,0,0
BRDA:601,88,1,0
BRDA:605,89,0,0
BRDA:605,89,1,0
BRDA:619,90,0,0
BRDA:619,90,1,0
BRDA:632,91,0,0
BRDA:632,91,1,0
BRDA:646,92,0,0
BRDA:646,92,1,0
BRDA:653,93,0,0
BRDA:653,93,1,0
BRDA:653,94,0,0
BRDA:653,94,1,0
BRDA:663,95,0,0
BRDA:663,95,1,0
BRDA:675,96,0,0
BRDA:675,96,1,0
BRDA:693,97,0,0
BRDA:693,97,1,0
BRDA:693,98,0,0
BRDA:693,98,1,0
BRDA:699,99,0,0
BRDA:699,99,1,0
BRDA:700,100,0,0
BRDA:700,100,1,0
BRDA:710,101,0,0
BRDA:710,101,1,0
BRDA:710,102,0,0
BRDA:710,102,1,0
BRDA:710,102,2,0
BRDA:718,103,0,0
BRDA:718,103,1,0
BRDA:721,104,0,0
BRDA:721,104,1,0
BRDA:723,105,0,0
BRDA:723,105,1,0
BRDA:733,106,0,0
BRDA:733,106,1,0
BRDA:740,107,0,0
BRDA:740,107,1,0
BRDA:748,108,0,0
BRDA:748,108,1,0
BRDA:748,109,0,0
BRDA:748,109,1,0
BRDA:749,110,0,0
BRDA:749,110,1,0
BRDA:763,111,0,0
BRDA:763,111,1,0
BRDA:772,112,0,0
BRDA:772,112,1,0
BRDA:776,113,0,0
BRDA:776,113,1,0
BRDA:786,114,0,0
BRDA:786,114,1,0
BRDA:786,115,0,0
BRDA:786,115,1,0
BRDA:791,116,0,0
BRDA:791,116,1,0
BRDA:798,117,0,0
BRDA:798,117,1,0
BRDA:798,118,0,0
BRDA:798,118,1,0
BRDA:798,118,2,0
BRDA:798,118,3,0
BRDA:799,119,0,0
BRDA:799,119,1,0
BRDA:803,120,0,0
BRDA:803,120,1,0
BRDA:804,121,0,0
BRDA:804,121,1,0
BRDA:812,122,0,0
BRDA:812,122,1,0
BRDA:812,123,0,0
BRDA:812,123,1,0
BRDA:812,123,2,0
BRDA:814,124,0,0
BRDA:814,124,1,0
BRDA:817,125,0,0
BRDA:817,125,1,0
BRDA:824,126,0,0
BRDA:824,126,1,0
BRDA:825,127,0,0
BRDA:825,127,1,0
BRDA:836,128,0,0
BRDA:836,128,1,0
BRDA:846,129,0,0
[...]
FN:14,migrateUserDataIfNeeded
FNF:1
FNH:0
FNDA:0,migrateUserDataIfNeeded
DA:11,0
DA:12,0
DA:19,0
DA:20,0
DA:21,0
DA:24,0
DA:25,0
DA:26,0
DA:29,0
DA:30,0
DA:31,0
DA:34,0
DA:35,0
DA:37,0
DA:38,0
DA:51,0
DA:52,0
DA:53,0
DA:61,0
DA:62,0
DA:63,0
DA:64,0
DA:65,0
DA:66,0
DA:68,0
DA:71,0
DA:72,0
DA:74,0
LF:28
LH:0
BRDA:11,0,0,0
BRDA:11,0,1,0
BRDA:12,1,0,0
BRDA:12,1,1,0
BRDA:19,2,0,0
BRDA:19,2,1,0
BRDA:19,3,0,0
BRDA:19,3,1,0
BRDA:24,4,0,0
BRDA:24,4,1,0
BRDA:29,5,0,0
BRDA:29,5,1,0
BRDA:51,6,0,0
BRDA:51,6,1,0
BRDA:57,7,0,0
BRDA:57,7,1,0
BRDA:64,8,0,0
BRDA:64,8,1,0
BRDA:65,9,0,0
BRDA:65,9,1,0
BRDA:66,10,0,0
BRDA:66,10,1,0
BRF:22
BRH:0
end_of_record
TN:
SF:src/supabase/queries.ts
FN:40,fetchBooks
FN:54,(anonymous_1)
FN:67,(anonymous_2)
FN:95,fetchBookSubjects
FN:102,(anonymous_4)
FN:106,fetchBookLanguages
FN:107,(anonymous_6)
FN:113,(anonymous_7)
FN:116,fetchBook
FN:127,createBook
FN:138,updateBook
FN:151,fetchHighlights
FN:163,createHighlight
FN:174,deleteHighlight
FN:201,buildFlashcardQueue
FN:213,computeFlashcardStats
FN:244,fetchFlashcardQueue
FN:256,(anonymous_17)
FN:269,fetchFlashcardStats
FN:285,(anonymous_19)
FN:300,fetchFlashcardQueueAll
FN:311,(anonymous_21)
FN:324,upsertStudyWordReview
FN:378,fetchStudyWords
FN:394,setStudyWordStarred
FN:406,countStudyWordsForList
FN:418,deleteStudyWordReviewsForList
FN:424,(anonymous_27)
FN:431,deleteAllStudyWordReviews
FN:433,(anonymous_29)
FN:439,countAllStudyWords
FN:449,countAllUserHighlights
FN:458,(anonymous_32)
FN:465,fetchUserPromptState
FN:476,upsertUserPromptState
FN:501,createStudyWord
FN:514,findStudyWordsByTerm
FN:527,deleteStudyWord
FN:536,moveStudyWordToList
FN:549,fetchVocabLists
FN:560,fetchMostRecentVocabList
FN:574,createVocabList
FN:602,renameVocabList
FN:617,deleteVocabList
FN:622,touchVocabList
FN:635,fetchUserSettings
FN:655,checkIsAdmin
FN:681,upsertUserSettings
FN:695,deleteUserAccount
FN:701,translateText
FN:719,fetchUserBook
FN:731,upsertUserBook
FN:754,saveBookForLater
FN:759,setUserBookReading
FN:776,fetchUserBooksLastRead
FN:787,addUserBookHighlight
FN:794,deleteUserBookHighlight
FN:797,(anonymous_57)
FN:801,updateUserBookHighlightColor
FN:804,(anonymous_59)
FN:808,updateUserBookHighlightTranslation
FN:811,(anonymous_61)
FN:815,hasReadingHistory
FN:825,fetchHistoryBooks
FN:842,(anonymous_64)
FN:855,(anonymous_65)
FN:880,(anonymous_66)
FN:885,(anonymous_67)
FNF:68
FNH:0
FNDA:0,fetchBooks
FNDA:0,(anonymous_1)
FNDA:0,(anonymous_2)
FNDA:0,fetchBookSubjects
FNDA:0,(anonymous_4)
FNDA:0,fetchBookLanguages
FNDA:0,(anonymous_6)
FNDA:0,(anonymous_7)
FNDA:0,fetchBook
FNDA:0,createBook
FNDA:0,updateBook
FNDA:0,fetchHighlights
FNDA:0,createHighlight
FNDA:0,deleteHighlight
FNDA:0,buildFlashcardQueue
FNDA:0,computeFlashcardStats
FNDA:0,fetchFlashcardQueue
FNDA:0,(anonymous_17)
FNDA:0,fetchFlashcardStats
FNDA:0,(anonymous_19)
FNDA:0,fetchFlashcardQueueAll
FNDA:0,(anonymous_21)
FNDA:0,upsertStudyWordReview
FNDA:0,fetchStudyWords
FNDA:0,setStudyWordStarred
FNDA:0,countStudyWordsForList
FNDA:0,deleteStudyWordReviewsForList
FNDA:0,(anonymous_27)
FNDA:0,deleteAllStudyWordReviews
FNDA:0,(anonymous_29)
FNDA:0,countAllStudyWords
FNDA:0,countAllUserHighlights
FNDA:0,(anonymous_32)
FNDA:0,fetchUserPromptState
FNDA:0,upsertUserPromptState
FNDA:0,createStudyWord
FNDA:0,findStudyWordsByTerm
FNDA:0,deleteStudyWord
FNDA:0,moveStudyWordToList
FNDA:0,fetchVocabLists
FNDA:0,fetchMostRecentVocabList
FNDA:0,createVocabList
FNDA:0,renameVocabList
FNDA:0,deleteVocabList
FNDA:0,touchVocabList
FNDA:0,fetchUserSettings
FNDA:0,checkIsAdmin
FNDA:0,upsertUserSettings
FNDA:0,deleteUserAccount
FNDA:0,translateText
FNDA:0,fetchUserBook
FNDA:0,upsertUserBook
FNDA:0,saveBookForLater
FNDA:0,setUserBookReading
FNDA:0,fetchUserBooksLastRead
FNDA:0,addUserBookHighlight
FNDA:0,deleteUserBookHighlight
FNDA:0,(anonymous_57)
FNDA:0,updateUserBookHighlightColor
FNDA:0,(anonymous_59)
FNDA:0,updateUserBookHighlightTranslation
FNDA:0,(anonymous_61)
FNDA:0,hasReadingHistory
FNDA:0,fetchHistoryBooks
FNDA:0,(anonymous_64)
FNDA:0,(anonymous_65)
FNDA:0,(anonymous_66)
FNDA:0,(anonymous_67)
DA:41,0
DA:43,0
DA:44,0
DA:45,0
DA:48,0
DA:49,0
DA:50,0
DA:53,0
DA:54,0
DA:56,0
DA:57,0
DA:59,0
DA:60,0
DA:61,0
DA:65,0
DA:66,0
DA:67,0
DA:68,0
DA:69,0
DA:73,0
DA:74,0
DA:75,0
DA:79,0
DA:84,0
DA:85,0
DA:86,0
DA:89,0
DA:90,0
DA:91,0
DA:96,0
DA:97,0
DA:98,0
DA:99,0
DA:100,0
DA:102,0
DA:107,0
DA:108,0
DA:109,0
DA:110,0
DA:111,0
DA:113,0
DA:117,0
DA:123,0
DA:124,0
DA:128,0
DA:134,0
DA:135,0
DA:139,0
DA:146,0
DA:147,0
DA:152,0
DA:159,0
DA:160,0
DA:164,0
DA:170,0
DA:171,0
DA:175,0
DA:180,0
DA:202,0
DA:203,0
DA:204,0
DA:205,0
DA:206,0
DA:207,0
DA:210,0
DA:218,0
DA:219,0
DA:221,0
DA:222,0
DA:223,0
DA:224,0
DA:225,0
DA:226,0
DA:227,0
DA:228,0
DA:229,0
DA:230,0
DA:232,0
DA:233,0
DA:234,0
DA:235,0
DA:236,0
DA:238,0
DA:241,0
DA:245,0
DA:252,0
DA:253,0
DA:254,0
DA:256,0
DA:257,0
DA:262,0
DA:263,0
DA:264,0
DA:266,0
DA:273,0
DA:277,0
DA:278,0
DA:280,0
DA:281,0
DA:282,0
DA:283,0
DA:285,0
DA:286,0
DA:291,0
DA:292,0
DA:293,0
DA:294,0
DA:295,0
DA:297,0
DA:301,0
DA:307,0
DA:308,0
DA:309,0
DA:311,0
DA:312,0
DA:317,0
DA:318,0
DA:319,0
DA:321,0
DA:329,0
DA:333,0
DA:339,0
DA:340,0
DA:342,0
DA:343,0
DA:344,0
DA:345,0
DA:346,0
DA:347,0
DA:348,0
DA:349,0
DA:350,0
DA:352,0
DA:354,0
DA:356,0
DA:357,0
DA:359,0
DA:361,0
DA:364,0
DA:375,0
DA:379,0
DA:384,0
DA:385,0
DA:388,0
DA:390,0
DA:391,0
DA:395,0
DA:400,0
DA:401,0
DA:402,0
DA:407,0
DA:413,0
DA:414,0
DA:419,0
DA:424,0
DA:425,0
DA:426,0
DA:427,0
DA:432,0
DA:433,0
DA:434,0
DA:435,0
DA:436,0
DA:440,0
DA:445,0
DA:446,0
DA:450,0
DA:455,0
DA:456,0
DA:457,0
DA:458,0
DA:459,0
DA:461,0
DA:466,0
DA:472,0
DA:473,0
DA:480,0
DA:481,0
DA:494,0
DA:495,0
DA:499,3
DA:502,0
DA:510,0
DA:511,0
DA:515,0
DA:516,0
DA:517,0
DA:523,0
DA:524,0
DA:528,0
DA:533,0
DA:537,0
DA:544,0
DA:545,0
DA:550,0
DA:556,0
DA:557,0
DA:561,0
DA:570,0
DA:571,0
DA:576,0
DA:581,0
DA:582,0
DA:583,0
DA:586,0
DA:587,0
DA:598,0
DA:599,0
DA:603,0
DA:613,0
DA:614,0
DA:618,0
DA:619,0
DA:623,0
DA:631,0
DA:636,0
DA:642,0
DA:643,0
DA:647,0
DA:648,0
DA:651,0
DA:656,0
DA:658,0
DA:664,0
DA:666,0
DA:667,0
DA:668,0
DA:671,0
DA:672,0
DA:675,0
DA:676,0
DA:678,0
DA:682,0
DA:691,0
DA:692,0
DA:696,0
DA:697,0
DA:702,0
DA:706,0
DA:707,0
DA:708,0
DA:711,0
DA:712,0
DA:715,0
DA:720,0
DA:727,0
DA:728,0
DA:735,0
DA:739,0
DA:740,0
DA:741,0
DA:743,0
DA:749,0
DA:750,0
DA:755,0
DA:760,0
DA:771,0
DA:772,0
DA:779,0
DA:783,0
DA:784,0
DA:788,0
DA:789,0
DA:790,0
DA:791,0
DA:795,0
DA:796,0
DA:797,0
DA:798,0
DA:802,0
DA:803,0
DA:804,0
DA:805,0
DA:809,0
DA:810,0
DA:811,0
DA:812,0
DA:816,0
DA:821,0
DA:822,0
DA:826,0
DA:831,0
DA:832,0
DA:833,0
DA:836,0
DA:837,0
DA:838,0
DA:841,0
DA:842,0
DA:844,0
DA:845,0
DA:847,0
DA:848,0
DA:849,0
DA:853,0
DA:854,0
DA:855,0
DA:856,0
DA:857,0
DA:861,0
DA:862,0
DA:863,0
DA:867,0
DA:869,0
DA:870,0
DA:871,0
DA:875,0
DA:876,0
DA:878,0
DA:880,0
DA:881,0
DA:882,0
DA:883,0
DA:885,0
DA:886,0
DA:887,0
DA:888,0
DA:889,0
LF:318
LH:1
BRDA:44,0,0,0
BRDA:44,0,1,0
BRDA:49,1,0,0
BRDA:49,1,1,0
BRDA:53,2,0,0
BRDA:53,2,1,0
BRDA:56,3,0,0
BRDA:56,3,1,0
BRDA:56,4,0,0
BRDA:56,4,1,0
BRDA:60,5,0,0
BRDA:60,5,1,0
BRDA:66,6,0,0
BRDA:66,6,1,0
BRDA:66,7,0,0
BRDA:66,7,1,0
BRDA:66,7,2,0
BRDA:68,8,0,0
BRDA:68,8,1,0
BRDA:74,9,0,0
BRDA:74,9,1,0
BRDA:84,10,0,0
BRDA:84,10,1,0
BRDA:84,11,0,0
BRDA:84,11,1,0
BRDA:85,12,0,0
BRDA:85,12,1,0
BRDA:85,13,0,0
BRDA:85,13,1,0
BRDA:90,14,0,0
BRDA:90,14,1,0
BRDA:91,15,0,0
BRDA:91,15,1,0
BRDA:96,16,0,0
BRDA:96,16,1,0
BRDA:98,17,0,0
BRDA:98,17,1,0
BRDA:102,18,0,0
BRDA:102,18,1,0
BRDA:102,19,0,0
BRDA:102,19,1,0
BRDA:107,20,0,0
BRDA:107,20,1,0
BRDA:109,21,0,0
BRDA:109,21,1,0
BRDA:113,22,0,0
BRDA:113,22,1,0
BRDA:113,23,0,0
BRDA:113,23,1,0
BRDA:123,24,0,0
BRDA:123,24,1,0
BRDA:134,25,0,0
BRDA:134,25,1,0
BRDA:146,26,0,0
BRDA:146,26,1,0
BRDA:159,27,0,0
BRDA:159,27,1,0
BRDA:170,28,0,0
BRDA:170,28,1,0
BRDA:180,29,0,0
BRDA:180,29,1,0
BRDA:205,30,0,0
BRDA:205,30,1,0
BRDA:206,31,0,0
BRDA:206,31,1,0
BRDA:206,32,0,0
BRDA:206,32,1,0
BRDA:226,33,0,0
BRDA:226,33,1,0
BRDA:227,34,0,0
BRDA:227,34,1,0
BRDA:228,35,0,0
BRDA:228,35,1,0
BRDA:230,36,0,0
BRDA:230,36,1,0
BRDA:233,37,0,0
BRDA:233,37,1,0
BRDA:235,38,0,0
BRDA:235,38,1,0
BRDA:252,39,0,0
BRDA:252,39,1,0
BRDA:253,40,0,0
BRDA:253,40,1,0
BRDA:254,41,0,0
BRDA:254,41,1,0
BRDA:263,42,0,0
BRDA:263,42,1,0
BRDA:277,43,0,0
BRDA:277,43,1,0
BRDA:281,44,0,0
BRDA:281,44,1,0
BRDA:282,45,0,0
BRDA:282,45,1,0
BRDA:283,46,0,0
BRDA:283,46,1,0
BRDA:293,47,0,0
BRDA:293,47,1,0
BRDA:295,48,0,0
BRDA:295,48,1,0
BRDA:307,49,0,0
BRDA:307,49,1,0
BRDA:308,50,0,0
BRDA:308,50,1,0
BRDA:309,51,0,0
BRDA:309,51,1,0
BRDA:318,52,0,0
BRDA:318,52,1,0
BRDA:339,53,0,0
BRDA:339,53,1,0
BRDA:340,54,0,0
BRDA:340,54,1,0
BRDA:342,55,0,0
BRDA:342,55,1,0
BRDA:345,56,0,0
BRDA:345,56,1,0
BRDA:348,57,0,0
BRDA:348,57,1,0
BRDA:349,58,0,0
BRDA:349,58,1,0
BRDA:356,59,0,0
BRDA:356,59,1,0
BRDA:375,60,0,0
BRDA:375,60,1,0
BRDA:384,61,0,0
BRDA:384,61,1,0
BRDA:390,62,0,0
BRDA:390,62,1,0
BRDA:391,63,0,0
BRDA:391,63,1,0
BRDA:400,64,0,0
BRDA:400,64,1,0
BRDA:401,65,0,0
BRDA:401,65,1,0
BRDA:401,66,0,0
BRDA:401,66,1,0
BRDA:413,67,0,0
BRDA:413,67,1,0
BRDA:414,68,0,0
BRDA:414,68,1,0
BRDA:424,69,0,0
BRDA:424,69,1,0
BRDA:425,70,0,0
BRDA:425,70,1,0
BRDA:427,71,0,0
BRDA:427,71,1,0
BRDA:433,72,0,0
BRDA:433,72,1,0
BRDA:434,73,0,0
BRDA:434,73,1,0
BRDA:436,74,0,0
BRDA:436,74,1,0
BRDA:445,75,0,0
BRDA:445,75,1,0
BRDA:446,76,0,0
BRDA:446,76,1,0
BRDA:455,77,0,0
BRDA:455,77,1,0
BRDA:456,78,0,0
BRDA:456,78,1,0
BRDA:459,79,0,0
BRDA:459,79,1,0
BRDA:472,80,0,0
BRDA:472,80,1,0
BRDA:494,81,0,0
BRDA:494,81,1,0
BRDA:510,82,0,0
BRDA:510,82,1,0
BRDA:516,83,0,0
BRDA:516,83,1,0
BRDA:523,84,0,0
BRDA:523,84,1,0
BRDA:524,85,0,0
BRDA:524,85,1,0
BRDA:533,86,0,0
BRDA:533,86,1,0
BRDA:544,87,0,0
BRDA:544,87,1,0
BRDA:556,88,0,0
BRDA:556,88,1,0
BRDA:570,89,0,0
BRDA:570,89,1,0
BRDA:581,90,0,0
BRDA:581,90,1,0
BRDA:582,91,0,0
BRDA:582,91,1,0
BRDA:582,92,0,0
BRDA:582,92,1,0
BRDA:598,93,0,0
BRDA:598,93,1,0
BRDA:613,94,0,0
BRDA:613,94,1,0
BRDA:619,95,0,0
BRDA:619,95,1,0
BRDA:631,96,0,0
BRDA:631,96,1,0
BRDA:642,97,0,0
BRDA:642,97,1,0
BRDA:642,98,0,0
BRDA:642,98,1,0
BRDA:643,99,0,0
BRDA:643,99,1,0
BRDA:666,100,0,0
BRDA:666,100,1,0
BRDA:666,101,0,0
BRDA:666,101,1,0
BRDA:671,102,0,0
BRDA:671,102,1,0
BRDA:691,103,0,0
BRDA:691,103,1,0
BRDA:697,104,0,0
BRDA:697,104,1,0
BRDA:706,105,0,0
BRDA:706,105,1,0
BRDA:708,106,0,0
BRDA:708,106,1,0
BRDA:711,107,0,0
BRDA:711,107,1,0
BRDA:727,108,0,0
BRDA:727,108,1,0
BRDA:739,109,0,0
BRDA:739,109,1,0
BRDA:740,110,0,0
BRDA:740,110,1,0
BRDA:749,111,0,0
BRDA:749,111,1,0
BRDA:771,112,0,0
BRDA:771,112,1,0
BRDA:783,113,0,0
BRDA:783,113,1,0
BRDA:784,114,0,0
BRDA:784,114,1,0
BRDA:789,115,0,0
BRDA:789,115,1,0
BRDA:796,116,0,0
BRDA:796,116,1,0
BRDA:803,117,0,0
BRDA:803,117,1,0
BRDA:804,118,0,0
BRDA:804,118,1,0
BRDA:810,119,0,0
BRDA:810,119,1,0
BRDA:811,120,0,0
BRDA:811,120,1,0
BRDA:821,121,0,0
BRDA:821,121,1,0
BRDA:822,122,0,0
BRDA:822,122,1,0
BRDA:832,123,0,0
BRDA:832,123,1,0
BRDA:837,124,0,0
BRDA:837,124,1,0
BRDA:841,125,0,0
BRDA:841,125,1,0
BRDA:844,126,0,0
BRDA:844,126,1,0
BRDA:844,127,0,0
BRDA:844,127,1,0
BRDA:848,128,0,0
BRDA:848,128,1,0
BRDA:854,129,0,0
BRDA:854,129,1,0
BRDA:854,130,0,0
BRDA:854,130,1,0
BRDA:854,130,2,0
BRDA:856,131,0,0
BRDA:856,131,1,0
BRDA:862,132,0,0
BRDA:862,132,1,0
BRDA:869,133,0,0
BRDA:869,133,1,0
BRDA:869,134,0,0
BRDA:869,134,1,0
BRDA:870,135,0,0
BRDA:870,135,1,0
BRDA:870,136,0,0
BRDA:870,136,1,0
BRDA:876,137,0,0
BRDA:876,137,1,0
BRDA:878,138,0,0
BRDA:878,138,1,0
BRDA:881,139,0,0
BRDA:881,139,1,0
BRDA:882,140,0,0
BRDA:882,140,1,0
BRDA:888,141,0,0
BRDA:888,141,1,0
BRF:286
BRH:0
end_of_record
TN:
SF:src/supabase/storage.ts
FN:12,getSignedUrl
FN:33,downloadBook
FN:93,downloadExternalBook
FN:135,getLocalBookPath
FN:140,removeBookDownload
FN:155,runAutoRemoveDownloads
FN:164,(anonymous_6)
FN:189,cleanupOrphanedCache
FNF:8
FNH:0
FNDA:0,getSignedUrl
FNDA:0,downloadBook
FNDA:0,downloadExternalBook
FNDA:0,getLocalBookPath
FNDA:0,removeBookDownload
FNDA:0,runAutoRemoveDownloads
FNDA:0,(anonymous_6)
FNDA:0,cleanupOrphanedCache
DA:10,0
DA:13,0
DA:15,0
DA:19,0
DA:20,0
DA:21,0
DA:24,0
DA:25,0
DA:26,0
DA:29,0
DA:30,0
DA:34,0
DA:36,0
DA:37,0
DA:40,0
DA:41,0
DA:43,0
DA:44,0
DA:45,0
DA:46,0
DA:48,0
DA:49,0
DA:54,0
DA:55,0
DA:56,0
DA:57,0
DA:58,0
DA:62,0
DA:63,0
DA:65,0
DA:66,0
DA:68,0
DA:69,0
DA:71,0
DA:72,0
DA:74,0
DA:76,0
DA:80,0
DA:81,0
DA:83,0
DA:84,0
DA:85,0
DA:86,0
DA:89,0
DA:90,0
DA:94,0
DA:96,0
DA:98,0
DA:99,0
DA:100,0
DA:101,0
DA:102,0
DA:103,0
DA:105,0
DA:108,0
DA:109,0
DA:110,0
DA:111,0
DA:114,0
DA:115,0
DA:116,0
DA:117,0
DA:121,0
DA:124,0
DA:125,0
DA:126,0
DA:127,0
DA:128,0
DA:131,0
DA:136,0
DA:141,0
DA:142,0
DA:143,0
DA:144,0
DA:146,0
DA:147,0
DA:159,0
DA:160,0
DA:161,0
DA:162,0
DA:164,0
DA:165,0
DA:167,0
DA:168,0
DA:169,0
DA:170,0
DA:171,0
DA:172,0
DA:173,0
DA:174,0
DA:175,0
DA:176,0
DA:177,0
DA:179,0
DA:190,0
DA:191,0
DA:192,0
DA:194,0
DA:195,0
DA:198,0
DA:199,0
DA:201,0
DA:202,0
DA:204,0
DA:206,0
DA:207,0
DA:208,0
DA:209,0
DA:210,0
DA:214,0
DA:215,0
DA:218,0
LF:112
LH:0
BRDA:12,0,0,0
BRDA:19,1,0,0
BRDA:19,1,1,0
BRDA:24,2,0,0
BRDA:24,2,1,0
BRDA:41,3,0,0
BRDA:41,3,1,0
BRDA:43,4,0,0
BRDA:43,4,1,0
BRDA:44,5,0,0
BRDA:44,5,1,0
BRDA:56,6,0,0
BRDA:56,6,1,0
BRDA:68,7,0,0
BRDA:68,7,1,0
BRDA:81,8,0,0
BRDA:81,8,1,0
BRDA:83,9,0,0
BRDA:83,9,1,0
BRDA:99,10,0,0
BRDA:99,10,1,0
BRDA:100,11,0,0
BRDA:100,11,1,0
BRDA:101,12,0,0
BRDA:101,12,1,0
BRDA:110,13,0,0
BRDA:110,13,1,0
BRDA:115,14,0,0
BRDA:115,14,1,0
BRDA:125,15,0,0
BRDA:125,15,1,0
BRDA:126,16,0,0
BRDA:126,16,1,0
BRDA:159,17,0,0
BRDA:159,17,1,0
BRDA:162,18,0,0
BRDA:162,18,1,0
BRDA:169,19,0,0
BRDA:169,19,1,0
BRDA:171,20,0,0
BRDA:171,20,1,0
BRDA:172,21,0,0
BRDA:172,21,1,0
BRDA:173,22,0,0
BRDA:173,22,1,0
BRDA:194,23,0,0
BRDA:194,23,1,0
BRDA:206,24,0,0
BRDA:206,24,1,0
BRDA:214,25,0,0
BRDA:214,25,1,0
BRF:51
BRH:0
end_of_record
TN:
SF:src/theme/colors.ts
FNF:0
FNH:0
DA:6,6
LF:1
LH:1
BRF:0
BRH:0
end_of_record
TN:
SF:src/theme/index.ts
FNF:0
FNH:0
LF:0
LH:0
BRF:0
BRH:0
end_of_record
TN:
SF:src/theme/spacing.ts
FNF:0
FNH:0
DA:6,6
LF:1
LH:1
BRF:0
BRH:0
end_of_record
TN:
SF:src/theme/typography.ts
FNF:0
FNH:0
DA:8,6
LF:1
LH:1
BRF:0
BRH:0
end_of_record
TN:
SF:src/utils/epubCover.ts
FN:18,getCachedEpubUri
FN:22,stripLeadingSlash
FN:26,dirname
FN:32,resolveZipPath
FN:49,inferExt
FN:62,ensureDir
FN:68,getExistingCoverUri
FN:77,pickRootfilePath
FN:82,pickCoverHref
FN:105,extractCoverFromEpubUri
FN:142,extractEpubCover
FN:158,ensureBookCoverFromCache
FNF:12
FNH:0
FNDA:0,getCachedEpubUri
FNDA:0,stripLeadingSlash
FNDA:0,dirname
FNDA:0,resolveZipPath
FNDA:0,inferExt
FNDA:0,ensureDir
FNDA:0,getExistingCoverUri
FNDA:0,pickRootfilePath
FNDA:0,pickCoverHref
FNDA:0,extractCoverFromEpubUri
FNDA:0,extractEpubCover
FNDA:0,ensureBookCoverFromCache
DA:12,0
DA:13,0
DA:14,0
DA:19,0
DA:23,0
DA:27,0
DA:28,0
DA:29,0
DA:33,0
DA:34,0
DA:36,0
DA:37,0
DA:38,0
DA:39,0
DA:40,0
DA:41,0
DA:43,0
DA:46,0
DA:50,0
DA:51,0
DA:52,0
DA:54,0
DA:55,0
DA:56,0
DA:57,0
DA:58,0
DA:59,0
DA:63,0
DA:64,0
DA:65,0
DA:69,0
DA:70,0
DA:71,0
DA:72,0
DA:74,0
DA:78,0
DA:79,0
DA:84,0
DA:87,0
DA:88,0
DA:92,0
DA:93,0
DA:94,0
DA:96,0
DA:100,0
DA:101,0
DA:102,0
DA:106,0
DA:107,0
DA:109,0
DA:110,0
DA:112,0
DA:113,0
DA:115,0
DA:116,0
DA:117,0
DA:119,0
DA:120,0
DA:122,0
DA:123,0
DA:124,0
DA:126,0
DA:127,0
DA:128,0
DA:129,0
DA:131,0
DA:132,0
DA:133,0
DA:135,0
DA:143,0
DA:144,0
DA:146,0
DA:147,0
DA:159,0
DA:160,0
DA:161,0
DA:163,0
DA:164,0
DA:165,0
DA:167,0
DA:169,0
DA:170,0
DA:172,0
DA:173,0
DA:174,0
DA:177,0
DA:179,0
DA:180,0
LF:88
LH:0
BRDA:23,0,0,0
BRDA:23,0,1,0
BRDA:29,1,0,0
BRDA:29,1,1,0
BRDA:38,2,0,0
BRDA:38,2,1,0
BRDA:39,3,0,0
BRDA:39,3,1,0
BRDA:52,4,0,0
BRDA:52,4,1,0
BRDA:54,5,0,0
BRDA:54,5,1,0
BRDA:56,6,0,0
BRDA:56,6,1,0
BRDA:56,7,0,0
BRDA:56,7,1,0
BRDA:57,8,0,0
BRDA:57,8,1,0
BRDA:58,9,0,0
BRDA:58,9,1,0
BRDA:64,10,0,0
BRDA:64,10,1,0
BRDA:72,11,0,0
BRDA:72,11,1,0
BRDA:72,12,0,0
BRDA:72,12,1,0
BRDA:72,12,2,0
BRDA:72,13,0,0
BRDA:72,13,1,0
BRDA:79,14,0,0
BRDA:79,14,1,0
BRDA:87,15,0,0
BRDA:87,15,1,0
BRDA:88,16,0,0
BRDA:88,16,1,0
BRDA:94,17,0,0
BRDA:94,17,1,0
BRDA:101,18,0,0
BRDA:101,18,1,0
BRDA:102,19,0,0
BRDA:102,19,1,0
BRDA:107,20,0,0
BRDA:107,20,1,0
BRDA:113,21,0,0
BRDA:113,21,1,0
BRDA:117,22,0,0
BRDA:117,22,1,0
BRDA:120,23,0,0
BRDA:120,23,1,0
BRDA:124,24,0,0
BRDA:124,24,1,0
BRDA:129,25,0,0
BRDA:129,25,1,0
BRDA:131,26,0,0
BRDA:131,26,1,0
BRDA:133,27,0,0
BRDA:133,27,1,0
BRDA:161,28,0,0
BRDA:161,28,1,0
BRDA:165,29,0,0
BRDA:165,29,1,0
BRDA:173,30,0,0
BRDA:173,30,1,0
BRDA:173,31,0,0
BRDA:173,31,1,0
BRDA:173,31,2,0
BRDA:173,32,0,0
BRDA:173,32,1,0
BRF:68
BRH:0
end_of_record
TN:
SF:src/utils/flashcardSessionStorage.ts
FN:21,keyFor
FN:25,getFlashcardSession
FN:41,saveFlashcardSession
FN:50,clearFlashcardSession
FNF:4
FNH:4
FNDA:13,keyFor
FNDA:6,getFlashcardSession
FNDA:5,saveFlashcardSession
FNDA:2,clearFlashcardSession
DA:8,1
DA:9,1
DA:11,1
DA:22,13
DA:26,6
DA:27,6
DA:28,6
DA:29,4
DA:30,4
DA:31,4
DA:32,1
DA:33,1
DA:35,3
DA:37,0
DA:42,5
DA:43,5
DA:44,5
DA:51,2
DA:52,2
LF:19
LH:18
BRDA:22,0,0,13
BRDA:22,0,1,1
BRDA:27,1,0,6
BRDA:27,1,1,1
BRDA:28,2,0,2
BRDA:28,2,1,4
BRDA:31,3,0,1
BRDA:31,3,1,3
BRDA:32,4,0,1
BRDA:32,4,1,0
BRDA:42,5,0,5
BRDA:42,5,1,1
BRDA:52,6,0,2
BRDA:52,6,1,0
BRF:14
BRH:12
end_of_record
TN:
SF:src/utils/logger.ts
FN:11,(anonymous_0)
FN:33,(anonymous_1)
FN:37,(anonymous_2)
FN:41,(anonymous_3)
FN:45,(anonymous_4)
FNF:5
FNH:5
FNDA:5,(anonymous_0)
FNDA:1,(anonymous_1)
FNDA:2,(anonymous_2)
FNDA:1,(anonymous_3)
FNDA:1,(anonymous_4)
DA:9,4
DA:12,5
DA:14,5
DA:15,5
DA:17,5
DA:19,1
DA:20,1
DA:22,2
DA:23,2
DA:25,1
DA:26,1
DA:28,1
DA:29,1
DA:34,1
DA:38,2
DA:42,1
DA:46,1
DA:50,4
LF:18
LH:18
BRDA:12,0,0,0
BRDA:12,0,1,5
BRDA:17,1,0,1
BRDA:17,1,1,2
BRDA:17,1,2,1
BRDA:17,1,3,1
BRF:6
BRH:5
end_of_record
TN:
SF:src/utils/normalize.ts
FN:6,normalizeText
FN:10,validateSelectionLength
FNF:2
FNH:2
FNDA:3,normalizeText
FNDA:3,validateSelectionLength
DA:7,3
DA:11,3
DA:14,1
LF:3
LH:3
BRDA:10,0,0,0
BRF:1
BRH:0
end_of_record
TN:
SF:src/utils/passwordValidation.ts
FN:10,validatePassword
FNF:1
FNH:1
FNDA:7,validatePassword
DA:11,7
DA:13,7
DA:14,2
DA:17,7
DA:18,2
DA:21,7
DA:22,1
DA:25,7
DA:26,2
DA:29,7
DA:30,2
DA:33,7
LF:12
LH:12
BRDA:13,0,0,2
BRDA:13,0,1,5
BRDA:17,1,0,2
BRDA:17,1,1,5
BRDA:21,2,0,1
BRDA:21,2,1,6
BRDA:25,3,0,2
BRDA:25,3,1,5
BRDA:29,4,0,2
BRDA:29,4,1,5
BRF:10
BRH:10
end_of_record
TN:
SF:src/utils/readerProgressCache.ts
FN:19,keyFor
FN:24,getCachedLastCfi
FN:43,setCachedLastCfi
FN:77,setCachedLastPosition
FNF:4
FNH:4
FNDA:16,keyFor
FNDA:10,getCachedLastCfi
FNDA:4,setCachedLastCfi
FNDA:5,setCachedLastPosition
DA:20,16
DA:21,16
DA:25,10
DA:26,10
DA:27,10
DA:28,6
DA:29,6
DA:30,5
DA:32,5
DA:39,0
DA:49,4
DA:50,3
DA:51,3
DA:52,3
DA:55,3
DA:56,3
DA:58,3
DA:71,3
DA:83,5
DA:84,4
DA:85,3
DA:91,3
DA:92,3
LF:23
LH:22
BRDA:20,0,0,14
BRDA:20,0,1,2
BRDA:20,1,0,16
BRDA:20,1,1,14
BRDA:27,2,0,4
BRDA:27,2,1,6
BRDA:29,3,0,1
BRDA:29,3,1,5
BRDA:29,4,0,6
BRDA:29,4,1,6
BRDA:30,5,0,5
BRDA:30,5,1,0
BRDA:35,6,0,3
BRDA:35,6,1,2
BRDA:36,7,0,3
BRDA:36,7,1,2
BRDA:49,8,0,1
BRDA:49,8,1,3
BRDA:51,9,0,0
BRDA:51,9,1,3
BRDA:56,10,0,1
BRDA:56,10,1,2
BRDA:62,11,0,1
BRDA:62,11,1,2
BRDA:62,12,0,3
BRDA:62,12,1,1
BRDA:66,13,0,1
BRDA:66,13,1,2
BRDA:66,14,0,3
BRDA:66,14,1,1
BRDA:83,15,0,1
BRDA:83,15,1,4
BRDA:84,16,0,1
BRDA:84,16,1,3
BRDA:84,17,0,4
BRDA:84,17,1,4
BRDA:87,18,0,0
BRDA:87,18,1,3
BRDA:89,19,0,3
BRDA:89,19,1,0
BRDA:89,20,0,3
BRDA:89,20,1,3
BRF:42
BRH:38
end_of_record
TN:
SF:src/utils/readingEngagement.ts
FN:13,key
FN:22,incrementReadingSession
FN:31,addReadMinutes
FN:40,getReadingSessions
FN:45,getReadMinutes
FNF:5
FNH:5
FNDA:34,key
FNDA:9,incrementReadingSession
FNDA:7,addReadMinutes
FNDA:8,getReadingSessions
FNDA:10,getReadMinutes
DA:10,1
DA:11,1
DA:14,34
DA:23,9
DA:24,9
DA:25,9
DA:26,9
DA:27,9
DA:28,9
DA:32,7
DA:33,7
DA:34,7
DA:35,7
DA:36,7
DA:37,7
DA:41,8
DA:42,8
DA:46,10
DA:47,10
LF:19
LH:19
BRDA:24,0,0,9
BRDA:24,0,1,5
BRDA:25,1,0,9
BRDA:25,1,1,0
BRDA:33,2,0,7
BRDA:33,2,1,5
BRDA:34,3,0,7
BRDA:34,3,1,0
BRDA:41,4,0,8
BRDA:41,4,1,7
BRDA:42,5,0,8
BRDA:42,5,1,0
BRDA:46,6,0,10
BRDA:46,6,1,10
BRDA:47,7,0,10
BRDA:47,7,1,0
BRF:16
BRH:12
end_of_record
